2020-12-21 10:24:38,861 - data_util.log - INFO - log启动
2020-12-21 10:27:33,835 - data_util.log - INFO - log启动
2020-12-21 10:27:36,726 - data_util.log - INFO - 
2020-12-21 10:30:30,098 - data_util.log - INFO - 0000500.tar rouge_1:0.3047 rouge_2:0.1670 rouge_l:0.2476
2020-12-21 10:30:30,178 - data_util.log - INFO - 
2020-12-21 10:33:28,307 - data_util.log - INFO - 0001000.tar rouge_1:0.2655 rouge_2:0.1265 rouge_l:0.2099
2020-12-21 10:33:28,387 - data_util.log - INFO - 
2020-12-21 10:35:42,531 - data_util.log - INFO - 0001500.tar rouge_1:0.2835 rouge_2:0.1413 rouge_l:0.2307
2020-12-21 10:35:42,611 - data_util.log - INFO - 
2020-12-21 10:37:43,388 - data_util.log - INFO - 0002000.tar rouge_1:0.2861 rouge_2:0.1617 rouge_l:0.2474
2020-12-21 10:37:43,466 - data_util.log - INFO - 
2020-12-21 10:40:26,361 - data_util.log - INFO - 0002500.tar rouge_1:0.3009 rouge_2:0.1636 rouge_l:0.2489
2020-12-21 10:40:26,442 - data_util.log - INFO - 
2020-12-21 10:43:23,107 - data_util.log - INFO - 0003000.tar rouge_1:0.2958 rouge_2:0.1522 rouge_l:0.2402
2020-12-21 10:43:23,187 - data_util.log - INFO - 
2020-12-21 10:45:31,622 - data_util.log - INFO - 0003500.tar rouge_1:0.2878 rouge_2:0.1585 rouge_l:0.2424
2020-12-21 10:45:31,702 - data_util.log - INFO - 
2020-12-21 10:47:37,941 - data_util.log - INFO - 0004000.tar rouge_1:0.2820 rouge_2:0.1456 rouge_l:0.2337
2020-12-21 10:47:38,021 - data_util.log - INFO - 
2020-12-21 10:49:51,252 - data_util.log - INFO - 0004500.tar rouge_1:0.3002 rouge_2:0.1634 rouge_l:0.2521
2020-12-21 10:49:51,333 - data_util.log - INFO - 
2020-12-21 10:52:09,365 - data_util.log - INFO - 0005000.tar rouge_1:0.2995 rouge_2:0.1548 rouge_l:0.2477
2020-12-21 10:52:09,445 - data_util.log - INFO - 
2020-12-21 10:54:58,044 - data_util.log - INFO - 0005500.tar rouge_1:0.2797 rouge_2:0.1460 rouge_l:0.2337
2020-12-21 10:54:58,124 - data_util.log - INFO - 
2020-12-21 10:56:57,185 - data_util.log - INFO - 0006000.tar rouge_1:0.2504 rouge_2:0.1186 rouge_l:0.2024
2020-12-21 10:56:57,263 - data_util.log - INFO - 
2020-12-21 10:59:48,270 - data_util.log - INFO - 0006500.tar rouge_1:0.2975 rouge_2:0.1527 rouge_l:0.2505
2020-12-21 10:59:48,353 - data_util.log - INFO - 
2020-12-21 11:02:12,899 - data_util.log - INFO - 0007000.tar rouge_1:0.2959 rouge_2:0.1520 rouge_l:0.2360
2020-12-21 11:10:41,275 - data_util.log - INFO - log启动
2020-12-21 11:10:44,220 - data_util.log - INFO - 
2020-12-21 11:13:15,379 - data_util.log - INFO - 0007500.tar rouge_1:0.2942 rouge_2:0.1448 rouge_l:0.2421
2020-12-21 11:13:15,458 - data_util.log - INFO - 
2020-12-21 11:15:29,604 - data_util.log - INFO - 0008000.tar rouge_1:0.2950 rouge_2:0.1500 rouge_l:0.2405
2020-12-21 11:15:29,682 - data_util.log - INFO - 
2020-12-21 11:17:45,091 - data_util.log - INFO - 0008500.tar rouge_1:0.2779 rouge_2:0.1396 rouge_l:0.2251
2020-12-21 11:17:45,170 - data_util.log - INFO - 
2020-12-21 11:19:45,755 - data_util.log - INFO - 0009000.tar rouge_1:0.2495 rouge_2:0.1186 rouge_l:0.2063
2020-12-21 11:19:45,833 - data_util.log - INFO - 
2020-12-21 11:22:05,548 - data_util.log - INFO - 0009500.tar rouge_1:0.2418 rouge_2:0.1172 rouge_l:0.2026
2020-12-21 11:22:05,628 - data_util.log - INFO - 
2020-12-21 11:29:52,258 - data_util.log - INFO - log启动
2020-12-21 11:30:09,886 - data_util.log - INFO - log启动
2020-12-21 11:30:12,806 - data_util.log - INFO - 
2020-12-21 11:32:09,949 - data_util.log - INFO - merge_add1.tar rouge_1:0.3187 rouge_2:0.1972 rouge_l:0.2704
2020-12-21 11:51:43,684 - data_util.log - INFO - log启动
2020-12-21 11:51:46,571 - data_util.log - INFO - Error: Empty filelist at data_xi/chunked/valid/valid_*
2020-12-21 11:55:36,360 - data_util.log - INFO - log启动
2020-12-21 11:55:39,206 - data_util.log - INFO - Error: Empty filelist at data_xi/chunked/valid/valid_*
2020-12-21 11:58:09,611 - data_util.log - INFO - log启动
2020-12-21 11:58:12,528 - data_util.log - INFO - 
2020-12-21 11:59:58,748 - data_util.log - INFO - 0000500.tar rouge_1:0.2592 rouge_2:0.1305 rouge_l:0.2290
2020-12-21 11:59:58,842 - data_util.log - INFO - 
2020-12-21 12:01:43,375 - data_util.log - INFO - 0001000.tar rouge_1:0.2599 rouge_2:0.1215 rouge_l:0.2234
2020-12-21 12:01:43,468 - data_util.log - INFO - 
2020-12-21 12:03:38,754 - data_util.log - INFO - 0001500.tar rouge_1:0.2513 rouge_2:0.1157 rouge_l:0.2204
2020-12-21 12:03:38,849 - data_util.log - INFO - 
2020-12-21 12:05:32,832 - data_util.log - INFO - 0001600.tar rouge_1:0.2585 rouge_2:0.1233 rouge_l:0.2253
2020-12-21 12:05:32,928 - data_util.log - INFO - 
2020-12-21 12:07:22,558 - data_util.log - INFO - 0001700.tar rouge_1:0.2525 rouge_2:0.1108 rouge_l:0.2161
2020-12-21 12:07:22,652 - data_util.log - INFO - 
2020-12-21 12:09:12,663 - data_util.log - INFO - 0001800.tar rouge_1:0.2585 rouge_2:0.1233 rouge_l:0.2237
2020-12-21 12:09:12,758 - data_util.log - INFO - 
2020-12-21 12:11:02,143 - data_util.log - INFO - 0001900.tar rouge_1:0.2612 rouge_2:0.1214 rouge_l:0.2219
2020-12-21 12:11:02,239 - data_util.log - INFO - 
2020-12-21 12:12:52,919 - data_util.log - INFO - 0002000.tar rouge_1:0.2565 rouge_2:0.1181 rouge_l:0.2164
2020-12-21 12:12:53,012 - data_util.log - INFO - 
2020-12-21 12:14:48,190 - data_util.log - INFO - 0002100.tar rouge_1:0.2673 rouge_2:0.1181 rouge_l:0.2238
2020-12-21 12:14:48,286 - data_util.log - INFO - 
2020-12-21 12:16:39,240 - data_util.log - INFO - 0002200.tar rouge_1:0.2563 rouge_2:0.1133 rouge_l:0.2172
2020-12-21 12:16:39,334 - data_util.log - INFO - 
2020-12-21 12:18:30,698 - data_util.log - INFO - 0002300.tar rouge_1:0.2640 rouge_2:0.1183 rouge_l:0.2215
2020-12-21 12:18:30,792 - data_util.log - INFO - 
2020-12-21 12:20:21,550 - data_util.log - INFO - 0002400.tar rouge_1:0.2629 rouge_2:0.1221 rouge_l:0.2284
2020-12-21 12:20:21,645 - data_util.log - INFO - 
2020-12-21 12:22:13,611 - data_util.log - INFO - 0002500.tar rouge_1:0.2622 rouge_2:0.1194 rouge_l:0.2271
2020-12-21 12:22:13,707 - data_util.log - INFO - 
2020-12-21 12:24:03,424 - data_util.log - INFO - 0002600.tar rouge_1:0.2649 rouge_2:0.1231 rouge_l:0.2268
2020-12-21 14:52:11,158 - data_util.log - INFO - log启动
2020-12-21 14:52:14,061 - data_util.log - INFO - 
2020-12-21 14:54:05,291 - data_util.log - INFO - 0002700.tar rouge_1:0.2595 rouge_2:0.1209 rouge_l:0.2226
2020-12-21 14:54:05,386 - data_util.log - INFO - 
2020-12-21 14:55:52,413 - data_util.log - INFO - 0002800.tar rouge_1:0.2679 rouge_2:0.1272 rouge_l:0.2369
2020-12-21 14:55:52,509 - data_util.log - INFO - 
2020-12-21 14:57:42,793 - data_util.log - INFO - 0002900.tar rouge_1:0.2626 rouge_2:0.1234 rouge_l:0.2306
2020-12-21 14:57:42,888 - data_util.log - INFO - 
2020-12-21 14:59:30,657 - data_util.log - INFO - 0003000.tar rouge_1:0.2675 rouge_2:0.1231 rouge_l:0.2264
2020-12-21 14:59:30,752 - data_util.log - INFO - 
2020-12-21 15:01:19,088 - data_util.log - INFO - 0003100.tar rouge_1:0.2684 rouge_2:0.1250 rouge_l:0.2342
2020-12-21 15:01:19,184 - data_util.log - INFO - 
2020-12-21 15:03:06,156 - data_util.log - INFO - 0003200.tar rouge_1:0.2667 rouge_2:0.1175 rouge_l:0.2278
2020-12-21 15:03:06,251 - data_util.log - INFO - 
2020-12-21 15:04:57,920 - data_util.log - INFO - 0003300.tar rouge_1:0.2635 rouge_2:0.1164 rouge_l:0.2246
2020-12-21 15:04:58,016 - data_util.log - INFO - 
2020-12-21 15:06:48,603 - data_util.log - INFO - 0003400.tar rouge_1:0.2682 rouge_2:0.1221 rouge_l:0.2308
2020-12-21 15:06:48,699 - data_util.log - INFO - 
2020-12-21 15:08:40,499 - data_util.log - INFO - 0003500.tar rouge_1:0.2646 rouge_2:0.1153 rouge_l:0.2232
2020-12-21 15:08:40,595 - data_util.log - INFO - 
2020-12-21 15:10:32,870 - data_util.log - INFO - 0003600.tar rouge_1:0.2673 rouge_2:0.1175 rouge_l:0.2264
2020-12-21 15:10:32,965 - data_util.log - INFO - 
2020-12-21 15:12:23,185 - data_util.log - INFO - 0003700.tar rouge_1:0.2620 rouge_2:0.1163 rouge_l:0.2207
2020-12-21 15:12:23,280 - data_util.log - INFO - 
2020-12-21 15:14:14,477 - data_util.log - INFO - 0003800.tar rouge_1:0.2634 rouge_2:0.1137 rouge_l:0.2207
2020-12-21 15:14:14,572 - data_util.log - INFO - 
2020-12-21 15:16:03,788 - data_util.log - INFO - 0003900.tar rouge_1:0.2771 rouge_2:0.1242 rouge_l:0.2364
2020-12-21 15:16:03,882 - data_util.log - INFO - 
2020-12-21 15:17:52,792 - data_util.log - INFO - 0004000.tar rouge_1:0.2619 rouge_2:0.1111 rouge_l:0.2218
2020-12-21 15:33:11,092 - data_util.log - INFO - log启动
2020-12-21 15:33:14,020 - data_util.log - INFO - 
2020-12-21 15:35:18,588 - data_util.log - INFO - 0004100.tar rouge_1:0.2610 rouge_2:0.1112 rouge_l:0.2211
2020-12-21 15:35:18,684 - data_util.log - INFO - 
2020-12-21 15:37:09,806 - data_util.log - INFO - 0004200.tar rouge_1:0.2594 rouge_2:0.1134 rouge_l:0.2232
2020-12-21 15:37:09,901 - data_util.log - INFO - 
2020-12-21 15:38:58,995 - data_util.log - INFO - 0004300.tar rouge_1:0.2619 rouge_2:0.1102 rouge_l:0.2201
2020-12-21 15:38:59,092 - data_util.log - INFO - 
2020-12-21 15:40:46,366 - data_util.log - INFO - 0004400.tar rouge_1:0.2718 rouge_2:0.1241 rouge_l:0.2294
2020-12-21 15:40:46,462 - data_util.log - INFO - 
2020-12-21 15:42:33,721 - data_util.log - INFO - 0004500.tar rouge_1:0.2652 rouge_2:0.1219 rouge_l:0.2228
2020-12-21 15:42:33,817 - data_util.log - INFO - 
2020-12-21 15:44:22,454 - data_util.log - INFO - 0004600.tar rouge_1:0.2645 rouge_2:0.1170 rouge_l:0.2238
2020-12-21 15:44:22,551 - data_util.log - INFO - 
2020-12-21 15:46:12,450 - data_util.log - INFO - 0004700.tar rouge_1:0.2670 rouge_2:0.1266 rouge_l:0.2267
2020-12-21 15:46:12,546 - data_util.log - INFO - 
2020-12-21 15:48:01,213 - data_util.log - INFO - 0004800.tar rouge_1:0.2659 rouge_2:0.1196 rouge_l:0.2212
2020-12-21 15:48:01,309 - data_util.log - INFO - 
2020-12-21 15:49:49,346 - data_util.log - INFO - 0004900.tar rouge_1:0.2625 rouge_2:0.1202 rouge_l:0.2232
2020-12-21 15:49:49,442 - data_util.log - INFO - 
2020-12-21 15:51:37,362 - data_util.log - INFO - 0005000.tar rouge_1:0.2622 rouge_2:0.1164 rouge_l:0.2218
2020-12-21 15:51:37,458 - data_util.log - INFO - 
2020-12-21 15:53:24,140 - data_util.log - INFO - 0005100.tar rouge_1:0.2553 rouge_2:0.1166 rouge_l:0.2141
2020-12-21 15:53:24,235 - data_util.log - INFO - 
2020-12-21 15:55:16,316 - data_util.log - INFO - 0005200.tar rouge_1:0.2697 rouge_2:0.1201 rouge_l:0.2294
2020-12-21 15:55:16,413 - data_util.log - INFO - 
2020-12-21 15:57:06,926 - data_util.log - INFO - 0005300.tar rouge_1:0.2672 rouge_2:0.1161 rouge_l:0.2245
2020-12-21 15:57:07,021 - data_util.log - INFO - 
2020-12-21 15:58:53,840 - data_util.log - INFO - 0005400.tar rouge_1:0.2622 rouge_2:0.1149 rouge_l:0.2204
2020-12-21 16:14:50,811 - data_util.log - INFO - log启动
2020-12-21 16:14:53,895 - data_util.log - INFO - 
2020-12-21 16:16:49,261 - data_util.log - INFO - 0005500.tar rouge_1:0.2590 rouge_2:0.1170 rouge_l:0.2188
2020-12-21 16:16:49,361 - data_util.log - INFO - 
2020-12-21 16:18:43,330 - data_util.log - INFO - 0005600.tar rouge_1:0.2649 rouge_2:0.1159 rouge_l:0.2221
2020-12-21 16:18:43,427 - data_util.log - INFO - 
2020-12-21 16:20:32,926 - data_util.log - INFO - 0005700.tar rouge_1:0.2667 rouge_2:0.1202 rouge_l:0.2253
2020-12-21 16:20:33,022 - data_util.log - INFO - 
2020-12-21 16:22:26,928 - data_util.log - INFO - 0005800.tar rouge_1:0.2762 rouge_2:0.1192 rouge_l:0.2309
2020-12-21 16:22:27,024 - data_util.log - INFO - 
2020-12-21 16:24:17,003 - data_util.log - INFO - 0005900.tar rouge_1:0.2665 rouge_2:0.1183 rouge_l:0.2260
2020-12-21 16:24:17,099 - data_util.log - INFO - 
2020-12-21 16:26:04,229 - data_util.log - INFO - 0006000.tar rouge_1:0.2556 rouge_2:0.1163 rouge_l:0.2170
2020-12-21 16:26:04,323 - data_util.log - INFO - 
2020-12-21 16:27:51,888 - data_util.log - INFO - 0006100.tar rouge_1:0.2530 rouge_2:0.1122 rouge_l:0.2119
2020-12-21 16:27:51,985 - data_util.log - INFO - 
2020-12-21 16:29:44,412 - data_util.log - INFO - 0006200.tar rouge_1:0.2639 rouge_2:0.1182 rouge_l:0.2256
2020-12-21 16:29:44,509 - data_util.log - INFO - 
2020-12-21 16:31:38,431 - data_util.log - INFO - 0006300.tar rouge_1:0.2712 rouge_2:0.1249 rouge_l:0.2314
2020-12-21 16:31:38,528 - data_util.log - INFO - 
2020-12-21 16:33:33,997 - data_util.log - INFO - 0006400.tar rouge_1:0.2457 rouge_2:0.1089 rouge_l:0.2095
2020-12-21 16:33:34,093 - data_util.log - INFO - 
2020-12-21 16:35:25,996 - data_util.log - INFO - 0006500.tar rouge_1:0.2559 rouge_2:0.1114 rouge_l:0.2151
2020-12-21 17:09:48,554 - data_util.log - INFO - log启动
2020-12-21 17:09:51,470 - data_util.log - INFO - 
2020-12-21 17:11:48,058 - data_util.log - INFO - 0000500.tar rouge_1:0.5240 rouge_2:0.3549 rouge_l:0.4857
2020-12-21 17:11:48,128 - data_util.log - INFO - 
2020-12-21 17:13:44,301 - data_util.log - INFO - 0001000.tar rouge_1:0.5276 rouge_2:0.3605 rouge_l:0.4838
2020-12-21 17:13:44,370 - data_util.log - INFO - 
2020-12-21 17:15:31,943 - data_util.log - INFO - 0001100.tar rouge_1:0.5429 rouge_2:0.3760 rouge_l:0.4979
2020-12-21 17:15:32,012 - data_util.log - INFO - 
2020-12-21 17:17:19,675 - data_util.log - INFO - 0001200.tar rouge_1:0.5418 rouge_2:0.3749 rouge_l:0.4948
2020-12-21 17:17:19,746 - data_util.log - INFO - 
2020-12-21 17:19:07,877 - data_util.log - INFO - 0001300.tar rouge_1:0.5426 rouge_2:0.3759 rouge_l:0.4975
2020-12-21 17:19:07,948 - data_util.log - INFO - 
2020-12-21 17:20:53,771 - data_util.log - INFO - 0001400.tar rouge_1:0.5422 rouge_2:0.3740 rouge_l:0.4985
2020-12-21 17:20:53,841 - data_util.log - INFO - 
2020-12-21 17:22:42,217 - data_util.log - INFO - 0001500.tar rouge_1:0.5437 rouge_2:0.3811 rouge_l:0.5044
2020-12-21 17:22:42,287 - data_util.log - INFO - 
2020-12-21 17:24:28,841 - data_util.log - INFO - 0001600.tar rouge_1:0.5453 rouge_2:0.3816 rouge_l:0.5052
2020-12-21 17:24:28,911 - data_util.log - INFO - 
2020-12-21 17:26:16,320 - data_util.log - INFO - 0001700.tar rouge_1:0.5531 rouge_2:0.3820 rouge_l:0.5086
2020-12-21 17:26:16,389 - data_util.log - INFO - 
2020-12-21 17:28:38,424 - data_util.log - INFO - 0001800.tar rouge_1:0.5365 rouge_2:0.3720 rouge_l:0.4947
2020-12-21 17:28:38,495 - data_util.log - INFO - 
2020-12-21 17:30:34,530 - data_util.log - INFO - 0001900.tar rouge_1:0.5445 rouge_2:0.3759 rouge_l:0.5027
2020-12-21 17:30:34,599 - data_util.log - INFO - 
2020-12-21 17:32:27,674 - data_util.log - INFO - 0002000.tar rouge_1:0.5522 rouge_2:0.3836 rouge_l:0.5104
2020-12-21 17:32:27,743 - data_util.log - INFO - 
2020-12-21 17:34:16,989 - data_util.log - INFO - 0002100.tar rouge_1:0.5339 rouge_2:0.3699 rouge_l:0.4921
2020-12-21 17:34:17,059 - data_util.log - INFO - 
2020-12-21 17:36:06,107 - data_util.log - INFO - 0002200.tar rouge_1:0.5339 rouge_2:0.3692 rouge_l:0.4961
2020-12-21 17:36:06,176 - data_util.log - INFO - 
2020-12-21 17:37:47,831 - data_util.log - INFO - merge_add1.tar rouge_1:0.4022 rouge_2:0.2302 rouge_l:0.3572
2020-12-21 17:54:32,426 - data_util.log - INFO - log启动
2020-12-21 17:54:35,305 - data_util.log - INFO - 
2020-12-21 17:56:27,014 - data_util.log - INFO - 0002300.tar rouge_1:0.5313 rouge_2:0.3680 rouge_l:0.4898
2020-12-21 17:56:27,084 - data_util.log - INFO - 
2020-12-21 17:58:19,481 - data_util.log - INFO - 0002400.tar rouge_1:0.5375 rouge_2:0.3730 rouge_l:0.4979
2020-12-21 17:58:19,552 - data_util.log - INFO - 
2020-12-21 18:00:11,571 - data_util.log - INFO - 0002500.tar rouge_1:0.5378 rouge_2:0.3721 rouge_l:0.4999
2020-12-21 18:00:11,640 - data_util.log - INFO - 
2020-12-21 18:02:00,947 - data_util.log - INFO - 0002600.tar rouge_1:0.5257 rouge_2:0.3657 rouge_l:0.4844
2020-12-21 18:02:01,017 - data_util.log - INFO - 
2020-12-21 18:03:50,227 - data_util.log - INFO - 0002700.tar rouge_1:0.5302 rouge_2:0.3641 rouge_l:0.4897
2020-12-21 18:03:50,296 - data_util.log - INFO - 
2020-12-21 18:05:45,499 - data_util.log - INFO - 0002800.tar rouge_1:0.5407 rouge_2:0.3726 rouge_l:0.4990
2020-12-21 18:05:45,569 - data_util.log - INFO - 
2020-12-21 18:07:36,479 - data_util.log - INFO - 0002900.tar rouge_1:0.5329 rouge_2:0.3669 rouge_l:0.4964
2020-12-21 18:07:36,548 - data_util.log - INFO - 
2020-12-21 18:09:24,264 - data_util.log - INFO - 0003000.tar rouge_1:0.5322 rouge_2:0.3697 rouge_l:0.4881
2020-12-21 18:09:24,333 - data_util.log - INFO - 
2020-12-21 18:11:18,514 - data_util.log - INFO - 0003100.tar rouge_1:0.5306 rouge_2:0.3574 rouge_l:0.4897
2020-12-21 18:11:18,582 - data_util.log - INFO - 
2020-12-21 18:13:12,217 - data_util.log - INFO - 0003200.tar rouge_1:0.5368 rouge_2:0.3702 rouge_l:0.4940
2020-12-21 18:13:12,288 - data_util.log - INFO - 
2020-12-21 18:15:02,108 - data_util.log - INFO - 0003300.tar rouge_1:0.5338 rouge_2:0.3648 rouge_l:0.4983
2020-12-21 18:15:02,178 - data_util.log - INFO - 
2020-12-21 18:16:56,021 - data_util.log - INFO - 0003400.tar rouge_1:0.5410 rouge_2:0.3658 rouge_l:0.4990
2020-12-21 18:16:56,092 - data_util.log - INFO - 
2020-12-21 18:18:47,368 - data_util.log - INFO - 0003500.tar rouge_1:0.5462 rouge_2:0.3762 rouge_l:0.5032
2020-12-21 18:18:47,439 - data_util.log - INFO - 
2020-12-21 18:20:41,505 - data_util.log - INFO - 0003600.tar rouge_1:0.5466 rouge_2:0.3739 rouge_l:0.5050
2020-12-21 18:20:41,573 - data_util.log - INFO - 
2020-12-21 18:22:34,573 - data_util.log - INFO - 0003700.tar rouge_1:0.5380 rouge_2:0.3756 rouge_l:0.4986
2020-12-21 18:22:34,642 - data_util.log - INFO - 
2020-12-21 18:24:23,222 - data_util.log - INFO - 0003800.tar rouge_1:0.5173 rouge_2:0.3628 rouge_l:0.4791
2020-12-21 18:24:23,291 - data_util.log - INFO - 
2020-12-21 18:26:14,043 - data_util.log - INFO - 0003900.tar rouge_1:0.5364 rouge_2:0.3765 rouge_l:0.4984
2020-12-21 18:26:14,112 - data_util.log - INFO - 
2020-12-21 18:28:04,331 - data_util.log - INFO - 0004000.tar rouge_1:0.5370 rouge_2:0.3731 rouge_l:0.4995
2020-12-21 19:25:16,282 - data_util.log - INFO - log启动
2020-12-21 19:25:19,165 - data_util.log - INFO - 
2020-12-21 19:27:17,055 - data_util.log - INFO - 0004100.tar rouge_1:0.5399 rouge_2:0.3752 rouge_l:0.4955
2020-12-21 19:27:17,127 - data_util.log - INFO - 
2020-12-21 19:29:17,339 - data_util.log - INFO - 0004200.tar rouge_1:0.5397 rouge_2:0.3675 rouge_l:0.4957
2020-12-21 19:29:17,411 - data_util.log - INFO - 
2020-12-21 19:31:13,953 - data_util.log - INFO - 0004300.tar rouge_1:0.5439 rouge_2:0.3785 rouge_l:0.5026
2020-12-21 19:31:14,022 - data_util.log - INFO - 
2020-12-21 19:33:11,247 - data_util.log - INFO - 0004400.tar rouge_1:0.5451 rouge_2:0.3781 rouge_l:0.4992
2020-12-21 19:33:11,316 - data_util.log - INFO - 
2020-12-21 19:35:06,226 - data_util.log - INFO - 0004500.tar rouge_1:0.5361 rouge_2:0.3708 rouge_l:0.4904
2020-12-21 19:35:06,295 - data_util.log - INFO - 
2020-12-21 19:37:00,789 - data_util.log - INFO - 0004600.tar rouge_1:0.5415 rouge_2:0.3748 rouge_l:0.4960
2020-12-21 19:37:00,859 - data_util.log - INFO - 
2020-12-21 19:38:52,085 - data_util.log - INFO - 0004700.tar rouge_1:0.5412 rouge_2:0.3749 rouge_l:0.4998
2020-12-21 19:38:52,153 - data_util.log - INFO - 
2020-12-21 19:40:44,708 - data_util.log - INFO - 0004800.tar rouge_1:0.5292 rouge_2:0.3616 rouge_l:0.4880
2020-12-21 19:40:44,787 - data_util.log - INFO - 
2020-12-21 19:42:37,183 - data_util.log - INFO - 0004900.tar rouge_1:0.5497 rouge_2:0.3800 rouge_l:0.5062
2020-12-21 19:42:37,253 - data_util.log - INFO - 
2020-12-21 19:44:31,499 - data_util.log - INFO - 0005000.tar rouge_1:0.5526 rouge_2:0.3846 rouge_l:0.5099
2020-12-21 19:44:31,567 - data_util.log - INFO - 
2020-12-21 19:46:24,277 - data_util.log - INFO - 0005100.tar rouge_1:0.5396 rouge_2:0.3765 rouge_l:0.5008
2020-12-21 19:46:24,346 - data_util.log - INFO - 
2020-12-21 19:48:16,143 - data_util.log - INFO - 0005200.tar rouge_1:0.5452 rouge_2:0.3774 rouge_l:0.5034
2020-12-21 19:48:16,212 - data_util.log - INFO - 
2020-12-21 19:50:08,038 - data_util.log - INFO - 0005300.tar rouge_1:0.5515 rouge_2:0.3877 rouge_l:0.5114
2020-12-21 19:50:08,108 - data_util.log - INFO - 
2020-12-21 19:52:01,860 - data_util.log - INFO - 0005400.tar rouge_1:0.5571 rouge_2:0.3924 rouge_l:0.5183
2020-12-21 19:52:01,929 - data_util.log - INFO - 
2020-12-21 19:53:55,335 - data_util.log - INFO - 0005500.tar rouge_1:0.5462 rouge_2:0.3789 rouge_l:0.5044
2020-12-21 19:53:55,406 - data_util.log - INFO - 
2020-12-21 19:55:48,468 - data_util.log - INFO - 0005600.tar rouge_1:0.5452 rouge_2:0.3763 rouge_l:0.5003
2020-12-21 19:55:48,536 - data_util.log - INFO - 
2020-12-21 19:57:41,365 - data_util.log - INFO - 0005700.tar rouge_1:0.5443 rouge_2:0.3781 rouge_l:0.5014
2020-12-21 19:57:41,434 - data_util.log - INFO - 
2020-12-21 19:59:38,564 - data_util.log - INFO - 0005800.tar rouge_1:0.5332 rouge_2:0.3524 rouge_l:0.4862
2020-12-21 19:59:38,635 - data_util.log - INFO - 
2020-12-21 20:01:38,984 - data_util.log - INFO - 0005900.tar rouge_1:0.5170 rouge_2:0.3306 rouge_l:0.4668
2020-12-21 20:18:52,130 - data_util.log - INFO - log启动
2020-12-21 20:18:55,058 - data_util.log - INFO - 
2020-12-21 20:22:10,452 - data_util.log - INFO - 0004100.tar rouge_1:0.5353 rouge_2:0.3641 rouge_l:0.4803
2020-12-21 20:22:10,520 - data_util.log - INFO - 
2020-12-21 20:25:25,157 - data_util.log - INFO - 0004200.tar rouge_1:0.5340 rouge_2:0.3624 rouge_l:0.4863
2020-12-21 20:25:25,225 - data_util.log - INFO - 
2020-12-21 20:26:11,451 - data_util.log - INFO - log启动
2020-12-21 20:27:58,279 - data_util.log - INFO - 0004300.tar rouge_1:0.5413 rouge_2:0.3748 rouge_l:0.4941
2020-12-21 20:27:58,349 - data_util.log - INFO - 
2020-12-21 20:31:00,471 - data_util.log - INFO - 0004400.tar rouge_1:0.5403 rouge_2:0.3662 rouge_l:0.4901
2020-12-21 20:31:00,540 - data_util.log - INFO - 
2020-12-21 20:32:34,924 - data_util.log - INFO - log启动
2020-12-21 20:32:37,972 - data_util.log - INFO - 
2020-12-21 20:34:04,274 - data_util.log - INFO - 0004500.tar rouge_1:0.5287 rouge_2:0.3532 rouge_l:0.4775
2020-12-21 20:34:04,345 - data_util.log - INFO - 
2020-12-21 20:35:32,285 - data_util.log - INFO - 0005100.tar rouge_1:0.5393 rouge_2:0.3666 rouge_l:0.4889
2020-12-21 20:35:32,355 - data_util.log - INFO - 
2020-12-21 20:37:17,566 - data_util.log - INFO - 0004600.tar rouge_1:0.5321 rouge_2:0.3598 rouge_l:0.4825
2020-12-21 20:37:17,636 - data_util.log - INFO - 
2020-12-21 20:38:01,726 - data_util.log - INFO - 0005200.tar rouge_1:0.5325 rouge_2:0.3637 rouge_l:0.4826
2020-12-21 20:38:01,795 - data_util.log - INFO - 
2020-12-21 20:39:57,146 - data_util.log - INFO - 0004700.tar rouge_1:0.5272 rouge_2:0.3564 rouge_l:0.4749
2020-12-21 20:39:57,214 - data_util.log - INFO - 
2020-12-21 20:40:58,428 - data_util.log - INFO - 0005300.tar rouge_1:0.5534 rouge_2:0.3799 rouge_l:0.4964
2020-12-21 20:40:58,496 - data_util.log - INFO - 
2020-12-21 20:42:23,531 - data_util.log - INFO - 0004800.tar rouge_1:0.5359 rouge_2:0.3670 rouge_l:0.4830
2020-12-21 20:42:23,598 - data_util.log - INFO - 
2020-12-21 20:43:43,588 - data_util.log - INFO - 0005400.tar rouge_1:0.5484 rouge_2:0.3764 rouge_l:0.4991
2020-12-21 20:43:43,656 - data_util.log - INFO - 
2020-12-21 20:45:01,456 - data_util.log - INFO - 0004900.tar rouge_1:0.5329 rouge_2:0.3594 rouge_l:0.4833
2020-12-21 20:45:01,526 - data_util.log - INFO - 
2020-12-21 20:46:30,946 - data_util.log - INFO - 0005500.tar rouge_1:0.5395 rouge_2:0.3673 rouge_l:0.4903
2020-12-21 20:46:31,014 - data_util.log - INFO - 
2020-12-21 20:48:24,426 - data_util.log - INFO - 0005000.tar rouge_1:0.5454 rouge_2:0.3661 rouge_l:0.4950
2020-12-21 20:49:09,179 - data_util.log - INFO - 0005600.tar rouge_1:0.5239 rouge_2:0.3505 rouge_l:0.4701
2020-12-21 20:49:09,246 - data_util.log - INFO - 
2020-12-21 20:51:45,539 - data_util.log - INFO - 0005700.tar rouge_1:0.5337 rouge_2:0.3664 rouge_l:0.4833
2020-12-21 20:51:45,606 - data_util.log - INFO - 
2020-12-21 20:55:11,267 - data_util.log - INFO - 0005800.tar rouge_1:0.5250 rouge_2:0.3438 rouge_l:0.4747
2020-12-21 20:55:11,334 - data_util.log - INFO - 
2020-12-21 20:59:05,077 - data_util.log - INFO - 0005900.tar rouge_1:0.5209 rouge_2:0.3321 rouge_l:0.4613
2020-12-21 21:21:33,538 - data_util.log - INFO - log启动
