2020-12-18 17:28:20,108 - data_util.log - INFO - log启动
2020-12-18 17:28:41,699 - data_util.log - INFO - log启动
2020-12-18 17:29:57,450 - data_util.log - INFO - log启动
2020-12-18 17:29:59,682 - data_util.log - INFO - Bucket queue size: 0, Input queue size: 0
2020-12-18 17:31:02,293 - data_util.log - ERROR - Found batch queue thread dead. Restarting.
2020-12-18 17:31:05,201 - data_util.log - INFO - Bucket queue size: 0, Input queue size: 1998
2020-12-18 17:32:02,086 - data_util.log - INFO - iter:3050  mle_loss:0.772  reward:0.0000
2020-12-18 17:32:05,265 - data_util.log - INFO - Bucket queue size: 1000, Input queue size: 2000
2020-12-18 17:32:30,426 - data_util.log - INFO - iter:3100  mle_loss:0.753  reward:0.0000
2020-12-18 17:32:54,437 - data_util.log - INFO - iter:3150  mle_loss:0.768  reward:0.0000
2020-12-18 17:33:05,325 - data_util.log - INFO - Bucket queue size: 1000, Input queue size: 2000
2020-12-18 17:33:19,427 - data_util.log - INFO - iter:3200  mle_loss:0.700  reward:0.0000
2020-12-18 17:33:45,592 - data_util.log - INFO - iter:3250  mle_loss:0.738  reward:0.0000
2020-12-18 17:34:05,386 - data_util.log - INFO - Bucket queue size: 1000, Input queue size: 2000
2020-12-18 17:34:12,925 - data_util.log - INFO - iter:3300  mle_loss:0.922  reward:0.0000
2020-12-18 17:34:38,410 - data_util.log - INFO - iter:3350  mle_loss:0.772  reward:0.0000
2020-12-18 17:35:05,028 - data_util.log - INFO - iter:3400  mle_loss:0.777  reward:0.0000
2020-12-18 17:35:05,447 - data_util.log - INFO - Bucket queue size: 1000, Input queue size: 2000
2020-12-18 17:35:29,094 - data_util.log - INFO - iter:3450  mle_loss:0.623  reward:0.0000
2020-12-18 17:35:57,394 - data_util.log - INFO - iter:3500  mle_loss:0.739  reward:0.0000
2020-12-18 17:36:05,507 - data_util.log - INFO - Bucket queue size: 1000, Input queue size: 2000
2020-12-18 17:36:21,835 - data_util.log - INFO - iter:3550  mle_loss:0.565  reward:0.0000
2020-12-18 17:36:48,527 - data_util.log - INFO - iter:3600  mle_loss:0.544  reward:0.0000
2020-12-18 17:37:05,568 - data_util.log - INFO - Bucket queue size: 1000, Input queue size: 2000
2020-12-18 17:37:14,360 - data_util.log - INFO - iter:3650  mle_loss:0.640  reward:0.0000
2020-12-18 17:37:39,339 - data_util.log - INFO - iter:3700  mle_loss:0.497  reward:0.0000
2020-12-18 17:38:05,628 - data_util.log - INFO - Bucket queue size: 1000, Input queue size: 2000
2020-12-18 17:38:05,799 - data_util.log - INFO - iter:3750  mle_loss:0.560  reward:0.0000
2020-12-18 17:38:32,706 - data_util.log - INFO - iter:3800  mle_loss:0.663  reward:0.0000
2020-12-18 17:38:57,930 - data_util.log - INFO - iter:3850  mle_loss:0.832  reward:0.0000
2020-12-18 17:39:05,673 - data_util.log - INFO - Bucket queue size: 1000, Input queue size: 2000
2020-12-18 17:39:24,084 - data_util.log - INFO - iter:3900  mle_loss:0.692  reward:0.0000
2020-12-18 17:39:49,336 - data_util.log - INFO - iter:3950  mle_loss:0.551  reward:0.0000
2020-12-18 17:40:05,734 - data_util.log - INFO - Bucket queue size: 1000, Input queue size: 2000
2020-12-18 17:40:15,093 - data_util.log - INFO - iter:4000  mle_loss:0.540  reward:0.0000
2020-12-18 17:40:42,602 - data_util.log - INFO - iter:4050  mle_loss:0.564  reward:0.0000
2020-12-18 17:41:05,794 - data_util.log - INFO - Bucket queue size: 1000, Input queue size: 2000
2020-12-18 17:41:08,886 - data_util.log - INFO - iter:4100  mle_loss:0.384  reward:0.0000
2020-12-18 17:41:34,671 - data_util.log - INFO - iter:4150  mle_loss:0.512  reward:0.0000
2020-12-18 17:42:00,424 - data_util.log - INFO - iter:4200  mle_loss:0.460  reward:0.0000
2020-12-18 17:42:05,855 - data_util.log - INFO - Bucket queue size: 1000, Input queue size: 2000
2020-12-18 17:42:25,814 - data_util.log - INFO - iter:4250  mle_loss:0.402  reward:0.0000
2020-12-18 17:42:53,210 - data_util.log - INFO - iter:4300  mle_loss:0.426  reward:0.0000
2020-12-18 17:43:05,915 - data_util.log - INFO - Bucket queue size: 1000, Input queue size: 2000
2020-12-18 17:43:17,851 - data_util.log - INFO - iter:4350  mle_loss:0.346  reward:0.0000
2020-12-18 17:43:43,452 - data_util.log - INFO - iter:4400  mle_loss:0.439  reward:0.0000
2020-12-18 17:44:05,976 - data_util.log - INFO - Bucket queue size: 1000, Input queue size: 2000
2020-12-18 17:44:10,329 - data_util.log - INFO - iter:4450  mle_loss:0.401  reward:0.0000
2020-12-18 17:44:35,667 - data_util.log - INFO - iter:4500  mle_loss:0.358  reward:0.0000
2020-12-18 17:45:01,838 - data_util.log - INFO - iter:4550  mle_loss:0.407  reward:0.0000
2020-12-18 17:45:06,036 - data_util.log - INFO - Bucket queue size: 1000, Input queue size: 2000
2020-12-18 17:45:28,868 - data_util.log - INFO - iter:4600  mle_loss:0.472  reward:0.0000
2020-12-18 17:45:51,746 - data_util.log - INFO - iter:4650  mle_loss:0.343  reward:0.0000
2020-12-18 17:46:06,097 - data_util.log - INFO - Bucket queue size: 1000, Input queue size: 2000
2020-12-18 17:46:20,039 - data_util.log - INFO - iter:4700  mle_loss:0.434  reward:0.0000
2020-12-18 17:46:44,347 - data_util.log - INFO - iter:4750  mle_loss:0.447  reward:0.0000
2020-12-18 17:47:06,157 - data_util.log - INFO - Bucket queue size: 1000, Input queue size: 2000
2020-12-18 17:47:10,989 - data_util.log - INFO - iter:4800  mle_loss:0.383  reward:0.0000
2020-12-18 17:47:37,347 - data_util.log - INFO - iter:4850  mle_loss:0.422  reward:0.0000
2020-12-18 17:48:02,347 - data_util.log - INFO - iter:4900  mle_loss:0.379  reward:0.0000
2020-12-18 17:48:06,218 - data_util.log - INFO - Bucket queue size: 1000, Input queue size: 2000
2020-12-18 17:48:29,803 - data_util.log - INFO - iter:4950  mle_loss:0.440  reward:0.0000
2020-12-18 17:48:54,758 - data_util.log - INFO - iter:5000  mle_loss:0.361  reward:0.0000
2020-12-18 17:49:06,278 - data_util.log - INFO - Bucket queue size: 1000, Input queue size: 2000
2020-12-18 17:49:22,043 - data_util.log - INFO - iter:5050  mle_loss:0.403  reward:0.0000
2020-12-18 17:49:47,312 - data_util.log - INFO - iter:5100  mle_loss:0.432  reward:0.0000
2020-12-18 17:50:06,339 - data_util.log - INFO - Bucket queue size: 1000, Input queue size: 2000
2020-12-18 17:50:13,955 - data_util.log - INFO - iter:5150  mle_loss:0.371  reward:0.0000
2020-12-18 17:50:39,146 - data_util.log - INFO - iter:5200  mle_loss:0.297  reward:0.0000
2020-12-18 17:51:05,297 - data_util.log - INFO - iter:5250  mle_loss:0.411  reward:0.0000
2020-12-18 17:51:06,349 - data_util.log - INFO - Bucket queue size: 1000, Input queue size: 2000
2020-12-18 17:51:31,897 - data_util.log - INFO - iter:5300  mle_loss:0.349  reward:0.0000
2020-12-18 17:51:56,819 - data_util.log - INFO - iter:5350  mle_loss:0.281  reward:0.0000
2020-12-18 17:52:06,410 - data_util.log - INFO - Bucket queue size: 1000, Input queue size: 2000
2020-12-18 17:52:23,453 - data_util.log - INFO - iter:5400  mle_loss:0.281  reward:0.0000
2020-12-18 17:52:49,346 - data_util.log - INFO - iter:5450  mle_loss:0.235  reward:0.0000
2020-12-18 17:53:06,470 - data_util.log - INFO - Bucket queue size: 1000, Input queue size: 2000
2020-12-18 17:53:15,676 - data_util.log - INFO - iter:5500  mle_loss:0.241  reward:0.0000
2020-12-18 17:53:41,352 - data_util.log - INFO - iter:5550  mle_loss:0.178  reward:0.0000
2020-12-18 17:54:06,451 - data_util.log - INFO - iter:5600  mle_loss:0.210  reward:0.0000
2020-12-18 17:54:06,531 - data_util.log - INFO - Bucket queue size: 1000, Input queue size: 2000
2020-12-18 17:54:33,212 - data_util.log - INFO - iter:5650  mle_loss:0.210  reward:0.0000
2020-12-18 17:54:59,719 - data_util.log - INFO - iter:5700  mle_loss:0.161  reward:0.0000
2020-12-18 17:55:06,591 - data_util.log - INFO - Bucket queue size: 1000, Input queue size: 2000
2020-12-18 17:55:26,609 - data_util.log - INFO - iter:5750  mle_loss:0.197  reward:0.0000
2020-12-18 17:55:49,993 - data_util.log - INFO - iter:5800  mle_loss:0.276  reward:0.0000
2020-12-18 17:56:06,652 - data_util.log - INFO - Bucket queue size: 1000, Input queue size: 2000
2020-12-18 17:56:18,762 - data_util.log - INFO - iter:5850  mle_loss:0.262  reward:0.0000
2020-12-18 17:56:47,679 - data_util.log - INFO - iter:5900  mle_loss:0.223  reward:0.0000
2020-12-18 17:57:06,712 - data_util.log - INFO - Bucket queue size: 1000, Input queue size: 2000
2020-12-18 17:57:14,743 - data_util.log - INFO - iter:5950  mle_loss:0.205  reward:0.0000
2020-12-18 17:57:43,712 - data_util.log - INFO - iter:6000  mle_loss:0.209  reward:0.0000
2020-12-18 17:58:06,773 - data_util.log - INFO - Bucket queue size: 1000, Input queue size: 2000
2020-12-18 17:58:12,719 - data_util.log - INFO - iter:6050  mle_loss:0.177  reward:0.0000
2020-12-18 17:58:39,152 - data_util.log - INFO - iter:6100  mle_loss:0.208  reward:0.0000
2020-12-18 17:59:06,833 - data_util.log - INFO - Bucket queue size: 1000, Input queue size: 2000
2020-12-18 17:59:07,881 - data_util.log - INFO - iter:6150  mle_loss:0.222  reward:0.0000
2020-12-18 18:00:06,894 - data_util.log - INFO - Bucket queue size: 1000, Input queue size: 2000
2020-12-18 18:01:06,954 - data_util.log - INFO - Bucket queue size: 1000, Input queue size: 2000
2020-12-18 18:02:07,015 - data_util.log - INFO - Bucket queue size: 1000, Input queue size: 2000
2020-12-18 18:03:07,075 - data_util.log - INFO - Bucket queue size: 1000, Input queue size: 2000
2020-12-18 18:04:07,135 - data_util.log - INFO - Bucket queue size: 1000, Input queue size: 2000
2020-12-18 18:05:07,196 - data_util.log - INFO - Bucket queue size: 1000, Input queue size: 2000
2020-12-18 18:06:07,256 - data_util.log - INFO - Bucket queue size: 1000, Input queue size: 2000
2020-12-18 18:07:07,316 - data_util.log - INFO - Bucket queue size: 1000, Input queue size: 2000
2020-12-18 18:08:07,377 - data_util.log - INFO - Bucket queue size: 1000, Input queue size: 2000
2020-12-18 18:09:07,437 - data_util.log - INFO - Bucket queue size: 1000, Input queue size: 2000
2020-12-18 18:10:07,497 - data_util.log - INFO - Bucket queue size: 1000, Input queue size: 2000
2020-12-18 18:11:07,558 - data_util.log - INFO - Bucket queue size: 1000, Input queue size: 2000
2020-12-18 18:12:07,618 - data_util.log - INFO - Bucket queue size: 1000, Input queue size: 2000
2020-12-18 18:13:07,678 - data_util.log - INFO - Bucket queue size: 1000, Input queue size: 2000
2020-12-18 18:14:07,739 - data_util.log - INFO - Bucket queue size: 1000, Input queue size: 2000
2020-12-18 18:15:07,799 - data_util.log - INFO - Bucket queue size: 1000, Input queue size: 2000
2020-12-18 18:16:07,859 - data_util.log - INFO - Bucket queue size: 1000, Input queue size: 2000
2020-12-18 18:17:07,920 - data_util.log - INFO - Bucket queue size: 1000, Input queue size: 2000
2020-12-18 18:18:07,980 - data_util.log - INFO - Bucket queue size: 1000, Input queue size: 2000
2020-12-18 18:19:08,040 - data_util.log - INFO - Bucket queue size: 1000, Input queue size: 2000
2020-12-18 18:20:08,101 - data_util.log - INFO - Bucket queue size: 1000, Input queue size: 2000
2020-12-18 18:21:08,161 - data_util.log - INFO - Bucket queue size: 1000, Input queue size: 2000
2020-12-18 18:22:08,221 - data_util.log - INFO - Bucket queue size: 1000, Input queue size: 2000
2020-12-18 18:23:08,282 - data_util.log - INFO - Bucket queue size: 1000, Input queue size: 2000
2020-12-18 18:24:08,342 - data_util.log - INFO - Bucket queue size: 1000, Input queue size: 2000
2020-12-18 18:25:08,402 - data_util.log - INFO - Bucket queue size: 1000, Input queue size: 2000
2020-12-18 18:26:08,463 - data_util.log - INFO - Bucket queue size: 1000, Input queue size: 2000
2020-12-18 18:27:08,523 - data_util.log - INFO - Bucket queue size: 1000, Input queue size: 2000
2020-12-18 18:28:08,583 - data_util.log - INFO - Bucket queue size: 1000, Input queue size: 2000
2020-12-18 18:29:08,644 - data_util.log - INFO - Bucket queue size: 1000, Input queue size: 2000
2020-12-18 18:30:08,704 - data_util.log - INFO - Bucket queue size: 1000, Input queue size: 2000
2020-12-18 18:31:08,764 - data_util.log - INFO - Bucket queue size: 1000, Input queue size: 2000
2020-12-18 18:32:08,824 - data_util.log - INFO - Bucket queue size: 1000, Input queue size: 2000
2020-12-18 18:33:08,885 - data_util.log - INFO - Bucket queue size: 1000, Input queue size: 2000
2020-12-18 18:34:08,945 - data_util.log - INFO - Bucket queue size: 1000, Input queue size: 2000
2020-12-18 18:35:09,005 - data_util.log - INFO - Bucket queue size: 1000, Input queue size: 2000
2020-12-18 18:36:09,065 - data_util.log - INFO - Bucket queue size: 1000, Input queue size: 2000
2020-12-18 18:37:09,126 - data_util.log - INFO - Bucket queue size: 1000, Input queue size: 2000
2020-12-18 18:38:09,186 - data_util.log - INFO - Bucket queue size: 1000, Input queue size: 2000
2020-12-18 18:39:09,246 - data_util.log - INFO - Bucket queue size: 1000, Input queue size: 2000
2020-12-18 18:40:09,306 - data_util.log - INFO - Bucket queue size: 1000, Input queue size: 2000
2020-12-18 18:41:09,367 - data_util.log - INFO - Bucket queue size: 1000, Input queue size: 2000
2020-12-18 18:42:09,427 - data_util.log - INFO - Bucket queue size: 1000, Input queue size: 2000
2020-12-18 18:43:09,487 - data_util.log - INFO - Bucket queue size: 1000, Input queue size: 2000
2020-12-18 18:44:09,548 - data_util.log - INFO - Bucket queue size: 1000, Input queue size: 2000
2020-12-18 18:45:09,608 - data_util.log - INFO - Bucket queue size: 1000, Input queue size: 2000
2020-12-18 18:46:09,668 - data_util.log - INFO - Bucket queue size: 1000, Input queue size: 2000
2020-12-18 18:47:09,729 - data_util.log - INFO - Bucket queue size: 1000, Input queue size: 2000
2020-12-18 18:48:09,789 - data_util.log - INFO - Bucket queue size: 1000, Input queue size: 2000
2020-12-18 18:49:09,849 - data_util.log - INFO - Bucket queue size: 1000, Input queue size: 2000
2020-12-18 18:50:09,910 - data_util.log - INFO - Bucket queue size: 1000, Input queue size: 2000
2020-12-18 18:51:09,970 - data_util.log - INFO - Bucket queue size: 1000, Input queue size: 2000
2020-12-18 18:52:10,030 - data_util.log - INFO - Bucket queue size: 1000, Input queue size: 2000
2020-12-18 18:53:10,091 - data_util.log - INFO - Bucket queue size: 1000, Input queue size: 2000
2020-12-18 18:54:10,151 - data_util.log - INFO - Bucket queue size: 1000, Input queue size: 2000
2020-12-18 18:55:10,153 - data_util.log - INFO - Bucket queue size: 1000, Input queue size: 2000
2020-12-18 18:56:10,214 - data_util.log - INFO - Bucket queue size: 1000, Input queue size: 2000
2020-12-18 18:57:10,274 - data_util.log - INFO - Bucket queue size: 1000, Input queue size: 2000
2020-12-18 18:58:10,334 - data_util.log - INFO - Bucket queue size: 1000, Input queue size: 2000
2020-12-18 18:59:10,349 - data_util.log - INFO - Bucket queue size: 1000, Input queue size: 2000
2020-12-18 19:00:10,353 - data_util.log - INFO - Bucket queue size: 1000, Input queue size: 2000
2020-12-18 19:01:10,414 - data_util.log - INFO - Bucket queue size: 1000, Input queue size: 2000
2020-12-18 19:05:59,227 - data_util.log - INFO - log启动
2020-12-18 19:06:01,420 - data_util.log - INFO - Bucket queue size: 0, Input queue size: 0
2020-12-18 19:07:01,573 - data_util.log - ERROR - Found batch queue thread dead. Restarting.
2020-12-18 19:07:28,227 - data_util.log - INFO - Bucket queue size: 1, Input queue size: 1996
2020-12-18 19:08:02,842 - data_util.log - INFO - iter:5050  mle_loss:0.361  reward:0.0000
2020-12-18 19:08:31,265 - data_util.log - INFO - iter:5100  mle_loss:0.266  reward:0.0000
2020-12-18 19:08:33,924 - data_util.log - INFO - Bucket queue size: 1000, Input queue size: 2000
2020-12-18 19:08:55,264 - data_util.log - INFO - iter:5150  mle_loss:0.318  reward:0.0000
2020-12-18 19:09:33,985 - data_util.log - INFO - Bucket queue size: 1000, Input queue size: 2000
2020-12-18 19:10:34,046 - data_util.log - INFO - Bucket queue size: 1000, Input queue size: 2000
2020-12-18 19:11:34,106 - data_util.log - INFO - Bucket queue size: 1000, Input queue size: 2000
2020-12-18 19:12:34,167 - data_util.log - INFO - Bucket queue size: 1000, Input queue size: 2000
2020-12-18 19:15:17,126 - data_util.log - INFO - log启动
2020-12-18 19:20:54,005 - data_util.log - INFO - log启动
2020-12-18 19:23:07,143 - data_util.log - INFO - log启动
2020-12-18 19:26:45,291 - data_util.log - INFO - log启动
2020-12-18 19:26:48,182 - data_util.log - INFO - 
2020-12-18 19:32:36,679 - data_util.log - INFO - log启动
2020-12-18 19:32:39,533 - data_util.log - INFO - 
2020-12-18 19:34:37,762 - data_util.log - INFO - 0003000.tar rouge_1:0.2826 rouge_2:0.1450 rouge_l:0.2449
2020-12-18 19:34:37,828 - data_util.log - INFO - 
2020-12-18 19:36:22,853 - data_util.log - INFO - 0004000.tar rouge_1:0.2897 rouge_2:0.1557 rouge_l:0.2514
2020-12-18 19:36:22,919 - data_util.log - INFO - 
2020-12-18 19:37:59,292 - data_util.log - INFO - 0005000.tar rouge_1:0.2328 rouge_2:0.1305 rouge_l:0.2103
2020-12-18 19:37:59,357 - data_util.log - INFO - 
2020-12-18 19:39:44,783 - data_util.log - INFO - 0006000.tar rouge_1:0.2727 rouge_2:0.1356 rouge_l:0.2326
2020-12-18 19:46:59,343 - data_util.log - INFO - log启动
2020-12-18 19:47:01,602 - data_util.log - INFO - Bucket queue size: 0, Input queue size: 3
2020-12-18 19:48:03,593 - data_util.log - ERROR - Found batch queue thread dead. Restarting.
2020-12-18 19:48:26,504 - data_util.log - INFO - Bucket queue size: 0, Input queue size: 999
2020-12-18 19:49:31,670 - data_util.log - INFO - Bucket queue size: 1000, Input queue size: 1000
2020-12-18 19:50:31,731 - data_util.log - INFO - Bucket queue size: 1000, Input queue size: 1000
2020-12-18 19:50:36,660 - data_util.log - INFO - iter:4050  mle_loss:0.516  reward:0.8005
2020-12-18 19:51:31,791 - data_util.log - INFO - Bucket queue size: 1000, Input queue size: 1000
2020-12-18 19:52:31,852 - data_util.log - INFO - Bucket queue size: 1000, Input queue size: 1000
2020-12-18 19:52:36,568 - data_util.log - INFO - iter:4100  mle_loss:0.468  reward:0.8445
2020-12-18 19:53:31,913 - data_util.log - INFO - Bucket queue size: 1000, Input queue size: 1000
2020-12-18 19:54:31,974 - data_util.log - INFO - Bucket queue size: 1000, Input queue size: 1000
2020-12-18 19:54:40,780 - data_util.log - INFO - iter:4150  mle_loss:0.497  reward:0.8041
2020-12-18 19:55:32,035 - data_util.log - INFO - Bucket queue size: 1000, Input queue size: 1000
2020-12-18 19:56:32,095 - data_util.log - INFO - Bucket queue size: 1000, Input queue size: 1000
2020-12-18 19:56:44,270 - data_util.log - INFO - iter:4200  mle_loss:0.479  reward:0.8028
2020-12-18 19:57:32,156 - data_util.log - INFO - Bucket queue size: 1000, Input queue size: 1000
2020-12-18 19:58:32,216 - data_util.log - INFO - Bucket queue size: 1000, Input queue size: 1000
2020-12-18 19:58:47,103 - data_util.log - INFO - iter:4250  mle_loss:0.494  reward:0.7912
2020-12-18 19:59:32,277 - data_util.log - INFO - Bucket queue size: 1000, Input queue size: 1000
2020-12-18 20:00:32,338 - data_util.log - INFO - Bucket queue size: 1000, Input queue size: 1000
2020-12-18 20:00:48,715 - data_util.log - INFO - iter:4300  mle_loss:0.481  reward:0.8086
2020-12-18 20:01:32,399 - data_util.log - INFO - Bucket queue size: 1000, Input queue size: 1000
2020-12-18 20:02:32,460 - data_util.log - INFO - Bucket queue size: 1000, Input queue size: 1000
2020-12-18 20:02:49,800 - data_util.log - INFO - iter:4350  mle_loss:0.400  reward:0.8340
2020-12-18 20:03:32,520 - data_util.log - INFO - Bucket queue size: 1000, Input queue size: 1000
2020-12-18 20:04:32,581 - data_util.log - INFO - Bucket queue size: 1000, Input queue size: 1000
2020-12-18 20:04:52,504 - data_util.log - INFO - iter:4400  mle_loss:0.395  reward:0.8486
2020-12-18 20:05:32,641 - data_util.log - INFO - Bucket queue size: 1000, Input queue size: 1000
2020-12-18 20:06:32,702 - data_util.log - INFO - Bucket queue size: 1000, Input queue size: 1000
2020-12-18 20:06:58,057 - data_util.log - INFO - iter:4450  mle_loss:0.545  reward:0.8013
2020-12-18 20:07:32,763 - data_util.log - INFO - Bucket queue size: 1000, Input queue size: 1000
2020-12-18 20:08:32,824 - data_util.log - INFO - Bucket queue size: 1000, Input queue size: 1000
2020-12-18 20:08:57,888 - data_util.log - INFO - iter:4500  mle_loss:0.328  reward:0.8668
2020-12-18 20:09:32,884 - data_util.log - INFO - Bucket queue size: 1000, Input queue size: 1000
2020-12-18 20:10:32,945 - data_util.log - INFO - Bucket queue size: 1000, Input queue size: 1000
2020-12-18 20:11:01,986 - data_util.log - INFO - iter:4550  mle_loss:0.450  reward:0.8326
2020-12-18 20:11:33,006 - data_util.log - INFO - Bucket queue size: 1000, Input queue size: 1000
2020-12-18 20:12:33,067 - data_util.log - INFO - Bucket queue size: 1000, Input queue size: 1000
2020-12-18 20:13:04,634 - data_util.log - INFO - iter:4600  mle_loss:0.522  reward:0.8255
2020-12-18 20:13:33,128 - data_util.log - INFO - Bucket queue size: 1000, Input queue size: 1000
2020-12-18 20:14:33,188 - data_util.log - INFO - Bucket queue size: 1000, Input queue size: 1000
2020-12-18 20:15:06,283 - data_util.log - INFO - iter:4650  mle_loss:0.405  reward:0.8438
2020-12-18 20:15:33,249 - data_util.log - INFO - Bucket queue size: 1000, Input queue size: 1000
2020-12-18 20:16:33,310 - data_util.log - INFO - Bucket queue size: 1000, Input queue size: 1000
2020-12-18 20:17:10,013 - data_util.log - INFO - iter:4700  mle_loss:0.483  reward:0.8130
2020-12-18 20:17:33,371 - data_util.log - INFO - Bucket queue size: 1000, Input queue size: 1000
2020-12-18 20:18:33,432 - data_util.log - INFO - Bucket queue size: 1000, Input queue size: 1000
2020-12-18 20:19:11,270 - data_util.log - INFO - iter:4750  mle_loss:0.445  reward:0.8419
2020-12-18 20:19:33,492 - data_util.log - INFO - Bucket queue size: 1000, Input queue size: 1000
2020-12-18 20:20:33,553 - data_util.log - INFO - Bucket queue size: 1000, Input queue size: 1000
2020-12-18 20:21:14,322 - data_util.log - INFO - iter:4800  mle_loss:0.389  reward:0.8419
2020-12-18 20:21:33,614 - data_util.log - INFO - Bucket queue size: 1000, Input queue size: 1000
2020-12-18 20:22:33,675 - data_util.log - INFO - Bucket queue size: 1000, Input queue size: 1000
2020-12-18 20:23:18,373 - data_util.log - INFO - iter:4850  mle_loss:0.485  reward:0.8658
2020-12-18 20:23:33,736 - data_util.log - INFO - Bucket queue size: 1000, Input queue size: 1000
2020-12-18 20:24:33,802 - data_util.log - INFO - Bucket queue size: 1000, Input queue size: 1000
2020-12-18 20:25:20,992 - data_util.log - INFO - iter:4900  mle_loss:0.373  reward:0.8447
2020-12-18 20:25:33,873 - data_util.log - INFO - Bucket queue size: 1000, Input queue size: 1000
2020-12-18 20:26:33,934 - data_util.log - INFO - Bucket queue size: 1000, Input queue size: 1000
2020-12-18 20:27:26,417 - data_util.log - INFO - iter:4950  mle_loss:0.404  reward:0.8265
2020-12-18 20:27:33,994 - data_util.log - INFO - Bucket queue size: 1000, Input queue size: 1000
2020-12-18 20:28:34,055 - data_util.log - INFO - Bucket queue size: 1000, Input queue size: 1000
2020-12-18 20:29:32,083 - data_util.log - INFO - iter:5000  mle_loss:0.530  reward:0.8238
2020-12-18 20:29:34,116 - data_util.log - INFO - Bucket queue size: 1000, Input queue size: 1000
2020-12-18 20:30:34,176 - data_util.log - INFO - Bucket queue size: 1000, Input queue size: 1000
2020-12-18 20:31:34,237 - data_util.log - INFO - Bucket queue size: 1000, Input queue size: 1000
2020-12-18 20:31:35,153 - data_util.log - INFO - iter:5050  mle_loss:0.464  reward:0.8280
2020-12-18 20:32:34,281 - data_util.log - INFO - Bucket queue size: 1000, Input queue size: 1000
2020-12-18 20:33:34,322 - data_util.log - INFO - Bucket queue size: 1000, Input queue size: 1000
2020-12-18 20:33:38,499 - data_util.log - INFO - iter:5100  mle_loss:0.365  reward:0.8507
2020-12-18 20:34:34,382 - data_util.log - INFO - Bucket queue size: 1000, Input queue size: 1000
2020-12-18 20:35:34,443 - data_util.log - INFO - Bucket queue size: 1000, Input queue size: 1000
2020-12-18 20:35:42,462 - data_util.log - INFO - iter:5150  mle_loss:0.422  reward:0.8532
2020-12-18 20:36:34,504 - data_util.log - INFO - Bucket queue size: 1000, Input queue size: 1000
2020-12-18 20:37:34,565 - data_util.log - INFO - Bucket queue size: 1000, Input queue size: 1000
2020-12-18 20:37:45,841 - data_util.log - INFO - iter:5200  mle_loss:0.427  reward:0.8435
2020-12-18 20:38:34,626 - data_util.log - INFO - Bucket queue size: 1000, Input queue size: 1000
2020-12-18 20:39:34,687 - data_util.log - INFO - Bucket queue size: 1000, Input queue size: 1000
2020-12-18 20:39:52,099 - data_util.log - INFO - iter:5250  mle_loss:0.503  reward:0.8068
2020-12-18 20:40:34,747 - data_util.log - INFO - Bucket queue size: 1000, Input queue size: 1000
2020-12-18 20:41:34,808 - data_util.log - INFO - Bucket queue size: 1000, Input queue size: 1000
2020-12-18 20:41:54,633 - data_util.log - INFO - iter:5300  mle_loss:0.500  reward:0.8601
2020-12-18 20:42:34,869 - data_util.log - INFO - Bucket queue size: 1000, Input queue size: 1000
2020-12-18 20:43:34,929 - data_util.log - INFO - Bucket queue size: 1000, Input queue size: 1000
2020-12-18 20:43:59,308 - data_util.log - INFO - iter:5350  mle_loss:0.387  reward:0.8593
2020-12-18 20:44:34,990 - data_util.log - INFO - Bucket queue size: 1000, Input queue size: 1000
2020-12-18 20:45:35,051 - data_util.log - INFO - Bucket queue size: 1000, Input queue size: 1000
2020-12-18 20:46:00,211 - data_util.log - INFO - iter:5400  mle_loss:0.318  reward:0.8749
2020-12-18 20:46:35,112 - data_util.log - INFO - Bucket queue size: 1000, Input queue size: 1000
2020-12-18 20:47:35,173 - data_util.log - INFO - Bucket queue size: 1000, Input queue size: 1000
2020-12-18 20:48:05,445 - data_util.log - INFO - iter:5450  mle_loss:0.408  reward:0.8526
2020-12-18 20:48:35,234 - data_util.log - INFO - Bucket queue size: 1000, Input queue size: 1000
2020-12-18 20:49:35,270 - data_util.log - INFO - Bucket queue size: 1000, Input queue size: 1000
2020-12-18 20:50:09,439 - data_util.log - INFO - iter:5500  mle_loss:0.422  reward:0.8347
2020-12-18 20:50:35,330 - data_util.log - INFO - Bucket queue size: 1000, Input queue size: 1000
2020-12-18 20:51:35,391 - data_util.log - INFO - Bucket queue size: 1000, Input queue size: 1000
2020-12-18 20:52:12,087 - data_util.log - INFO - iter:5550  mle_loss:0.470  reward:0.8469
2020-12-18 20:52:35,452 - data_util.log - INFO - Bucket queue size: 1000, Input queue size: 1000
2020-12-18 20:53:35,512 - data_util.log - INFO - Bucket queue size: 1000, Input queue size: 1000
2020-12-18 20:54:17,613 - data_util.log - INFO - iter:5600  mle_loss:0.444  reward:0.8515
2020-12-18 20:54:35,573 - data_util.log - INFO - Bucket queue size: 1000, Input queue size: 1000
2020-12-18 20:55:35,636 - data_util.log - INFO - Bucket queue size: 1000, Input queue size: 1000
2020-12-18 20:56:35,696 - data_util.log - INFO - Bucket queue size: 1000, Input queue size: 1000
2020-12-18 20:57:35,757 - data_util.log - INFO - Bucket queue size: 1000, Input queue size: 1000
2020-12-18 20:58:35,818 - data_util.log - INFO - Bucket queue size: 1000, Input queue size: 1000
2020-12-18 20:59:35,879 - data_util.log - INFO - Bucket queue size: 1000, Input queue size: 1000
2020-12-18 21:00:35,939 - data_util.log - INFO - Bucket queue size: 1000, Input queue size: 1000
2020-12-18 21:01:36,000 - data_util.log - INFO - Bucket queue size: 1000, Input queue size: 1000
2020-12-18 21:02:36,061 - data_util.log - INFO - Bucket queue size: 1000, Input queue size: 1000
2020-12-18 21:03:36,122 - data_util.log - INFO - Bucket queue size: 1000, Input queue size: 1000
2020-12-18 21:04:36,182 - data_util.log - INFO - Bucket queue size: 1000, Input queue size: 1000
2020-12-18 21:05:36,243 - data_util.log - INFO - Bucket queue size: 1000, Input queue size: 1000
2020-12-18 21:06:36,304 - data_util.log - INFO - Bucket queue size: 1000, Input queue size: 1000
2020-12-18 21:07:36,364 - data_util.log - INFO - Bucket queue size: 1000, Input queue size: 1000
2020-12-18 21:08:36,425 - data_util.log - INFO - Bucket queue size: 1000, Input queue size: 1000
2020-12-18 21:09:36,486 - data_util.log - INFO - Bucket queue size: 1000, Input queue size: 1000
2020-12-18 21:10:36,547 - data_util.log - INFO - Bucket queue size: 1000, Input queue size: 1000
2020-12-18 21:11:36,607 - data_util.log - INFO - Bucket queue size: 1000, Input queue size: 1000
2020-12-18 21:12:36,668 - data_util.log - INFO - Bucket queue size: 1000, Input queue size: 1000
2020-12-18 21:13:36,729 - data_util.log - INFO - Bucket queue size: 1000, Input queue size: 1000
2020-12-18 21:14:36,789 - data_util.log - INFO - Bucket queue size: 1000, Input queue size: 1000
2020-12-18 21:15:36,850 - data_util.log - INFO - Bucket queue size: 1000, Input queue size: 1000
2020-12-18 21:16:36,911 - data_util.log - INFO - Bucket queue size: 1000, Input queue size: 1000
2020-12-18 21:17:36,972 - data_util.log - INFO - Bucket queue size: 1000, Input queue size: 1000
2020-12-18 21:18:37,033 - data_util.log - INFO - Bucket queue size: 1000, Input queue size: 1000
2020-12-18 21:19:37,094 - data_util.log - INFO - Bucket queue size: 1000, Input queue size: 1000
2020-12-18 21:20:37,155 - data_util.log - INFO - Bucket queue size: 1000, Input queue size: 1000
2020-12-18 21:21:37,216 - data_util.log - INFO - Bucket queue size: 1000, Input queue size: 1000
2020-12-18 21:22:37,277 - data_util.log - INFO - Bucket queue size: 1000, Input queue size: 1000
2020-12-18 21:23:37,338 - data_util.log - INFO - Bucket queue size: 1000, Input queue size: 1000
2020-12-18 21:24:37,399 - data_util.log - INFO - Bucket queue size: 1000, Input queue size: 1000
2020-12-18 21:25:37,460 - data_util.log - INFO - Bucket queue size: 1000, Input queue size: 1000
2020-12-18 21:26:37,522 - data_util.log - INFO - Bucket queue size: 1000, Input queue size: 1000
2020-12-18 21:27:37,583 - data_util.log - INFO - Bucket queue size: 1000, Input queue size: 1000
2020-12-18 21:28:37,644 - data_util.log - INFO - Bucket queue size: 1000, Input queue size: 1000
2020-12-18 21:29:37,705 - data_util.log - INFO - Bucket queue size: 1000, Input queue size: 1000
2020-12-18 21:30:37,766 - data_util.log - INFO - Bucket queue size: 1000, Input queue size: 1000
2020-12-18 21:31:37,827 - data_util.log - INFO - Bucket queue size: 1000, Input queue size: 1000
2020-12-18 21:32:37,888 - data_util.log - INFO - Bucket queue size: 1000, Input queue size: 1000
2020-12-18 21:33:37,949 - data_util.log - INFO - Bucket queue size: 1000, Input queue size: 1000
2020-12-18 21:34:38,010 - data_util.log - INFO - Bucket queue size: 1000, Input queue size: 1000
2020-12-18 21:35:38,069 - data_util.log - INFO - Bucket queue size: 1000, Input queue size: 1000
2020-12-18 21:36:38,130 - data_util.log - INFO - Bucket queue size: 1000, Input queue size: 1000
2020-12-18 21:37:38,191 - data_util.log - INFO - Bucket queue size: 1000, Input queue size: 1000
2020-12-18 21:38:38,253 - data_util.log - INFO - Bucket queue size: 1000, Input queue size: 1000
2020-12-18 21:39:38,281 - data_util.log - INFO - Bucket queue size: 1000, Input queue size: 1000
2020-12-18 21:40:38,285 - data_util.log - INFO - Bucket queue size: 1000, Input queue size: 1000
2020-12-18 21:41:38,346 - data_util.log - INFO - Bucket queue size: 1000, Input queue size: 1000
2020-12-18 21:42:38,381 - data_util.log - INFO - Bucket queue size: 1000, Input queue size: 1000
2020-12-18 21:43:38,442 - data_util.log - INFO - Bucket queue size: 1000, Input queue size: 1000
2020-12-18 21:44:38,503 - data_util.log - INFO - Bucket queue size: 1000, Input queue size: 1000
2020-12-18 21:45:38,565 - data_util.log - INFO - Bucket queue size: 1000, Input queue size: 1000
2020-12-18 21:46:38,626 - data_util.log - INFO - Bucket queue size: 1000, Input queue size: 1000
2020-12-18 21:47:38,687 - data_util.log - INFO - Bucket queue size: 1000, Input queue size: 1000
2020-12-18 21:48:38,748 - data_util.log - INFO - Bucket queue size: 1000, Input queue size: 1000
2020-12-18 21:49:38,749 - data_util.log - INFO - Bucket queue size: 1000, Input queue size: 1000
2020-12-18 21:50:38,810 - data_util.log - INFO - Bucket queue size: 1000, Input queue size: 1000
2020-12-18 21:51:38,871 - data_util.log - INFO - Bucket queue size: 1000, Input queue size: 1000
2020-12-18 21:52:38,933 - data_util.log - INFO - Bucket queue size: 1000, Input queue size: 1000
2020-12-18 21:53:38,994 - data_util.log - INFO - Bucket queue size: 1000, Input queue size: 1000
2020-12-18 21:54:39,055 - data_util.log - INFO - Bucket queue size: 1000, Input queue size: 1000
2020-12-18 21:55:39,116 - data_util.log - INFO - Bucket queue size: 1000, Input queue size: 1000
2020-12-18 21:56:39,177 - data_util.log - INFO - Bucket queue size: 1000, Input queue size: 1000
2020-12-18 21:57:39,238 - data_util.log - INFO - Bucket queue size: 1000, Input queue size: 1000
2020-12-18 21:58:39,299 - data_util.log - INFO - Bucket queue size: 1000, Input queue size: 1000
2020-12-18 22:15:40,337 - data_util.log - INFO - Bucket queue size: 1000, Input queue size: 1000
2020-12-18 22:16:38,166 - data_util.log - INFO - log启动
2020-12-18 22:16:41,065 - data_util.log - INFO - 
2020-12-18 22:18:32,566 - data_util.log - INFO - 0004000.tar rouge_1:0.2890 rouge_2:0.1566 rouge_l:0.2521
2020-12-18 22:18:32,633 - data_util.log - INFO - 
2020-12-18 22:20:21,159 - data_util.log - INFO - 0004200.tar rouge_1:0.2874 rouge_2:0.1559 rouge_l:0.2519
2020-12-18 22:20:21,226 - data_util.log - INFO - 
2020-12-18 22:22:09,403 - data_util.log - INFO - 0004400.tar rouge_1:0.2831 rouge_2:0.1572 rouge_l:0.2523
2020-12-18 22:22:09,470 - data_util.log - INFO - 
2020-12-18 22:23:58,734 - data_util.log - INFO - 0004600.tar rouge_1:0.2812 rouge_2:0.1538 rouge_l:0.2457
2020-12-18 22:23:58,801 - data_util.log - INFO - 
2020-12-18 22:25:46,137 - data_util.log - INFO - 0004800.tar rouge_1:0.2811 rouge_2:0.1515 rouge_l:0.2451
2020-12-18 22:25:46,205 - data_util.log - INFO - 
2020-12-18 22:27:34,066 - data_util.log - INFO - 0005000.tar rouge_1:0.2841 rouge_2:0.1564 rouge_l:0.2470
2020-12-18 22:27:34,133 - data_util.log - INFO - 
2020-12-18 22:29:21,079 - data_util.log - INFO - 0005200.tar rouge_1:0.2942 rouge_2:0.1697 rouge_l:0.2596
2020-12-18 22:29:21,145 - data_util.log - INFO - 
2020-12-18 22:31:08,384 - data_util.log - INFO - 0005400.tar rouge_1:0.3002 rouge_2:0.1657 rouge_l:0.2560
