2021-06-03 12:53:21,331 - data_util.log - INFO - log启动
2021-06-03 12:53:23,925 - data_util.log - INFO - Bucket queue size: 0, Input queue size: 0
2021-06-03 12:54:23,991 - data_util.log - ERROR - Found batch queue thread dead. Restarting.
2021-06-03 12:54:24,626 - data_util.log - INFO - Bucket queue size: 0, Input queue size: 7992
2021-06-03 12:55:27,716 - data_util.log - INFO - Bucket queue size: 296, Input queue size: 7078
2021-06-03 12:56:27,898 - data_util.log - INFO - Bucket queue size: 749, Input queue size: 5403
2021-06-03 12:57:28,342 - data_util.log - INFO - Bucket queue size: 1000, Input queue size: 8000
2021-06-03 12:58:28,457 - data_util.log - INFO - Bucket queue size: 1000, Input queue size: 8000
2021-06-03 12:59:28,818 - data_util.log - INFO - Bucket queue size: 1000, Input queue size: 8000
2021-06-03 13:00:29,155 - data_util.log - INFO - Bucket queue size: 1000, Input queue size: 8000
2021-06-03 13:01:29,217 - data_util.log - INFO - Bucket queue size: 1000, Input queue size: 8000
2021-06-03 13:02:29,279 - data_util.log - INFO - Bucket queue size: 1000, Input queue size: 8000
2021-06-03 13:03:29,338 - data_util.log - INFO - Bucket queue size: 1000, Input queue size: 8000
2021-06-03 13:03:57,540 - data_util.log - INFO - iter:50  mle_loss:4.468  rl_loss:0.000  reward:0.0000
2021-06-03 13:04:29,404 - data_util.log - INFO - Bucket queue size: 1000, Input queue size: 8000
2021-06-03 13:04:45,776 - data_util.log - INFO - iter:100  mle_loss:3.033  rl_loss:0.000  reward:0.0000
2021-06-03 13:05:29,476 - data_util.log - INFO - Bucket queue size: 1000, Input queue size: 8000
2021-06-03 13:05:33,860 - data_util.log - INFO - iter:150  mle_loss:2.473  rl_loss:0.000  reward:0.0000
2021-06-03 13:06:22,439 - data_util.log - INFO - iter:200  mle_loss:2.152  rl_loss:0.000  reward:0.0000
2021-06-03 13:06:29,534 - data_util.log - INFO - Bucket queue size: 1000, Input queue size: 8000
2021-06-03 13:07:10,537 - data_util.log - INFO - iter:250  mle_loss:2.380  rl_loss:0.000  reward:0.0000
2021-06-03 13:07:29,595 - data_util.log - INFO - Bucket queue size: 1000, Input queue size: 8000
2021-06-03 13:07:59,159 - data_util.log - INFO - iter:300  mle_loss:2.061  rl_loss:0.000  reward:0.0000
2021-06-03 13:08:29,654 - data_util.log - INFO - Bucket queue size: 1000, Input queue size: 8000
2021-06-03 13:08:48,343 - data_util.log - INFO - iter:350  mle_loss:1.939  rl_loss:0.000  reward:0.0000
2021-06-03 13:09:29,714 - data_util.log - INFO - Bucket queue size: 1000, Input queue size: 8000
2021-06-03 13:10:29,774 - data_util.log - INFO - Bucket queue size: 1000, Input queue size: 8000
2021-06-03 13:11:29,834 - data_util.log - INFO - Bucket queue size: 1000, Input queue size: 8000
2021-06-03 13:12:29,894 - data_util.log - INFO - Bucket queue size: 1000, Input queue size: 8000
2021-06-03 13:13:29,954 - data_util.log - INFO - Bucket queue size: 1000, Input queue size: 8000
2021-06-03 13:14:30,015 - data_util.log - INFO - Bucket queue size: 1000, Input queue size: 8000
2021-06-03 13:15:30,075 - data_util.log - INFO - Bucket queue size: 1000, Input queue size: 8000
2021-06-03 13:16:30,136 - data_util.log - INFO - Bucket queue size: 1000, Input queue size: 8000
2021-06-03 13:17:30,196 - data_util.log - INFO - Bucket queue size: 1000, Input queue size: 8000
2021-06-03 13:18:30,256 - data_util.log - INFO - Bucket queue size: 1000, Input queue size: 8000
2021-06-03 13:19:30,317 - data_util.log - INFO - Bucket queue size: 1000, Input queue size: 8000
2021-06-03 13:20:30,377 - data_util.log - INFO - Bucket queue size: 1000, Input queue size: 8000
2021-06-03 13:21:30,435 - data_util.log - INFO - Bucket queue size: 1000, Input queue size: 8000
2021-06-03 13:22:30,494 - data_util.log - INFO - Bucket queue size: 1000, Input queue size: 8000
2021-06-03 13:23:30,554 - data_util.log - INFO - Bucket queue size: 1000, Input queue size: 8000
2021-06-03 13:24:30,614 - data_util.log - INFO - Bucket queue size: 1000, Input queue size: 8000
2021-06-03 13:25:30,619 - data_util.log - INFO - Bucket queue size: 1000, Input queue size: 8000
2021-06-03 13:26:30,678 - data_util.log - INFO - Bucket queue size: 1000, Input queue size: 8000
2021-06-03 13:27:30,739 - data_util.log - INFO - Bucket queue size: 1000, Input queue size: 8000
2021-06-03 13:28:30,799 - data_util.log - INFO - Bucket queue size: 1000, Input queue size: 8000
2021-06-03 13:29:30,859 - data_util.log - INFO - Bucket queue size: 1000, Input queue size: 8000
2021-06-03 13:30:30,920 - data_util.log - INFO - Bucket queue size: 1000, Input queue size: 8000
2021-06-03 13:31:30,980 - data_util.log - INFO - Bucket queue size: 1000, Input queue size: 8000
2021-06-03 13:32:31,038 - data_util.log - INFO - Bucket queue size: 1000, Input queue size: 8000
2021-06-03 13:33:31,098 - data_util.log - INFO - Bucket queue size: 1000, Input queue size: 8000
2021-06-03 13:34:31,138 - data_util.log - INFO - Bucket queue size: 1000, Input queue size: 8000
2021-06-03 13:35:31,142 - data_util.log - INFO - Bucket queue size: 1000, Input queue size: 8000
2021-06-03 13:36:31,203 - data_util.log - INFO - Bucket queue size: 1000, Input queue size: 8000
2021-06-03 13:37:31,263 - data_util.log - INFO - Bucket queue size: 1000, Input queue size: 8000
2021-06-03 13:38:31,322 - data_util.log - INFO - Bucket queue size: 1000, Input queue size: 8000
2021-06-03 13:39:31,382 - data_util.log - INFO - Bucket queue size: 1000, Input queue size: 8000
2021-06-03 13:40:31,442 - data_util.log - INFO - Bucket queue size: 1000, Input queue size: 8000
2021-06-03 13:41:31,503 - data_util.log - INFO - Bucket queue size: 1000, Input queue size: 8000
2021-06-03 13:42:31,563 - data_util.log - INFO - Bucket queue size: 1000, Input queue size: 8000
2021-06-03 13:43:31,586 - data_util.log - INFO - Bucket queue size: 1000, Input queue size: 8000
2021-06-03 13:44:31,646 - data_util.log - INFO - Bucket queue size: 1000, Input queue size: 8000
2021-06-03 13:45:31,707 - data_util.log - INFO - Bucket queue size: 1000, Input queue size: 8000
2021-06-03 13:46:31,713 - data_util.log - INFO - Bucket queue size: 1000, Input queue size: 8000
2021-06-03 13:47:31,770 - data_util.log - INFO - Bucket queue size: 1000, Input queue size: 8000
2021-06-03 13:48:31,806 - data_util.log - INFO - Bucket queue size: 1000, Input queue size: 8000
2021-06-03 13:49:31,866 - data_util.log - INFO - Bucket queue size: 1000, Input queue size: 8000
2021-06-03 13:50:31,926 - data_util.log - INFO - Bucket queue size: 1000, Input queue size: 8000
2021-06-03 13:51:31,986 - data_util.log - INFO - Bucket queue size: 1000, Input queue size: 8000
2021-06-03 13:52:32,047 - data_util.log - INFO - Bucket queue size: 1000, Input queue size: 8000
2021-06-03 13:53:32,106 - data_util.log - INFO - Bucket queue size: 1000, Input queue size: 8000
2021-06-03 13:54:32,166 - data_util.log - INFO - Bucket queue size: 1000, Input queue size: 8000
2021-06-03 13:55:32,227 - data_util.log - INFO - Bucket queue size: 1000, Input queue size: 8000
2021-06-03 13:56:32,287 - data_util.log - INFO - Bucket queue size: 1000, Input queue size: 8000
2021-06-03 13:57:32,346 - data_util.log - INFO - Bucket queue size: 1000, Input queue size: 8000
2021-06-03 13:58:32,406 - data_util.log - INFO - Bucket queue size: 1000, Input queue size: 8000
2021-06-03 13:59:32,467 - data_util.log - INFO - Bucket queue size: 1000, Input queue size: 8000
2021-06-03 14:00:32,526 - data_util.log - INFO - Bucket queue size: 1000, Input queue size: 8000
2021-06-03 14:01:32,586 - data_util.log - INFO - Bucket queue size: 1000, Input queue size: 8000
2021-06-03 14:02:32,646 - data_util.log - INFO - Bucket queue size: 1000, Input queue size: 8000
2021-06-03 14:03:32,707 - data_util.log - INFO - Bucket queue size: 1000, Input queue size: 8000
2021-06-03 14:04:32,767 - data_util.log - INFO - Bucket queue size: 1000, Input queue size: 8000
2021-06-03 14:20:58,017 - data_util.log - INFO - log启动
2021-06-03 14:21:01,405 - data_util.log - INFO - Bucket queue size: 0, Input queue size: 0
2021-06-03 14:22:01,514 - data_util.log - ERROR - Found batch queue thread dead. Restarting.
2021-06-03 14:22:01,584 - data_util.log - INFO - Bucket queue size: 0, Input queue size: 7992
2021-06-03 14:23:01,665 - data_util.log - INFO - Bucket queue size: 1000, Input queue size: 6124
2021-06-03 14:24:01,748 - data_util.log - INFO - Bucket queue size: 1000, Input queue size: 8000
2021-06-03 14:25:00,934 - data_util.log - INFO - log启动
2021-06-03 14:25:04,217 - data_util.log - INFO - Bucket queue size: 0, Input queue size: 0
2021-06-03 14:26:05,092 - data_util.log - ERROR - Found batch queue thread dead. Restarting.
2021-06-03 14:26:05,456 - data_util.log - INFO - Bucket queue size: 0, Input queue size: 7992
2021-06-03 14:27:05,770 - data_util.log - INFO - Bucket queue size: 1000, Input queue size: 3165
2021-06-03 14:28:05,978 - data_util.log - INFO - Bucket queue size: 1000, Input queue size: 8000
2021-06-03 14:29:06,039 - data_util.log - INFO - Bucket queue size: 1000, Input queue size: 8000
2021-06-03 14:30:06,100 - data_util.log - INFO - Bucket queue size: 1000, Input queue size: 8000
2021-06-03 14:31:06,325 - data_util.log - INFO - Bucket queue size: 1000, Input queue size: 8000
2021-06-03 14:32:07,558 - data_util.log - INFO - Bucket queue size: 1000, Input queue size: 8000
2021-06-03 14:33:08,011 - data_util.log - INFO - Bucket queue size: 1000, Input queue size: 8000
2021-06-03 14:34:08,560 - data_util.log - INFO - Bucket queue size: 1000, Input queue size: 8000
2021-06-03 14:35:09,323 - data_util.log - INFO - Bucket queue size: 1000, Input queue size: 8000
2021-06-03 14:36:09,644 - data_util.log - INFO - Bucket queue size: 1000, Input queue size: 8000
2021-06-03 14:37:09,702 - data_util.log - INFO - Bucket queue size: 1000, Input queue size: 8000
2021-06-03 14:38:09,763 - data_util.log - INFO - Bucket queue size: 1000, Input queue size: 8000
2021-06-03 14:39:05,868 - data_util.log - INFO - iter:500  mle_loss:4.681  rl_loss:0.000  reward:0.0000
2021-06-03 14:39:09,822 - data_util.log - INFO - Bucket queue size: 1000, Input queue size: 8000
2021-06-03 14:40:09,882 - data_util.log - INFO - Bucket queue size: 1000, Input queue size: 8000
2021-06-03 14:41:09,942 - data_util.log - INFO - Bucket queue size: 1000, Input queue size: 8000
2021-06-03 14:42:10,003 - data_util.log - INFO - Bucket queue size: 1000, Input queue size: 8000
2021-06-03 14:42:12,109 - data_util.log - INFO - iter:1000  mle_loss:3.414  rl_loss:0.000  reward:0.0000
2021-06-03 14:43:10,062 - data_util.log - INFO - Bucket queue size: 1000, Input queue size: 8000
2021-06-03 14:44:10,122 - data_util.log - INFO - Bucket queue size: 1000, Input queue size: 8000
2021-06-03 14:45:10,182 - data_util.log - INFO - Bucket queue size: 1000, Input queue size: 8000
2021-06-03 14:45:21,693 - data_util.log - INFO - iter:1500  mle_loss:2.818  rl_loss:0.000  reward:0.0000
2021-06-03 14:46:10,242 - data_util.log - INFO - Bucket queue size: 1000, Input queue size: 8000
2021-06-03 14:47:10,302 - data_util.log - INFO - Bucket queue size: 1000, Input queue size: 8000
2021-06-03 14:48:10,362 - data_util.log - INFO - Bucket queue size: 1000, Input queue size: 8000
2021-06-03 14:48:28,701 - data_util.log - INFO - iter:2000  mle_loss:2.479  rl_loss:0.000  reward:0.0000
2021-06-03 14:49:10,423 - data_util.log - INFO - Bucket queue size: 1000, Input queue size: 8000
2021-06-03 14:50:10,482 - data_util.log - INFO - Bucket queue size: 1000, Input queue size: 8000
2021-06-03 14:51:10,543 - data_util.log - INFO - Bucket queue size: 1000, Input queue size: 8000
2021-06-03 14:51:38,351 - data_util.log - INFO - iter:2500  mle_loss:2.198  rl_loss:0.000  reward:0.0000
2021-06-03 14:52:10,602 - data_util.log - INFO - Bucket queue size: 1000, Input queue size: 8000
2021-06-03 14:53:10,663 - data_util.log - INFO - Bucket queue size: 1000, Input queue size: 8000
2021-06-03 14:54:10,722 - data_util.log - INFO - Bucket queue size: 1000, Input queue size: 8000
2021-06-03 14:54:46,150 - data_util.log - INFO - iter:3000  mle_loss:1.940  rl_loss:0.000  reward:0.0000
2021-06-03 14:55:10,783 - data_util.log - INFO - Bucket queue size: 1000, Input queue size: 8000
2021-06-03 14:56:10,842 - data_util.log - INFO - Bucket queue size: 1000, Input queue size: 8000
2021-06-03 14:57:10,903 - data_util.log - INFO - Bucket queue size: 1000, Input queue size: 8000
2021-06-03 14:57:54,619 - data_util.log - INFO - iter:3500  mle_loss:1.750  rl_loss:0.000  reward:0.0000
2021-06-03 14:58:10,962 - data_util.log - INFO - Bucket queue size: 1000, Input queue size: 8000
2021-06-03 14:59:11,023 - data_util.log - INFO - Bucket queue size: 1000, Input queue size: 8000
2021-06-03 15:00:11,051 - data_util.log - INFO - Bucket queue size: 1000, Input queue size: 8000
2021-06-03 15:01:01,589 - data_util.log - INFO - iter:4000  mle_loss:1.506  rl_loss:0.000  reward:0.0000
2021-06-03 15:01:11,112 - data_util.log - INFO - Bucket queue size: 1000, Input queue size: 8000
2021-06-03 15:02:11,170 - data_util.log - INFO - Bucket queue size: 1000, Input queue size: 8000
2021-06-03 15:03:11,231 - data_util.log - INFO - Bucket queue size: 1000, Input queue size: 8000
2021-06-03 15:04:10,844 - data_util.log - INFO - iter:4500  mle_loss:1.332  rl_loss:0.000  reward:0.0000
2021-06-03 15:04:11,292 - data_util.log - INFO - Bucket queue size: 1000, Input queue size: 8000
2021-06-03 15:05:11,352 - data_util.log - INFO - Bucket queue size: 1000, Input queue size: 8000
2021-06-03 15:06:11,410 - data_util.log - INFO - Bucket queue size: 1000, Input queue size: 8000
2021-06-03 15:07:11,470 - data_util.log - INFO - Bucket queue size: 1000, Input queue size: 8000
2021-06-03 15:07:17,954 - data_util.log - INFO - iter:5000  mle_loss:1.195  rl_loss:0.000  reward:0.0000
2021-06-03 15:08:11,531 - data_util.log - INFO - Bucket queue size: 1000, Input queue size: 8000
2021-06-03 15:09:11,590 - data_util.log - INFO - Bucket queue size: 1000, Input queue size: 8000
2021-06-03 15:10:11,650 - data_util.log - INFO - Bucket queue size: 1000, Input queue size: 8000
2021-06-03 15:10:26,903 - data_util.log - INFO - iter:5500  mle_loss:1.025  rl_loss:0.000  reward:0.0000
2021-06-03 15:11:11,711 - data_util.log - INFO - Bucket queue size: 1000, Input queue size: 8000
2021-06-03 15:12:11,770 - data_util.log - INFO - Bucket queue size: 1000, Input queue size: 8000
2021-06-03 15:13:11,831 - data_util.log - INFO - Bucket queue size: 1000, Input queue size: 8000
2021-06-03 15:13:34,423 - data_util.log - INFO - iter:6000  mle_loss:0.893  rl_loss:0.000  reward:0.0000
2021-06-03 15:14:11,890 - data_util.log - INFO - Bucket queue size: 1000, Input queue size: 8000
2021-06-03 15:15:11,951 - data_util.log - INFO - Bucket queue size: 1000, Input queue size: 8000
2021-06-03 15:16:12,012 - data_util.log - INFO - Bucket queue size: 1000, Input queue size: 8000
2021-06-03 15:16:43,090 - data_util.log - INFO - iter:6500  mle_loss:0.796  rl_loss:0.000  reward:0.0000
2021-06-03 15:17:12,070 - data_util.log - INFO - Bucket queue size: 1000, Input queue size: 8000
2021-06-03 15:18:12,130 - data_util.log - INFO - Bucket queue size: 1000, Input queue size: 8000
2021-06-03 15:19:12,190 - data_util.log - INFO - Bucket queue size: 1000, Input queue size: 8000
2021-06-03 15:19:50,359 - data_util.log - INFO - iter:7000  mle_loss:0.723  rl_loss:0.000  reward:0.0000
2021-06-03 15:20:12,250 - data_util.log - INFO - Bucket queue size: 1000, Input queue size: 8000
2021-06-03 15:21:12,310 - data_util.log - INFO - Bucket queue size: 1000, Input queue size: 8000
2021-06-03 15:22:12,370 - data_util.log - INFO - Bucket queue size: 1000, Input queue size: 8000
2021-06-03 15:22:59,382 - data_util.log - INFO - iter:7500  mle_loss:0.627  rl_loss:0.000  reward:0.0000
2021-06-03 15:23:12,431 - data_util.log - INFO - Bucket queue size: 999, Input queue size: 8000
2021-06-03 15:24:12,498 - data_util.log - INFO - Bucket queue size: 1000, Input queue size: 8000
2021-06-03 15:25:12,558 - data_util.log - INFO - Bucket queue size: 1000, Input queue size: 8000
2021-06-03 15:26:05,294 - data_util.log - INFO - iter:8000  mle_loss:0.566  rl_loss:0.000  reward:0.0000
2021-06-03 15:26:12,618 - data_util.log - INFO - Bucket queue size: 1000, Input queue size: 8000
2021-06-03 15:27:12,678 - data_util.log - INFO - Bucket queue size: 1000, Input queue size: 8000
2021-06-03 15:28:12,739 - data_util.log - INFO - Bucket queue size: 1000, Input queue size: 8000
2021-06-03 15:29:12,799 - data_util.log - INFO - Bucket queue size: 1000, Input queue size: 8000
2021-06-03 15:29:14,851 - data_util.log - INFO - iter:8500  mle_loss:0.487  rl_loss:0.000  reward:0.0000
2021-06-03 15:30:12,858 - data_util.log - INFO - Bucket queue size: 1000, Input queue size: 8000
2021-06-03 15:31:12,918 - data_util.log - INFO - Bucket queue size: 1000, Input queue size: 8000
2021-06-03 15:32:12,979 - data_util.log - INFO - Bucket queue size: 1000, Input queue size: 8000
2021-06-03 15:32:21,624 - data_util.log - INFO - iter:9000  mle_loss:0.499  rl_loss:0.000  reward:0.0000
2021-06-03 15:33:13,038 - data_util.log - INFO - Bucket queue size: 1000, Input queue size: 8000
2021-06-03 15:34:13,098 - data_util.log - INFO - Bucket queue size: 1000, Input queue size: 8000
2021-06-03 15:35:13,158 - data_util.log - INFO - Bucket queue size: 1000, Input queue size: 8000
2021-06-03 15:35:30,177 - data_util.log - INFO - iter:9500  mle_loss:0.376  rl_loss:0.000  reward:0.0000
2021-06-03 15:36:13,218 - data_util.log - INFO - Bucket queue size: 1000, Input queue size: 8000
2021-06-03 15:37:13,278 - data_util.log - INFO - Bucket queue size: 1000, Input queue size: 8000
2021-06-03 15:38:13,338 - data_util.log - INFO - Bucket queue size: 1000, Input queue size: 8000
2021-06-03 15:38:37,548 - data_util.log - INFO - iter:10000  mle_loss:0.325  rl_loss:0.000  reward:0.0000
2021-06-03 15:39:13,398 - data_util.log - INFO - Bucket queue size: 1000, Input queue size: 8000
2021-06-03 15:40:13,458 - data_util.log - INFO - Bucket queue size: 1000, Input queue size: 8000
2021-06-03 15:41:13,518 - data_util.log - INFO - Bucket queue size: 1000, Input queue size: 8000
2021-06-03 15:41:46,791 - data_util.log - INFO - iter:10500  mle_loss:0.260  rl_loss:0.000  reward:0.0000
2021-06-03 15:42:13,578 - data_util.log - INFO - Bucket queue size: 1000, Input queue size: 8000
2021-06-03 15:43:13,638 - data_util.log - INFO - Bucket queue size: 1000, Input queue size: 8000
2021-06-03 15:44:13,698 - data_util.log - INFO - Bucket queue size: 1000, Input queue size: 8000
2021-06-03 15:44:53,908 - data_util.log - INFO - iter:11000  mle_loss:0.353  rl_loss:0.000  reward:0.0000
2021-06-03 15:45:13,758 - data_util.log - INFO - Bucket queue size: 1000, Input queue size: 8000
2021-06-03 15:46:13,820 - data_util.log - INFO - Bucket queue size: 1000, Input queue size: 8000
2021-06-03 15:47:13,850 - data_util.log - INFO - Bucket queue size: 1000, Input queue size: 7995
2021-06-03 15:48:03,250 - data_util.log - INFO - iter:11500  mle_loss:0.189  rl_loss:0.000  reward:0.0000
2021-06-03 15:48:13,915 - data_util.log - INFO - Bucket queue size: 1000, Input queue size: 8000
2021-06-03 15:49:13,974 - data_util.log - INFO - Bucket queue size: 1000, Input queue size: 8000
2021-06-03 15:50:14,035 - data_util.log - INFO - Bucket queue size: 1000, Input queue size: 8000
2021-06-03 15:51:10,895 - data_util.log - INFO - iter:12000  mle_loss:0.300  rl_loss:0.000  reward:0.0000
2021-06-03 15:51:14,094 - data_util.log - INFO - Bucket queue size: 1000, Input queue size: 8000
2021-06-03 15:52:14,154 - data_util.log - INFO - Bucket queue size: 1000, Input queue size: 8000
2021-06-03 15:53:14,191 - data_util.log - INFO - Bucket queue size: 1000, Input queue size: 8000
2021-06-03 15:54:14,251 - data_util.log - INFO - Bucket queue size: 1000, Input queue size: 8000
2021-06-03 15:54:19,971 - data_util.log - INFO - iter:12500  mle_loss:0.224  rl_loss:0.000  reward:0.0000
2021-06-03 15:55:14,312 - data_util.log - INFO - Bucket queue size: 1000, Input queue size: 8000
2021-06-03 15:56:14,372 - data_util.log - INFO - Bucket queue size: 1000, Input queue size: 8000
2021-06-03 15:57:14,430 - data_util.log - INFO - Bucket queue size: 1000, Input queue size: 8000
2021-06-03 15:57:27,108 - data_util.log - INFO - iter:13000  mle_loss:0.210  rl_loss:0.000  reward:0.0000
2021-06-03 15:58:14,490 - data_util.log - INFO - Bucket queue size: 1000, Input queue size: 8000
2021-06-03 15:59:14,552 - data_util.log - INFO - Bucket queue size: 1000, Input queue size: 7995
2021-06-03 16:00:14,622 - data_util.log - INFO - Bucket queue size: 1000, Input queue size: 8000
2021-06-03 16:00:36,237 - data_util.log - INFO - iter:13500  mle_loss:0.096  rl_loss:0.000  reward:0.0000
2021-06-03 16:01:14,682 - data_util.log - INFO - Bucket queue size: 1000, Input queue size: 8000
2021-06-03 16:02:14,743 - data_util.log - INFO - Bucket queue size: 1000, Input queue size: 8000
2021-06-03 16:03:14,802 - data_util.log - INFO - Bucket queue size: 1000, Input queue size: 8000
2021-06-03 16:03:42,587 - data_util.log - INFO - iter:14000  mle_loss:0.209  rl_loss:0.000  reward:0.0000
2021-06-03 16:04:14,862 - data_util.log - INFO - Bucket queue size: 1000, Input queue size: 8000
2021-06-03 16:05:14,923 - data_util.log - INFO - Bucket queue size: 1000, Input queue size: 8000
2021-06-03 16:06:14,983 - data_util.log - INFO - Bucket queue size: 1000, Input queue size: 8000
2021-06-03 16:06:51,811 - data_util.log - INFO - iter:14500  mle_loss:0.117  rl_loss:0.000  reward:0.0000
2021-06-03 16:07:15,044 - data_util.log - INFO - Bucket queue size: 1000, Input queue size: 8000
2021-06-03 16:08:15,104 - data_util.log - INFO - Bucket queue size: 1000, Input queue size: 8000
2021-06-03 16:09:15,162 - data_util.log - INFO - Bucket queue size: 1000, Input queue size: 8000
2021-06-03 16:09:59,196 - data_util.log - INFO - iter:15000  mle_loss:0.067  rl_loss:0.000  reward:0.0000
2021-06-03 16:10:15,178 - data_util.log - INFO - Bucket queue size: 1000, Input queue size: 8000
2021-06-03 16:11:15,238 - data_util.log - INFO - Bucket queue size: 1000, Input queue size: 8000
2021-06-03 16:12:15,298 - data_util.log - INFO - Bucket queue size: 1000, Input queue size: 8000
2021-06-03 16:13:08,828 - data_util.log - INFO - iter:15500  mle_loss:0.312  rl_loss:0.000  reward:0.0000
2021-06-03 16:13:15,358 - data_util.log - INFO - Bucket queue size: 1000, Input queue size: 8000
2021-06-03 16:14:15,418 - data_util.log - INFO - Bucket queue size: 1000, Input queue size: 8000
2021-06-03 16:15:15,451 - data_util.log - INFO - Bucket queue size: 1000, Input queue size: 8000
2021-06-03 16:16:15,510 - data_util.log - INFO - Bucket queue size: 1000, Input queue size: 8000
2021-06-03 16:16:15,920 - data_util.log - INFO - iter:16000  mle_loss:0.033  rl_loss:0.000  reward:0.0000
2021-06-03 16:17:15,555 - data_util.log - INFO - Bucket queue size: 1000, Input queue size: 8000
2021-06-03 16:18:15,614 - data_util.log - INFO - Bucket queue size: 1000, Input queue size: 8000
2021-06-03 16:19:15,674 - data_util.log - INFO - Bucket queue size: 1000, Input queue size: 8000
2021-06-03 16:19:25,411 - data_util.log - INFO - iter:16500  mle_loss:0.206  rl_loss:0.000  reward:0.0000
2021-06-03 16:20:15,735 - data_util.log - INFO - Bucket queue size: 1000, Input queue size: 8000
2021-06-03 16:21:15,794 - data_util.log - INFO - Bucket queue size: 1000, Input queue size: 8000
2021-06-03 16:22:15,855 - data_util.log - INFO - Bucket queue size: 1000, Input queue size: 8000
2021-06-03 16:22:31,539 - data_util.log - INFO - iter:17000  mle_loss:0.052  rl_loss:0.000  reward:0.0000
2021-06-03 16:23:15,915 - data_util.log - INFO - Bucket queue size: 1000, Input queue size: 8000
2021-06-03 16:24:15,974 - data_util.log - INFO - Bucket queue size: 1000, Input queue size: 8000
2021-06-03 16:25:16,034 - data_util.log - INFO - Bucket queue size: 1000, Input queue size: 8000
2021-06-03 16:25:41,153 - data_util.log - INFO - iter:17500  mle_loss:0.024  rl_loss:0.000  reward:0.0000
2021-06-03 16:26:16,051 - data_util.log - INFO - Bucket queue size: 1000, Input queue size: 8000
2021-06-03 16:27:16,110 - data_util.log - INFO - Bucket queue size: 1000, Input queue size: 8000
2021-06-03 16:28:16,171 - data_util.log - INFO - Bucket queue size: 1000, Input queue size: 8000
2021-06-03 16:28:48,004 - data_util.log - INFO - iter:18000  mle_loss:0.010  rl_loss:0.000  reward:0.0000
2021-06-03 16:29:16,231 - data_util.log - INFO - Bucket queue size: 1000, Input queue size: 8000
2021-06-03 16:30:16,292 - data_util.log - INFO - Bucket queue size: 1000, Input queue size: 8000
2021-06-03 16:31:16,352 - data_util.log - INFO - Bucket queue size: 1000, Input queue size: 8000
2021-06-03 16:31:57,770 - data_util.log - INFO - iter:18500  mle_loss:0.314  rl_loss:0.000  reward:0.0000
2021-06-03 16:32:16,373 - data_util.log - INFO - Bucket queue size: 1000, Input queue size: 8000
2021-06-03 16:33:16,434 - data_util.log - INFO - Bucket queue size: 1000, Input queue size: 8000
2021-06-03 16:34:16,494 - data_util.log - INFO - Bucket queue size: 1000, Input queue size: 8000
2021-06-03 16:35:05,223 - data_util.log - INFO - iter:19000  mle_loss:0.020  rl_loss:0.000  reward:0.0000
2021-06-03 16:35:16,554 - data_util.log - INFO - Bucket queue size: 1000, Input queue size: 8000
2021-06-03 16:36:16,615 - data_util.log - INFO - Bucket queue size: 1000, Input queue size: 8000
2021-06-03 16:37:16,675 - data_util.log - INFO - Bucket queue size: 1000, Input queue size: 8000
2021-06-03 16:38:14,936 - data_util.log - INFO - iter:19500  mle_loss:0.012  rl_loss:0.000  reward:0.0000
2021-06-03 16:38:16,734 - data_util.log - INFO - Bucket queue size: 1000, Input queue size: 8000
2021-06-03 16:39:16,794 - data_util.log - INFO - Bucket queue size: 1000, Input queue size: 8000
2021-06-03 16:40:16,855 - data_util.log - INFO - Bucket queue size: 1000, Input queue size: 8000
2021-06-03 16:41:16,916 - data_util.log - INFO - Bucket queue size: 1000, Input queue size: 7994
2021-06-03 16:41:21,840 - data_util.log - INFO - iter:20000  mle_loss:0.219  rl_loss:0.000  reward:0.0000
2021-06-03 16:42:16,976 - data_util.log - INFO - Bucket queue size: 1000, Input queue size: 8000
2021-06-03 16:43:17,034 - data_util.log - INFO - Bucket queue size: 1000, Input queue size: 8000
2021-06-03 16:44:17,095 - data_util.log - INFO - Bucket queue size: 1000, Input queue size: 8000
2021-06-03 16:44:31,699 - data_util.log - INFO - iter:20500  mle_loss:0.063  rl_loss:0.000  reward:0.0000
2021-06-03 16:45:17,154 - data_util.log - INFO - Bucket queue size: 1000, Input queue size: 8000
2021-06-03 16:46:17,215 - data_util.log - INFO - Bucket queue size: 1000, Input queue size: 8000
2021-06-03 16:47:17,274 - data_util.log - INFO - Bucket queue size: 1000, Input queue size: 8000
2021-06-03 16:47:38,166 - data_util.log - INFO - iter:21000  mle_loss:0.123  rl_loss:0.000  reward:0.0000
2021-06-03 16:48:17,334 - data_util.log - INFO - Bucket queue size: 1000, Input queue size: 8000
2021-06-03 16:49:17,354 - data_util.log - INFO - Bucket queue size: 1000, Input queue size: 8000
2021-06-03 16:50:17,414 - data_util.log - INFO - Bucket queue size: 1000, Input queue size: 7994
2021-06-03 16:50:48,139 - data_util.log - INFO - iter:21500  mle_loss:0.014  rl_loss:0.000  reward:0.0000
2021-06-03 16:51:17,490 - data_util.log - INFO - Bucket queue size: 1000, Input queue size: 8000
2021-06-03 16:52:17,550 - data_util.log - INFO - Bucket queue size: 1000, Input queue size: 8000
2021-06-03 16:53:17,610 - data_util.log - INFO - Bucket queue size: 1000, Input queue size: 8000
2021-06-03 16:53:54,561 - data_util.log - INFO - iter:22000  mle_loss:0.006  rl_loss:0.000  reward:0.0000
2021-06-03 16:54:17,670 - data_util.log - INFO - Bucket queue size: 1000, Input queue size: 8000
2021-06-03 16:55:17,730 - data_util.log - INFO - Bucket queue size: 1000, Input queue size: 8000
2021-06-03 16:56:17,766 - data_util.log - INFO - Bucket queue size: 1000, Input queue size: 8000
2021-06-03 16:57:03,905 - data_util.log - INFO - iter:22500  mle_loss:0.013  rl_loss:0.000  reward:0.0000
2021-06-03 16:57:17,808 - data_util.log - INFO - Bucket queue size: 1000, Input queue size: 8000
2021-06-03 16:58:17,867 - data_util.log - INFO - Bucket queue size: 1000, Input queue size: 7996
2021-06-03 16:59:17,884 - data_util.log - INFO - Bucket queue size: 1000, Input queue size: 8000
2021-06-03 17:00:11,592 - data_util.log - INFO - iter:23000  mle_loss:0.273  rl_loss:0.000  reward:0.0000
2021-06-03 17:00:17,942 - data_util.log - INFO - Bucket queue size: 1000, Input queue size: 8000
2021-06-03 17:01:17,955 - data_util.log - INFO - Bucket queue size: 1000, Input queue size: 8000
2021-06-03 17:02:18,014 - data_util.log - INFO - Bucket queue size: 1000, Input queue size: 8000
2021-06-03 17:03:18,075 - data_util.log - INFO - Bucket queue size: 1000, Input queue size: 8000
2021-06-03 17:03:21,416 - data_util.log - INFO - iter:23500  mle_loss:0.012  rl_loss:0.000  reward:0.0000
2021-06-03 17:04:18,134 - data_util.log - INFO - Bucket queue size: 1000, Input queue size: 8000
2021-06-03 17:05:18,183 - data_util.log - INFO - Bucket queue size: 1000, Input queue size: 8000
2021-06-03 17:06:18,244 - data_util.log - INFO - Bucket queue size: 1000, Input queue size: 8000
2021-06-03 17:06:28,599 - data_util.log - INFO - iter:24000  mle_loss:0.007  rl_loss:0.000  reward:0.0000
2021-06-03 17:07:18,302 - data_util.log - INFO - Bucket queue size: 1000, Input queue size: 8000
2021-06-03 17:08:18,363 - data_util.log - INFO - Bucket queue size: 1000, Input queue size: 8000
2021-06-03 17:09:18,424 - data_util.log - INFO - Bucket queue size: 1000, Input queue size: 8000
2021-06-03 17:09:37,900 - data_util.log - INFO - iter:24500  mle_loss:0.131  rl_loss:0.000  reward:0.0000
2021-06-03 17:10:18,485 - data_util.log - INFO - Bucket queue size: 1000, Input queue size: 8000
2021-06-03 17:11:18,545 - data_util.log - INFO - Bucket queue size: 1000, Input queue size: 8000
2021-06-03 17:12:18,602 - data_util.log - INFO - Bucket queue size: 1000, Input queue size: 8000
2021-06-03 17:12:44,107 - data_util.log - INFO - iter:25000  mle_loss:0.008  rl_loss:0.000  reward:0.0000
2021-06-03 17:13:18,662 - data_util.log - INFO - Bucket queue size: 1000, Input queue size: 8000
2021-06-03 17:14:18,722 - data_util.log - INFO - Bucket queue size: 1000, Input queue size: 8000
2021-06-03 17:15:18,782 - data_util.log - INFO - Bucket queue size: 1000, Input queue size: 8000
2021-06-03 17:16:18,842 - data_util.log - INFO - Bucket queue size: 1000, Input queue size: 8000
2021-06-03 17:17:18,867 - data_util.log - INFO - Bucket queue size: 1000, Input queue size: 8000
2021-06-03 17:18:18,927 - data_util.log - INFO - Bucket queue size: 1000, Input queue size: 8000
2021-06-03 17:19:18,986 - data_util.log - INFO - Bucket queue size: 1000, Input queue size: 8000
2021-06-03 17:20:19,046 - data_util.log - INFO - Bucket queue size: 1000, Input queue size: 8000
2021-06-03 17:21:19,107 - data_util.log - INFO - Bucket queue size: 1000, Input queue size: 8000
2021-06-03 17:22:19,166 - data_util.log - INFO - Bucket queue size: 1000, Input queue size: 8000
2021-06-03 17:23:19,226 - data_util.log - INFO - Bucket queue size: 1000, Input queue size: 8000
2021-06-03 17:24:19,286 - data_util.log - INFO - Bucket queue size: 1000, Input queue size: 8000
2021-06-03 17:25:19,346 - data_util.log - INFO - Bucket queue size: 1000, Input queue size: 8000
2021-06-03 17:26:19,406 - data_util.log - INFO - Bucket queue size: 1000, Input queue size: 8000
2021-06-03 17:27:19,467 - data_util.log - INFO - Bucket queue size: 1000, Input queue size: 8000
2021-06-03 17:28:19,527 - data_util.log - INFO - Bucket queue size: 1000, Input queue size: 8000
2021-06-03 17:29:19,576 - data_util.log - INFO - Bucket queue size: 1000, Input queue size: 8000
2021-06-03 17:30:19,634 - data_util.log - INFO - Bucket queue size: 1000, Input queue size: 8000
2021-06-03 17:31:19,694 - data_util.log - INFO - Bucket queue size: 1000, Input queue size: 8000
2021-06-03 17:32:19,754 - data_util.log - INFO - Bucket queue size: 1000, Input queue size: 8000
2021-06-03 17:33:19,756 - data_util.log - INFO - Bucket queue size: 1000, Input queue size: 8000
2021-06-03 17:34:19,814 - data_util.log - INFO - Bucket queue size: 1000, Input queue size: 8000
2021-06-03 17:35:19,875 - data_util.log - INFO - Bucket queue size: 1000, Input queue size: 8000
2021-06-03 17:36:19,935 - data_util.log - INFO - Bucket queue size: 1000, Input queue size: 8000
2021-06-03 17:37:19,994 - data_util.log - INFO - Bucket queue size: 1000, Input queue size: 8000
2021-06-03 17:38:20,054 - data_util.log - INFO - Bucket queue size: 1000, Input queue size: 8000
2021-06-03 17:39:20,115 - data_util.log - INFO - Bucket queue size: 1000, Input queue size: 8000
2021-06-03 17:40:20,175 - data_util.log - INFO - Bucket queue size: 1000, Input queue size: 8000
2021-06-03 17:41:20,236 - data_util.log - INFO - Bucket queue size: 1000, Input queue size: 8000
2021-06-03 17:42:20,296 - data_util.log - INFO - Bucket queue size: 1000, Input queue size: 8000
2021-06-03 17:43:20,313 - data_util.log - INFO - Bucket queue size: 1000, Input queue size: 8000
2021-06-03 17:44:20,374 - data_util.log - INFO - Bucket queue size: 1000, Input queue size: 8000
2021-06-03 17:45:20,434 - data_util.log - INFO - Bucket queue size: 1000, Input queue size: 8000
2021-06-03 17:46:20,494 - data_util.log - INFO - Bucket queue size: 1000, Input queue size: 8000
2021-06-03 17:47:20,555 - data_util.log - INFO - Bucket queue size: 1000, Input queue size: 8000
2021-06-03 17:48:20,614 - data_util.log - INFO - Bucket queue size: 1000, Input queue size: 8000
2021-06-03 17:49:20,659 - data_util.log - INFO - Bucket queue size: 1000, Input queue size: 8000
2021-06-03 17:50:20,720 - data_util.log - INFO - Bucket queue size: 1000, Input queue size: 8000
2021-06-03 17:51:20,780 - data_util.log - INFO - Bucket queue size: 1000, Input queue size: 8000
2021-06-03 17:52:20,838 - data_util.log - INFO - Bucket queue size: 1000, Input queue size: 8000
2021-06-03 17:53:20,899 - data_util.log - INFO - Bucket queue size: 1000, Input queue size: 8000
2021-06-03 17:54:20,959 - data_util.log - INFO - Bucket queue size: 1000, Input queue size: 8000
2021-06-03 17:55:21,019 - data_util.log - INFO - Bucket queue size: 1000, Input queue size: 8000
2021-06-03 17:56:21,078 - data_util.log - INFO - Bucket queue size: 1000, Input queue size: 8000
2021-06-03 17:57:21,139 - data_util.log - INFO - Bucket queue size: 1000, Input queue size: 8000
2021-06-03 17:58:21,198 - data_util.log - INFO - Bucket queue size: 1000, Input queue size: 8000
2021-06-03 17:59:21,258 - data_util.log - INFO - Bucket queue size: 1000, Input queue size: 8000
2021-06-03 18:00:21,319 - data_util.log - INFO - Bucket queue size: 1000, Input queue size: 8000
2021-06-03 18:01:21,378 - data_util.log - INFO - Bucket queue size: 1000, Input queue size: 8000
2021-06-03 18:02:21,439 - data_util.log - INFO - Bucket queue size: 1000, Input queue size: 8000
2021-06-03 18:03:21,498 - data_util.log - INFO - Bucket queue size: 1000, Input queue size: 8000
2021-06-03 18:04:21,558 - data_util.log - INFO - Bucket queue size: 1000, Input queue size: 8000
2021-06-03 18:05:21,618 - data_util.log - INFO - Bucket queue size: 1000, Input queue size: 8000
2021-06-03 18:06:21,678 - data_util.log - INFO - Bucket queue size: 1000, Input queue size: 8000
2021-06-03 18:07:21,738 - data_util.log - INFO - Bucket queue size: 1000, Input queue size: 8000
2021-06-03 18:08:21,798 - data_util.log - INFO - Bucket queue size: 1000, Input queue size: 8000
2021-06-03 18:09:21,858 - data_util.log - INFO - Bucket queue size: 1000, Input queue size: 8000
2021-06-03 18:10:21,918 - data_util.log - INFO - Bucket queue size: 1000, Input queue size: 8000
2021-06-03 18:11:21,978 - data_util.log - INFO - Bucket queue size: 1000, Input queue size: 8000
2021-06-03 18:12:22,038 - data_util.log - INFO - Bucket queue size: 1000, Input queue size: 8000
2021-06-03 18:13:22,098 - data_util.log - INFO - Bucket queue size: 1000, Input queue size: 8000
2021-06-03 18:14:22,158 - data_util.log - INFO - Bucket queue size: 1000, Input queue size: 8000
2021-06-03 18:15:22,218 - data_util.log - INFO - Bucket queue size: 1000, Input queue size: 8000
2021-06-03 18:16:22,278 - data_util.log - INFO - Bucket queue size: 1000, Input queue size: 8000
2021-06-03 18:17:22,338 - data_util.log - INFO - Bucket queue size: 1000, Input queue size: 8000
2021-06-03 18:18:22,398 - data_util.log - INFO - Bucket queue size: 1000, Input queue size: 8000
2021-06-03 18:19:22,458 - data_util.log - INFO - Bucket queue size: 1000, Input queue size: 8000
2021-06-03 18:20:22,518 - data_util.log - INFO - Bucket queue size: 1000, Input queue size: 8000
2021-06-03 18:21:22,578 - data_util.log - INFO - Bucket queue size: 1000, Input queue size: 8000
2021-06-03 18:22:22,639 - data_util.log - INFO - Bucket queue size: 1000, Input queue size: 8000
2021-06-03 18:23:22,699 - data_util.log - INFO - Bucket queue size: 1000, Input queue size: 8000
2021-06-03 18:24:22,759 - data_util.log - INFO - Bucket queue size: 1000, Input queue size: 8000
2021-06-03 18:25:22,820 - data_util.log - INFO - Bucket queue size: 1000, Input queue size: 8000
2021-06-03 18:26:22,880 - data_util.log - INFO - Bucket queue size: 1000, Input queue size: 8000
2021-06-03 18:27:22,938 - data_util.log - INFO - Bucket queue size: 1000, Input queue size: 8000
2021-06-03 18:28:22,998 - data_util.log - INFO - Bucket queue size: 1000, Input queue size: 8000
2021-06-03 18:29:23,058 - data_util.log - INFO - Bucket queue size: 1000, Input queue size: 8000
2021-06-03 18:30:23,118 - data_util.log - INFO - Bucket queue size: 1000, Input queue size: 8000
2021-06-03 18:31:23,178 - data_util.log - INFO - Bucket queue size: 1000, Input queue size: 8000
2021-06-03 18:32:23,238 - data_util.log - INFO - Bucket queue size: 1000, Input queue size: 8000
2021-06-03 18:33:23,298 - data_util.log - INFO - Bucket queue size: 1000, Input queue size: 8000
2021-06-03 18:34:23,359 - data_util.log - INFO - Bucket queue size: 1000, Input queue size: 8000
2021-06-03 18:35:23,419 - data_util.log - INFO - Bucket queue size: 1000, Input queue size: 8000
2021-06-03 18:36:23,479 - data_util.log - INFO - Bucket queue size: 1000, Input queue size: 8000
2021-06-03 18:37:23,538 - data_util.log - INFO - Bucket queue size: 1000, Input queue size: 8000
2021-06-03 18:38:23,598 - data_util.log - INFO - Bucket queue size: 1000, Input queue size: 8000
2021-06-03 18:39:23,620 - data_util.log - INFO - Bucket queue size: 1000, Input queue size: 8000
2021-06-03 18:40:23,678 - data_util.log - INFO - Bucket queue size: 1000, Input queue size: 8000
2021-06-03 18:41:23,739 - data_util.log - INFO - Bucket queue size: 1000, Input queue size: 8000
2021-06-03 18:42:23,799 - data_util.log - INFO - Bucket queue size: 1000, Input queue size: 8000
2021-06-03 18:43:23,860 - data_util.log - INFO - Bucket queue size: 1000, Input queue size: 8000
2021-06-03 18:44:23,918 - data_util.log - INFO - Bucket queue size: 1000, Input queue size: 8000
2021-06-03 18:45:23,965 - data_util.log - INFO - Bucket queue size: 1000, Input queue size: 8000
2021-06-03 18:46:24,022 - data_util.log - INFO - Bucket queue size: 1000, Input queue size: 8000
2021-06-03 18:47:24,082 - data_util.log - INFO - Bucket queue size: 1000, Input queue size: 8000
2021-06-03 18:48:24,142 - data_util.log - INFO - Bucket queue size: 1000, Input queue size: 8000
2021-06-03 18:49:24,202 - data_util.log - INFO - Bucket queue size: 1000, Input queue size: 8000
2021-06-03 18:50:24,262 - data_util.log - INFO - Bucket queue size: 1000, Input queue size: 8000
2021-06-03 18:51:24,322 - data_util.log - INFO - Bucket queue size: 1000, Input queue size: 8000
2021-06-03 18:52:24,382 - data_util.log - INFO - Bucket queue size: 1000, Input queue size: 8000
2021-06-03 18:53:24,443 - data_util.log - INFO - Bucket queue size: 1000, Input queue size: 8000
2021-06-03 18:54:24,503 - data_util.log - INFO - Bucket queue size: 1000, Input queue size: 8000
2021-06-03 18:55:24,519 - data_util.log - INFO - Bucket queue size: 1000, Input queue size: 8000
2021-06-03 18:56:24,578 - data_util.log - INFO - Bucket queue size: 1000, Input queue size: 8000
2021-06-03 18:57:24,638 - data_util.log - INFO - Bucket queue size: 1000, Input queue size: 8000
2021-06-03 19:01:30,729 - data_util.log - INFO - log启动
2021-06-03 19:01:33,417 - data_util.log - INFO - 
2021-06-03 19:12:03,753 - data_util.log - INFO - 0001000.tar rouge_1:0.2832 rouge_2:0.1959 rouge_l:0.2734
2021-06-03 19:12:03,869 - data_util.log - INFO - 
2021-06-03 19:22:36,646 - data_util.log - INFO - 0002000.tar rouge_1:0.2831 rouge_2:0.1858 rouge_l:0.2747
2021-06-03 19:22:36,762 - data_util.log - INFO - 
2021-06-03 19:33:08,679 - data_util.log - INFO - 0003000.tar rouge_1:0.2794 rouge_2:0.2068 rouge_l:0.2721
2021-06-03 19:33:08,794 - data_util.log - INFO - 
2021-06-03 19:43:45,152 - data_util.log - INFO - 0004000.tar rouge_1:0.2778 rouge_2:0.2205 rouge_l:0.2715
2021-06-03 19:43:45,275 - data_util.log - INFO - 
2021-06-03 19:54:21,369 - data_util.log - INFO - 0005000.tar rouge_1:0.3010 rouge_2:0.2098 rouge_l:0.2909
2021-06-03 19:54:21,504 - data_util.log - INFO - 
2021-06-03 20:04:52,715 - data_util.log - INFO - 0006000.tar rouge_1:0.2898 rouge_2:0.2118 rouge_l:0.2768
2021-06-03 20:04:52,832 - data_util.log - INFO - 
2021-06-03 20:15:28,205 - data_util.log - INFO - 0007000.tar rouge_1:0.2900 rouge_2:0.2075 rouge_l:0.2831
2021-06-03 20:15:28,320 - data_util.log - INFO - 
2021-06-03 20:25:58,208 - data_util.log - INFO - 0008000.tar rouge_1:0.2951 rouge_2:0.2154 rouge_l:0.2834
2021-06-03 20:25:58,330 - data_util.log - INFO - 
2021-06-03 20:36:33,825 - data_util.log - INFO - 0009000.tar rouge_1:0.2882 rouge_2:0.1948 rouge_l:0.2778
2021-06-03 20:36:33,937 - data_util.log - INFO - 
2021-06-03 20:47:16,865 - data_util.log - INFO - 0010000.tar rouge_1:0.2923 rouge_2:0.2149 rouge_l:0.2816
2021-06-03 20:47:16,981 - data_util.log - INFO - 
2021-06-03 20:57:53,833 - data_util.log - INFO - 0011000.tar rouge_1:0.2924 rouge_2:0.2174 rouge_l:0.2884
2021-06-03 20:57:53,950 - data_util.log - INFO - 
2021-06-03 21:08:30,963 - data_util.log - INFO - 0012000.tar rouge_1:0.3156 rouge_2:0.2276 rouge_l:0.2942
2021-06-03 21:08:31,079 - data_util.log - INFO - 
2021-06-03 21:19:02,196 - data_util.log - INFO - 0013000.tar rouge_1:0.2900 rouge_2:0.2004 rouge_l:0.2789
2021-06-03 21:19:02,312 - data_util.log - INFO - 
2021-06-03 21:29:33,942 - data_util.log - INFO - 0014000.tar rouge_1:0.2880 rouge_2:0.2231 rouge_l:0.2820
2021-06-03 21:29:34,058 - data_util.log - INFO - 
2021-06-03 21:40:08,727 - data_util.log - INFO - 0015000.tar rouge_1:0.2844 rouge_2:0.2256 rouge_l:0.2751
2021-06-03 21:40:08,841 - data_util.log - INFO - 
2021-06-03 21:50:42,636 - data_util.log - INFO - 0016000.tar rouge_1:0.2849 rouge_2:0.2207 rouge_l:0.2774
2021-06-03 21:50:42,754 - data_util.log - INFO - 
2021-06-03 22:01:17,142 - data_util.log - INFO - 0017000.tar rouge_1:0.2913 rouge_2:0.2256 rouge_l:0.2836
2021-06-03 22:01:17,258 - data_util.log - INFO - 
2021-06-03 22:11:49,354 - data_util.log - INFO - 0018000.tar rouge_1:0.2918 rouge_2:0.2209 rouge_l:0.2867
2021-06-03 22:11:49,469 - data_util.log - INFO - 
2021-06-03 22:22:25,999 - data_util.log - INFO - 0019000.tar rouge_1:0.2924 rouge_2:0.2220 rouge_l:0.2768
2021-06-03 22:22:26,114 - data_util.log - INFO - 
2021-06-03 22:32:56,813 - data_util.log - INFO - 0020000.tar rouge_1:0.2911 rouge_2:0.2269 rouge_l:0.2809
2021-06-03 22:32:56,924 - data_util.log - INFO - 
2021-06-03 22:43:24,306 - data_util.log - INFO - 0021000.tar rouge_1:0.2993 rouge_2:0.2259 rouge_l:0.2882
2021-06-03 22:43:24,409 - data_util.log - INFO - 
2021-06-03 22:53:35,162 - data_util.log - INFO - 0022000.tar rouge_1:0.2974 rouge_2:0.2269 rouge_l:0.2906
2021-06-03 22:53:35,269 - data_util.log - INFO - 
2021-06-03 23:03:20,744 - data_util.log - INFO - 0023000.tar rouge_1:0.2895 rouge_2:0.2220 rouge_l:0.2856
2021-06-03 23:03:20,846 - data_util.log - INFO - 
2021-06-03 23:12:52,291 - data_util.log - INFO - 0024000.tar rouge_1:0.2914 rouge_2:0.2253 rouge_l:0.2787
2021-06-03 23:12:52,394 - data_util.log - INFO - 
2021-06-03 23:22:14,216 - data_util.log - INFO - 0025000.tar rouge_1:0.3081 rouge_2:0.2237 rouge_l:0.2982
2021-06-03 23:22:14,321 - data_util.log - INFO - 
