2021-05-01 15:51:21,606 - data_util.log - INFO - log启动
2021-05-01 15:51:27,255 - data_util.log - INFO - Bucket queue size: 0, Input queue size: 0
2021-05-01 15:52:30,071 - data_util.log - ERROR - Found batch queue thread dead. Restarting.
2021-05-01 15:52:36,118 - data_util.log - INFO - Bucket queue size: 1, Input queue size: 3995
2021-05-01 15:54:09,671 - data_util.log - INFO - Bucket queue size: 51, Input queue size: 3999
2021-05-01 15:55:20,143 - data_util.log - INFO - Bucket queue size: 82, Input queue size: 3958
2021-05-01 15:56:25,407 - data_util.log - INFO - Bucket queue size: 85, Input queue size: 3965
2021-05-01 15:57:41,330 - data_util.log - INFO - Bucket queue size: 87, Input queue size: 3969
2021-05-01 15:58:55,249 - data_util.log - INFO - Bucket queue size: 102, Input queue size: 3973
2021-05-01 16:00:03,560 - data_util.log - INFO - Bucket queue size: 179, Input queue size: 4000
2021-05-01 16:01:09,547 - data_util.log - INFO - Bucket queue size: 187, Input queue size: 3996
2021-05-01 16:02:09,625 - data_util.log - INFO - Bucket queue size: 1000, Input queue size: 4000
2021-05-01 16:03:09,685 - data_util.log - INFO - Bucket queue size: 1000, Input queue size: 4000
2021-05-01 16:04:09,746 - data_util.log - INFO - Bucket queue size: 1000, Input queue size: 4000
2021-05-01 16:05:09,806 - data_util.log - INFO - Bucket queue size: 1000, Input queue size: 4000
2021-05-01 16:06:09,866 - data_util.log - INFO - Bucket queue size: 1000, Input queue size: 4000
2021-05-01 16:07:09,926 - data_util.log - INFO - Bucket queue size: 1000, Input queue size: 4000
2021-05-01 16:08:09,987 - data_util.log - INFO - Bucket queue size: 1000, Input queue size: 4000
2021-05-01 16:09:10,047 - data_util.log - INFO - Bucket queue size: 1000, Input queue size: 4000
2021-05-01 16:10:10,107 - data_util.log - INFO - Bucket queue size: 1000, Input queue size: 4000
2021-05-01 16:11:10,155 - data_util.log - INFO - Bucket queue size: 1000, Input queue size: 4000
2021-05-01 16:12:10,215 - data_util.log - INFO - Bucket queue size: 1000, Input queue size: 4000
2021-05-01 16:13:10,276 - data_util.log - INFO - Bucket queue size: 1000, Input queue size: 4000
2021-05-01 16:14:10,336 - data_util.log - INFO - Bucket queue size: 1000, Input queue size: 4000
2021-05-01 16:19:51,845 - data_util.log - INFO - log启动
2021-05-01 16:19:57,586 - data_util.log - INFO - Bucket queue size: 0, Input queue size: 0
2021-05-01 16:21:00,300 - data_util.log - ERROR - Found batch queue thread dead. Restarting.
2021-05-01 16:21:03,575 - data_util.log - INFO - Bucket queue size: 1, Input queue size: 3995
2021-05-01 16:22:18,258 - data_util.log - INFO - Bucket queue size: 31, Input queue size: 4000
2021-05-01 16:24:10,776 - data_util.log - INFO - Bucket queue size: 43, Input queue size: 3985
2021-05-01 16:25:19,190 - data_util.log - INFO - Bucket queue size: 49, Input queue size: 3996
2021-05-01 16:26:41,161 - data_util.log - INFO - Bucket queue size: 58, Input queue size: 3997
2021-05-01 16:27:55,410 - data_util.log - INFO - Bucket queue size: 79, Input queue size: 3998
2021-05-01 16:29:19,411 - data_util.log - INFO - Bucket queue size: 108, Input queue size: 3908
2021-05-01 16:30:39,140 - data_util.log - INFO - Bucket queue size: 135, Input queue size: 3835
2021-05-01 16:31:39,201 - data_util.log - INFO - Bucket queue size: 1000, Input queue size: 4000
2021-05-01 16:32:39,262 - data_util.log - INFO - Bucket queue size: 1000, Input queue size: 4000
2021-05-01 16:33:39,323 - data_util.log - INFO - Bucket queue size: 1000, Input queue size: 4000
2021-05-01 16:34:39,383 - data_util.log - INFO - Bucket queue size: 1000, Input queue size: 4000
2021-05-01 16:35:39,444 - data_util.log - INFO - Bucket queue size: 1000, Input queue size: 4000
2021-05-01 16:36:39,505 - data_util.log - INFO - Bucket queue size: 1000, Input queue size: 4000
2021-05-01 16:37:39,566 - data_util.log - INFO - Bucket queue size: 1000, Input queue size: 4000
2021-05-01 16:38:39,626 - data_util.log - INFO - Bucket queue size: 1000, Input queue size: 4000
2021-05-01 16:39:24,816 - data_util.log - INFO - iter:12500  mle_loss:0.000  rl_loss:-0.093  reward:0.3336
2021-05-01 16:39:39,687 - data_util.log - INFO - Bucket queue size: 1000, Input queue size: 4000
2021-05-01 16:40:39,748 - data_util.log - INFO - Bucket queue size: 1000, Input queue size: 4000
2021-05-01 16:41:39,809 - data_util.log - INFO - Bucket queue size: 1000, Input queue size: 4000
2021-05-01 16:42:39,869 - data_util.log - INFO - Bucket queue size: 1000, Input queue size: 4000
2021-05-01 16:43:39,930 - data_util.log - INFO - Bucket queue size: 1000, Input queue size: 4000
2021-05-01 16:44:39,991 - data_util.log - INFO - Bucket queue size: 1000, Input queue size: 4000
2021-05-01 16:45:40,051 - data_util.log - INFO - Bucket queue size: 1000, Input queue size: 4000
2021-05-01 16:46:40,112 - data_util.log - INFO - Bucket queue size: 1000, Input queue size: 4000
2021-05-01 16:47:40,173 - data_util.log - INFO - Bucket queue size: 1000, Input queue size: 4000
2021-05-01 16:48:03,569 - data_util.log - INFO - iter:13000  mle_loss:0.000  rl_loss:0.019  reward:0.3660
2021-05-01 16:48:40,233 - data_util.log - INFO - Bucket queue size: 1000, Input queue size: 4000
2021-05-01 16:49:40,294 - data_util.log - INFO - Bucket queue size: 1000, Input queue size: 4000
2021-05-01 16:50:40,355 - data_util.log - INFO - Bucket queue size: 1000, Input queue size: 4000
2021-05-01 16:53:45,435 - data_util.log - INFO - log启动
2021-05-01 16:53:51,089 - data_util.log - INFO - Bucket queue size: 0, Input queue size: 0
2021-05-01 16:54:52,652 - data_util.log - ERROR - Found batch queue thread dead. Restarting.
2021-05-01 16:55:05,049 - data_util.log - INFO - Bucket queue size: 1, Input queue size: 3995
2021-05-01 16:56:29,136 - data_util.log - INFO - Bucket queue size: 59, Input queue size: 3983
2021-05-01 16:58:03,066 - data_util.log - INFO - Bucket queue size: 72, Input queue size: 4000
2021-05-01 16:59:31,128 - data_util.log - INFO - Bucket queue size: 100, Input queue size: 3944
2021-05-01 17:00:31,708 - data_util.log - INFO - Bucket queue size: 105, Input queue size: 4000
2021-05-01 17:01:50,279 - data_util.log - INFO - Bucket queue size: 136, Input queue size: 4000
2021-05-01 17:03:09,093 - data_util.log - INFO - Bucket queue size: 147, Input queue size: 3989
2021-05-01 17:04:09,154 - data_util.log - INFO - Bucket queue size: 1000, Input queue size: 4000
2021-05-01 17:05:09,215 - data_util.log - INFO - Bucket queue size: 1000, Input queue size: 4000
2021-05-01 17:06:09,275 - data_util.log - INFO - Bucket queue size: 1000, Input queue size: 4000
2021-05-01 17:07:09,335 - data_util.log - INFO - Bucket queue size: 1000, Input queue size: 4000
2021-05-01 17:08:09,396 - data_util.log - INFO - Bucket queue size: 1000, Input queue size: 4000
2021-05-01 17:09:09,456 - data_util.log - INFO - Bucket queue size: 1000, Input queue size: 4000
2021-05-01 17:10:09,516 - data_util.log - INFO - Bucket queue size: 1000, Input queue size: 4000
2021-05-01 17:13:15,071 - data_util.log - INFO - log启动
2021-05-01 18:06:47,745 - data_util.log - INFO - log启动
2021-05-01 18:06:53,480 - data_util.log - INFO - Bucket queue size: 0, Input queue size: 0
2021-05-01 18:07:53,573 - data_util.log - ERROR - Found batch queue thread dead. Restarting.
2021-05-01 18:07:58,235 - data_util.log - INFO - Bucket queue size: 1, Input queue size: 3995
2021-05-01 18:09:07,665 - data_util.log - INFO - Bucket queue size: 16, Input queue size: 4000
2021-05-01 18:10:29,841 - data_util.log - INFO - Bucket queue size: 22, Input queue size: 4000
2021-05-01 18:11:36,100 - data_util.log - INFO - Bucket queue size: 36, Input queue size: 3992
2021-05-01 18:12:42,705 - data_util.log - INFO - Bucket queue size: 45, Input queue size: 3986
2021-05-01 18:13:43,235 - data_util.log - INFO - Bucket queue size: 52, Input queue size: 3992
2021-05-01 18:15:09,903 - data_util.log - INFO - Bucket queue size: 76, Input queue size: 3984
2021-05-01 18:16:13,313 - data_util.log - INFO - Bucket queue size: 88, Input queue size: 3999
2021-05-01 18:17:14,620 - data_util.log - INFO - Bucket queue size: 1000, Input queue size: 4000
2021-05-01 18:18:14,681 - data_util.log - INFO - Bucket queue size: 1000, Input queue size: 4000
2021-05-01 18:19:14,742 - data_util.log - INFO - Bucket queue size: 1000, Input queue size: 4000
2021-05-01 18:20:14,803 - data_util.log - INFO - Bucket queue size: 1000, Input queue size: 4000
2021-05-01 18:21:14,864 - data_util.log - INFO - Bucket queue size: 1000, Input queue size: 4000
2021-05-01 18:22:14,924 - data_util.log - INFO - Bucket queue size: 1000, Input queue size: 4000
2021-05-01 18:23:14,985 - data_util.log - INFO - Bucket queue size: 1000, Input queue size: 4000
2021-05-01 18:24:15,047 - data_util.log - INFO - Bucket queue size: 1000, Input queue size: 3997
2021-05-01 18:25:15,113 - data_util.log - INFO - Bucket queue size: 1000, Input queue size: 4000
2021-05-01 18:25:50,504 - data_util.log - INFO - iter:12500  mle_loss:0.000  rl_loss:-0.053  reward:0.3396
2021-05-01 18:26:15,174 - data_util.log - INFO - Bucket queue size: 1000, Input queue size: 4000
2021-05-01 18:27:15,240 - data_util.log - INFO - Bucket queue size: 1000, Input queue size: 4000
2021-05-01 18:28:15,305 - data_util.log - INFO - Bucket queue size: 1000, Input queue size: 4000
2021-05-01 18:29:15,371 - data_util.log - INFO - Bucket queue size: 1000, Input queue size: 4000
2021-05-01 18:30:15,433 - data_util.log - INFO - Bucket queue size: 1000, Input queue size: 4000
2021-05-01 18:31:15,493 - data_util.log - INFO - Bucket queue size: 1000, Input queue size: 4000
2021-05-01 18:32:15,554 - data_util.log - INFO - Bucket queue size: 1000, Input queue size: 4000
2021-05-01 18:33:15,615 - data_util.log - INFO - Bucket queue size: 1000, Input queue size: 4000
2021-05-01 18:34:15,632 - data_util.log - INFO - Bucket queue size: 1000, Input queue size: 4000
2021-05-01 18:34:30,761 - data_util.log - INFO - iter:13000  mle_loss:0.000  rl_loss:0.025  reward:0.3545
2021-05-01 18:35:15,698 - data_util.log - INFO - Bucket queue size: 1000, Input queue size: 4000
2021-05-01 18:36:15,758 - data_util.log - INFO - Bucket queue size: 1000, Input queue size: 4000
2021-05-01 18:37:15,819 - data_util.log - INFO - Bucket queue size: 1000, Input queue size: 4000
2021-05-01 18:38:15,880 - data_util.log - INFO - Bucket queue size: 1000, Input queue size: 4000
2021-05-01 18:39:15,940 - data_util.log - INFO - Bucket queue size: 1000, Input queue size: 4000
2021-05-01 18:40:16,001 - data_util.log - INFO - Bucket queue size: 1000, Input queue size: 4000
2021-05-01 18:41:16,061 - data_util.log - INFO - Bucket queue size: 1000, Input queue size: 4000
2021-05-01 18:42:16,122 - data_util.log - INFO - Bucket queue size: 1000, Input queue size: 4000
2021-05-01 18:43:12,128 - data_util.log - INFO - iter:13500  mle_loss:0.000  rl_loss:0.052  reward:0.3684
2021-05-01 18:43:16,183 - data_util.log - INFO - Bucket queue size: 1000, Input queue size: 4000
2021-05-01 18:44:16,243 - data_util.log - INFO - Bucket queue size: 1000, Input queue size: 4000
2021-05-01 18:45:16,304 - data_util.log - INFO - Bucket queue size: 1000, Input queue size: 4000
2021-05-01 18:46:16,364 - data_util.log - INFO - Bucket queue size: 1000, Input queue size: 4000
2021-05-01 18:47:16,425 - data_util.log - INFO - Bucket queue size: 1000, Input queue size: 4000
2021-05-01 18:48:16,486 - data_util.log - INFO - Bucket queue size: 1000, Input queue size: 4000
2021-05-01 18:49:16,547 - data_util.log - INFO - Bucket queue size: 1000, Input queue size: 4000
2021-05-01 18:50:16,607 - data_util.log - INFO - Bucket queue size: 1000, Input queue size: 4000
2021-05-01 18:51:16,668 - data_util.log - INFO - Bucket queue size: 1000, Input queue size: 4000
2021-05-01 18:51:50,892 - data_util.log - INFO - iter:14000  mle_loss:0.000  rl_loss:0.057  reward:0.3699
2021-05-01 18:52:16,729 - data_util.log - INFO - Bucket queue size: 1000, Input queue size: 4000
2021-05-01 18:53:16,789 - data_util.log - INFO - Bucket queue size: 1000, Input queue size: 4000
2021-05-01 18:54:16,850 - data_util.log - INFO - Bucket queue size: 1000, Input queue size: 4000
2021-05-01 18:55:16,911 - data_util.log - INFO - Bucket queue size: 1000, Input queue size: 4000
2021-05-01 18:56:16,971 - data_util.log - INFO - Bucket queue size: 1000, Input queue size: 4000
2021-05-01 18:57:17,032 - data_util.log - INFO - Bucket queue size: 1000, Input queue size: 4000
2021-05-01 18:58:17,093 - data_util.log - INFO - Bucket queue size: 1000, Input queue size: 4000
2021-05-01 18:59:17,153 - data_util.log - INFO - Bucket queue size: 1000, Input queue size: 4000
2021-05-01 19:00:17,214 - data_util.log - INFO - Bucket queue size: 1000, Input queue size: 4000
2021-05-01 19:00:34,956 - data_util.log - INFO - iter:14500  mle_loss:0.000  rl_loss:0.123  reward:0.3624
2021-05-01 19:01:17,275 - data_util.log - INFO - Bucket queue size: 1000, Input queue size: 4000
2021-05-01 19:02:17,335 - data_util.log - INFO - Bucket queue size: 1000, Input queue size: 4000
2021-05-01 19:03:17,396 - data_util.log - INFO - Bucket queue size: 1000, Input queue size: 4000
2021-05-01 19:04:17,457 - data_util.log - INFO - Bucket queue size: 1000, Input queue size: 4000
2021-05-01 19:05:17,517 - data_util.log - INFO - Bucket queue size: 1000, Input queue size: 4000
2021-05-01 19:06:17,578 - data_util.log - INFO - Bucket queue size: 1000, Input queue size: 4000
2021-05-01 19:07:17,644 - data_util.log - INFO - Bucket queue size: 1000, Input queue size: 4000
2021-05-01 19:08:17,715 - data_util.log - INFO - Bucket queue size: 1000, Input queue size: 4000
2021-05-01 19:09:11,785 - data_util.log - INFO - iter:15000  mle_loss:0.000  rl_loss:0.054  reward:0.3569
2021-05-01 19:09:17,776 - data_util.log - INFO - Bucket queue size: 1000, Input queue size: 4000
2021-05-01 19:09:52,794 - data_util.log - INFO - log启动
2021-05-01 19:10:17,836 - data_util.log - INFO - Bucket queue size: 1000, Input queue size: 4000
2021-05-01 19:11:17,897 - data_util.log - INFO - Bucket queue size: 1000, Input queue size: 4000
2021-05-01 19:12:17,958 - data_util.log - INFO - Bucket queue size: 1000, Input queue size: 4000
2021-05-01 19:13:18,018 - data_util.log - INFO - Bucket queue size: 1000, Input queue size: 4000
2021-05-01 19:14:18,079 - data_util.log - INFO - Bucket queue size: 1000, Input queue size: 4000
2021-05-01 19:15:18,140 - data_util.log - INFO - Bucket queue size: 1000, Input queue size: 4000
2021-05-01 19:16:18,201 - data_util.log - INFO - Bucket queue size: 1000, Input queue size: 4000
2021-05-01 19:17:18,261 - data_util.log - INFO - Bucket queue size: 1000, Input queue size: 4000
2021-05-01 19:17:50,931 - data_util.log - INFO - iter:15500  mle_loss:0.000  rl_loss:0.067  reward:0.3703
2021-05-01 19:18:18,322 - data_util.log - INFO - Bucket queue size: 1000, Input queue size: 4000
2021-05-01 19:19:18,326 - data_util.log - INFO - Bucket queue size: 1000, Input queue size: 4000
2021-05-01 19:20:18,386 - data_util.log - INFO - Bucket queue size: 1000, Input queue size: 4000
2021-05-01 19:21:18,443 - data_util.log - INFO - Bucket queue size: 1000, Input queue size: 4000
2021-05-01 19:22:18,447 - data_util.log - INFO - Bucket queue size: 1000, Input queue size: 4000
2021-05-01 19:23:18,451 - data_util.log - INFO - Bucket queue size: 1000, Input queue size: 4000
2021-05-01 19:24:18,512 - data_util.log - INFO - Bucket queue size: 1000, Input queue size: 4000
2021-05-01 19:25:18,573 - data_util.log - INFO - Bucket queue size: 1000, Input queue size: 4000
2021-05-01 19:26:18,633 - data_util.log - INFO - Bucket queue size: 1000, Input queue size: 4000
2021-05-01 19:26:29,357 - data_util.log - INFO - iter:16000  mle_loss:0.000  rl_loss:0.037  reward:0.3733
2021-05-01 19:27:18,694 - data_util.log - INFO - Bucket queue size: 1000, Input queue size: 4000
2021-05-01 19:28:18,760 - data_util.log - INFO - Bucket queue size: 1000, Input queue size: 4000
2021-05-01 19:29:18,826 - data_util.log - INFO - Bucket queue size: 1000, Input queue size: 4000
2021-05-01 19:30:18,887 - data_util.log - INFO - Bucket queue size: 1000, Input queue size: 4000
2021-05-01 19:31:18,947 - data_util.log - INFO - Bucket queue size: 1000, Input queue size: 4000
2021-05-01 19:32:19,008 - data_util.log - INFO - Bucket queue size: 1000, Input queue size: 4000
2021-05-01 19:33:19,069 - data_util.log - INFO - Bucket queue size: 1000, Input queue size: 4000
2021-05-01 19:34:19,129 - data_util.log - INFO - Bucket queue size: 1000, Input queue size: 4000
2021-05-01 19:35:09,600 - data_util.log - INFO - iter:16500  mle_loss:0.000  rl_loss:0.035  reward:0.3797
2021-05-01 19:35:19,190 - data_util.log - INFO - Bucket queue size: 1000, Input queue size: 4000
2021-05-01 19:36:19,250 - data_util.log - INFO - Bucket queue size: 1000, Input queue size: 4000
2021-05-01 19:37:19,311 - data_util.log - INFO - Bucket queue size: 1000, Input queue size: 4000
2021-05-01 19:38:19,372 - data_util.log - INFO - Bucket queue size: 1000, Input queue size: 4000
2021-05-01 19:39:19,432 - data_util.log - INFO - Bucket queue size: 1000, Input queue size: 4000
2021-05-01 19:40:19,493 - data_util.log - INFO - Bucket queue size: 1000, Input queue size: 4000
2021-05-01 19:41:19,553 - data_util.log - INFO - Bucket queue size: 1000, Input queue size: 4000
2021-05-01 19:42:19,614 - data_util.log - INFO - Bucket queue size: 1000, Input queue size: 4000
2021-05-01 19:43:19,675 - data_util.log - INFO - Bucket queue size: 1000, Input queue size: 4000
2021-05-01 19:43:48,597 - data_util.log - INFO - iter:17000  mle_loss:0.000  rl_loss:0.043  reward:0.3790
2021-05-01 19:44:19,736 - data_util.log - INFO - Bucket queue size: 1000, Input queue size: 4000
2021-05-01 19:45:19,787 - data_util.log - INFO - Bucket queue size: 1000, Input queue size: 4000
2021-05-01 19:46:19,848 - data_util.log - INFO - Bucket queue size: 1000, Input queue size: 4000
2021-05-01 19:47:19,908 - data_util.log - INFO - Bucket queue size: 1000, Input queue size: 4000
2021-05-01 19:48:19,969 - data_util.log - INFO - Bucket queue size: 1000, Input queue size: 4000
2021-05-01 19:49:20,030 - data_util.log - INFO - Bucket queue size: 1000, Input queue size: 4000
2021-05-01 19:50:20,090 - data_util.log - INFO - Bucket queue size: 1000, Input queue size: 4000
2021-05-01 19:51:20,151 - data_util.log - INFO - Bucket queue size: 1000, Input queue size: 4000
2021-05-01 19:52:20,212 - data_util.log - INFO - Bucket queue size: 1000, Input queue size: 4000
2021-05-01 19:52:29,246 - data_util.log - INFO - iter:17500  mle_loss:0.000  rl_loss:0.065  reward:0.3867
2021-05-01 19:53:20,272 - data_util.log - INFO - Bucket queue size: 1000, Input queue size: 4000
2021-05-01 19:54:20,333 - data_util.log - INFO - Bucket queue size: 1000, Input queue size: 4000
2021-05-01 19:55:20,394 - data_util.log - INFO - Bucket queue size: 1000, Input queue size: 4000
2021-05-01 19:56:20,454 - data_util.log - INFO - Bucket queue size: 1000, Input queue size: 4000
2021-05-01 19:57:20,515 - data_util.log - INFO - Bucket queue size: 1000, Input queue size: 4000
2021-05-01 19:58:20,575 - data_util.log - INFO - Bucket queue size: 1000, Input queue size: 4000
2021-05-01 19:59:20,636 - data_util.log - INFO - Bucket queue size: 1000, Input queue size: 4000
2021-05-01 20:00:20,697 - data_util.log - INFO - Bucket queue size: 1000, Input queue size: 4000
2021-05-01 20:01:09,337 - data_util.log - INFO - iter:18000  mle_loss:0.000  rl_loss:0.216  reward:0.3694
2021-05-01 20:01:20,757 - data_util.log - INFO - Bucket queue size: 1000, Input queue size: 4000
2021-05-01 20:02:20,818 - data_util.log - INFO - Bucket queue size: 1000, Input queue size: 4000
2021-05-01 20:03:20,879 - data_util.log - INFO - Bucket queue size: 1000, Input queue size: 4000
2021-05-01 20:04:20,939 - data_util.log - INFO - Bucket queue size: 1000, Input queue size: 4000
2021-05-01 20:05:21,000 - data_util.log - INFO - Bucket queue size: 1000, Input queue size: 4000
2021-05-01 20:06:21,061 - data_util.log - INFO - Bucket queue size: 1000, Input queue size: 4000
2021-05-01 20:07:21,121 - data_util.log - INFO - Bucket queue size: 1000, Input queue size: 4000
2021-05-01 20:08:21,182 - data_util.log - INFO - Bucket queue size: 1000, Input queue size: 4000
2021-05-01 20:09:21,242 - data_util.log - INFO - Bucket queue size: 1000, Input queue size: 4000
2021-05-01 20:09:47,539 - data_util.log - INFO - iter:18500  mle_loss:0.000  rl_loss:0.174  reward:0.3700
2021-05-01 20:10:21,303 - data_util.log - INFO - Bucket queue size: 1000, Input queue size: 4000
2021-05-01 20:11:21,364 - data_util.log - INFO - Bucket queue size: 1000, Input queue size: 4000
2021-05-01 20:12:21,425 - data_util.log - INFO - Bucket queue size: 1000, Input queue size: 4000
2021-05-01 20:13:21,485 - data_util.log - INFO - Bucket queue size: 1000, Input queue size: 4000
2021-05-01 20:14:21,546 - data_util.log - INFO - Bucket queue size: 1000, Input queue size: 4000
2021-05-01 20:15:21,606 - data_util.log - INFO - Bucket queue size: 1000, Input queue size: 4000
2021-05-01 20:16:21,667 - data_util.log - INFO - Bucket queue size: 1000, Input queue size: 4000
2021-05-01 20:17:21,727 - data_util.log - INFO - Bucket queue size: 1000, Input queue size: 4000
2021-05-01 20:18:21,739 - data_util.log - INFO - Bucket queue size: 1000, Input queue size: 4000
2021-05-01 20:18:23,169 - data_util.log - INFO - iter:19000  mle_loss:0.000  rl_loss:0.163  reward:0.3620
2021-05-01 20:19:21,800 - data_util.log - INFO - Bucket queue size: 1000, Input queue size: 4000
2021-05-01 20:20:21,861 - data_util.log - INFO - Bucket queue size: 1000, Input queue size: 4000
2021-05-01 20:21:21,922 - data_util.log - INFO - Bucket queue size: 1000, Input queue size: 4000
2021-05-01 20:22:21,982 - data_util.log - INFO - Bucket queue size: 1000, Input queue size: 4000
2021-05-01 20:23:22,043 - data_util.log - INFO - Bucket queue size: 1000, Input queue size: 4000
2021-05-01 20:24:22,103 - data_util.log - INFO - Bucket queue size: 1000, Input queue size: 4000
2021-05-01 20:25:22,164 - data_util.log - INFO - Bucket queue size: 1000, Input queue size: 4000
2021-05-01 20:26:22,225 - data_util.log - INFO - Bucket queue size: 1000, Input queue size: 4000
2021-05-01 20:27:00,089 - data_util.log - INFO - iter:19500  mle_loss:0.000  rl_loss:0.127  reward:0.3637
2021-05-01 20:27:22,286 - data_util.log - INFO - Bucket queue size: 1000, Input queue size: 4000
2021-05-01 20:28:22,346 - data_util.log - INFO - Bucket queue size: 1000, Input queue size: 4000
2021-05-01 20:29:22,407 - data_util.log - INFO - Bucket queue size: 1000, Input queue size: 4000
2021-05-01 20:30:22,457 - data_util.log - INFO - Bucket queue size: 1000, Input queue size: 4000
2021-05-01 20:31:22,528 - data_util.log - INFO - Bucket queue size: 1000, Input queue size: 4000
2021-05-01 20:32:22,563 - data_util.log - INFO - Bucket queue size: 1000, Input queue size: 4000
2021-05-01 20:33:22,624 - data_util.log - INFO - Bucket queue size: 1000, Input queue size: 4000
2021-05-01 20:34:22,684 - data_util.log - INFO - Bucket queue size: 1000, Input queue size: 4000
2021-05-01 20:35:22,745 - data_util.log - INFO - Bucket queue size: 1000, Input queue size: 4000
2021-05-01 20:35:34,096 - data_util.log - INFO - iter:20000  mle_loss:0.000  rl_loss:0.182  reward:0.3577
2021-05-01 20:36:22,806 - data_util.log - INFO - Bucket queue size: 1000, Input queue size: 4000
2021-05-01 20:37:22,866 - data_util.log - INFO - Bucket queue size: 1000, Input queue size: 4000
2021-05-01 20:38:22,927 - data_util.log - INFO - Bucket queue size: 1000, Input queue size: 4000
2021-05-01 20:39:22,988 - data_util.log - INFO - Bucket queue size: 1000, Input queue size: 4000
2021-05-01 20:40:23,048 - data_util.log - INFO - Bucket queue size: 1000, Input queue size: 4000
2021-05-01 20:41:23,109 - data_util.log - INFO - Bucket queue size: 1000, Input queue size: 4000
2021-05-01 20:42:23,170 - data_util.log - INFO - Bucket queue size: 1000, Input queue size: 4000
2021-05-01 20:43:23,230 - data_util.log - INFO - Bucket queue size: 1000, Input queue size: 4000
2021-05-01 20:44:09,209 - data_util.log - INFO - iter:20500  mle_loss:0.000  rl_loss:0.198  reward:0.3490
2021-05-01 20:44:23,291 - data_util.log - INFO - Bucket queue size: 1000, Input queue size: 4000
2021-05-01 20:45:23,351 - data_util.log - INFO - Bucket queue size: 1000, Input queue size: 4000
2021-05-01 20:46:23,412 - data_util.log - INFO - Bucket queue size: 1000, Input queue size: 4000
2021-05-01 20:47:23,473 - data_util.log - INFO - Bucket queue size: 1000, Input queue size: 4000
2021-05-01 20:48:23,533 - data_util.log - INFO - Bucket queue size: 1000, Input queue size: 4000
2021-05-01 20:49:23,594 - data_util.log - INFO - Bucket queue size: 1000, Input queue size: 4000
2021-05-01 20:50:23,655 - data_util.log - INFO - Bucket queue size: 1000, Input queue size: 4000
2021-05-01 20:51:23,715 - data_util.log - INFO - Bucket queue size: 1000, Input queue size: 4000
2021-05-01 20:52:23,776 - data_util.log - INFO - Bucket queue size: 1000, Input queue size: 4000
2021-05-01 20:52:44,864 - data_util.log - INFO - iter:21000  mle_loss:0.000  rl_loss:0.185  reward:0.3590
2021-05-01 20:53:23,837 - data_util.log - INFO - Bucket queue size: 1000, Input queue size: 4000
2021-05-01 20:54:23,898 - data_util.log - INFO - Bucket queue size: 1000, Input queue size: 4000
2021-05-01 20:55:23,958 - data_util.log - INFO - Bucket queue size: 1000, Input queue size: 4000
2021-05-01 20:56:24,019 - data_util.log - INFO - Bucket queue size: 1000, Input queue size: 4000
2021-05-01 20:57:24,079 - data_util.log - INFO - Bucket queue size: 1000, Input queue size: 4000
2021-05-01 20:58:24,140 - data_util.log - INFO - Bucket queue size: 1000, Input queue size: 4000
2021-05-01 20:59:24,201 - data_util.log - INFO - Bucket queue size: 1000, Input queue size: 4000
2021-05-01 21:00:24,261 - data_util.log - INFO - Bucket queue size: 1000, Input queue size: 4000
2021-05-01 21:01:24,322 - data_util.log - INFO - Bucket queue size: 1000, Input queue size: 4000
2021-05-01 21:01:24,716 - data_util.log - INFO - iter:21500  mle_loss:0.000  rl_loss:0.254  reward:0.3569
2021-05-01 21:02:24,383 - data_util.log - INFO - Bucket queue size: 1000, Input queue size: 4000
2021-05-01 21:03:24,443 - data_util.log - INFO - Bucket queue size: 1000, Input queue size: 4000
2021-05-01 21:04:24,504 - data_util.log - INFO - Bucket queue size: 1000, Input queue size: 4000
2021-05-01 21:05:24,564 - data_util.log - INFO - Bucket queue size: 1000, Input queue size: 4000
2021-05-01 21:06:24,625 - data_util.log - INFO - Bucket queue size: 1000, Input queue size: 4000
2021-05-01 21:07:24,691 - data_util.log - INFO - Bucket queue size: 1000, Input queue size: 4000
2021-05-01 21:08:24,758 - data_util.log - INFO - Bucket queue size: 1000, Input queue size: 4000
2021-05-01 21:09:24,819 - data_util.log - INFO - Bucket queue size: 1000, Input queue size: 4000
2021-05-01 21:10:03,505 - data_util.log - INFO - iter:22000  mle_loss:0.000  rl_loss:0.235  reward:0.3609
2021-05-01 21:10:24,880 - data_util.log - INFO - Bucket queue size: 1000, Input queue size: 4000
2021-05-01 21:11:24,940 - data_util.log - INFO - Bucket queue size: 1000, Input queue size: 4000
2021-05-01 21:12:25,000 - data_util.log - INFO - Bucket queue size: 1000, Input queue size: 4000
2021-05-01 21:13:25,061 - data_util.log - INFO - Bucket queue size: 1000, Input queue size: 4000
2021-05-01 21:14:25,121 - data_util.log - INFO - Bucket queue size: 1000, Input queue size: 4000
2021-05-01 21:15:25,181 - data_util.log - INFO - Bucket queue size: 1000, Input queue size: 4000
2021-05-01 21:16:25,241 - data_util.log - INFO - Bucket queue size: 1000, Input queue size: 4000
2021-05-01 21:17:25,302 - data_util.log - INFO - Bucket queue size: 1000, Input queue size: 4000
2021-05-01 21:18:25,362 - data_util.log - INFO - Bucket queue size: 1000, Input queue size: 4000
2021-05-01 21:19:25,422 - data_util.log - INFO - Bucket queue size: 1000, Input queue size: 4000
2021-05-01 21:20:25,483 - data_util.log - INFO - Bucket queue size: 1000, Input queue size: 4000
2021-05-01 21:21:25,543 - data_util.log - INFO - Bucket queue size: 1000, Input queue size: 4000
2021-05-01 21:22:25,603 - data_util.log - INFO - Bucket queue size: 1000, Input queue size: 4000
2021-05-01 21:23:25,664 - data_util.log - INFO - Bucket queue size: 1000, Input queue size: 4000
2021-05-01 21:24:25,724 - data_util.log - INFO - Bucket queue size: 1000, Input queue size: 4000
2021-05-01 21:25:25,784 - data_util.log - INFO - Bucket queue size: 1000, Input queue size: 4000
2021-05-01 21:26:25,845 - data_util.log - INFO - Bucket queue size: 1000, Input queue size: 4000
2021-05-01 21:27:25,905 - data_util.log - INFO - Bucket queue size: 1000, Input queue size: 4000
2021-05-01 21:28:25,931 - data_util.log - INFO - Bucket queue size: 1000, Input queue size: 4000
2021-05-01 21:29:25,991 - data_util.log - INFO - Bucket queue size: 1000, Input queue size: 4000
2021-05-01 21:30:26,052 - data_util.log - INFO - Bucket queue size: 1000, Input queue size: 4000
2021-05-01 21:31:26,112 - data_util.log - INFO - Bucket queue size: 1000, Input queue size: 4000
2021-05-01 21:32:26,172 - data_util.log - INFO - Bucket queue size: 1000, Input queue size: 4000
2021-05-01 21:33:26,233 - data_util.log - INFO - Bucket queue size: 1000, Input queue size: 4000
2021-05-01 21:34:26,293 - data_util.log - INFO - Bucket queue size: 1000, Input queue size: 4000
2021-05-01 21:35:26,353 - data_util.log - INFO - Bucket queue size: 1000, Input queue size: 4000
2021-05-01 21:36:26,413 - data_util.log - INFO - Bucket queue size: 1000, Input queue size: 4000
2021-05-01 21:37:26,474 - data_util.log - INFO - Bucket queue size: 1000, Input queue size: 4000
2021-05-01 21:38:26,534 - data_util.log - INFO - Bucket queue size: 1000, Input queue size: 4000
2021-05-01 21:39:26,563 - data_util.log - INFO - Bucket queue size: 1000, Input queue size: 4000
2021-05-01 21:40:26,567 - data_util.log - INFO - Bucket queue size: 1000, Input queue size: 4000
2021-05-01 21:41:26,627 - data_util.log - INFO - Bucket queue size: 1000, Input queue size: 4000
2021-05-01 21:42:26,688 - data_util.log - INFO - Bucket queue size: 1000, Input queue size: 4000
2021-05-01 21:43:26,748 - data_util.log - INFO - Bucket queue size: 1000, Input queue size: 4000
2021-05-01 21:44:26,808 - data_util.log - INFO - Bucket queue size: 1000, Input queue size: 4000
2021-05-01 21:45:26,869 - data_util.log - INFO - Bucket queue size: 1000, Input queue size: 4000
2021-05-01 21:46:26,929 - data_util.log - INFO - Bucket queue size: 1000, Input queue size: 4000
2021-05-01 21:47:26,989 - data_util.log - INFO - Bucket queue size: 1000, Input queue size: 4000
2021-05-01 21:48:27,049 - data_util.log - INFO - Bucket queue size: 1000, Input queue size: 4000
2021-05-01 21:49:27,110 - data_util.log - INFO - Bucket queue size: 1000, Input queue size: 4000
2021-05-01 21:50:27,170 - data_util.log - INFO - Bucket queue size: 1000, Input queue size: 4000
2021-05-01 21:51:27,230 - data_util.log - INFO - Bucket queue size: 1000, Input queue size: 4000
2021-05-01 21:52:27,291 - data_util.log - INFO - Bucket queue size: 1000, Input queue size: 4000
2021-05-01 21:53:27,351 - data_util.log - INFO - Bucket queue size: 1000, Input queue size: 4000
2021-05-01 21:54:27,411 - data_util.log - INFO - Bucket queue size: 1000, Input queue size: 4000
2021-05-01 21:55:27,472 - data_util.log - INFO - Bucket queue size: 1000, Input queue size: 4000
2021-05-01 21:56:27,532 - data_util.log - INFO - Bucket queue size: 1000, Input queue size: 4000
2021-05-01 21:57:27,592 - data_util.log - INFO - Bucket queue size: 1000, Input queue size: 4000
2021-05-01 21:58:27,653 - data_util.log - INFO - Bucket queue size: 1000, Input queue size: 4000
2021-05-01 21:59:27,713 - data_util.log - INFO - Bucket queue size: 1000, Input queue size: 4000
2021-05-01 22:00:27,773 - data_util.log - INFO - Bucket queue size: 1000, Input queue size: 4000
2021-05-01 22:01:27,834 - data_util.log - INFO - Bucket queue size: 1000, Input queue size: 4000
2021-05-01 22:02:27,894 - data_util.log - INFO - Bucket queue size: 1000, Input queue size: 4000
2021-05-01 22:03:27,954 - data_util.log - INFO - Bucket queue size: 1000, Input queue size: 4000
2021-05-01 22:04:28,014 - data_util.log - INFO - Bucket queue size: 1000, Input queue size: 4000
2021-05-01 22:05:28,075 - data_util.log - INFO - Bucket queue size: 1000, Input queue size: 4000
2021-05-01 22:06:28,135 - data_util.log - INFO - Bucket queue size: 1000, Input queue size: 4000
2021-05-01 22:07:28,195 - data_util.log - INFO - Bucket queue size: 1000, Input queue size: 4000
2021-05-01 22:08:28,256 - data_util.log - INFO - Bucket queue size: 1000, Input queue size: 4000
2021-05-01 22:09:28,316 - data_util.log - INFO - Bucket queue size: 1000, Input queue size: 4000
2021-05-01 22:10:28,376 - data_util.log - INFO - Bucket queue size: 1000, Input queue size: 4000
2021-05-01 22:11:28,437 - data_util.log - INFO - Bucket queue size: 1000, Input queue size: 4000
2021-05-01 22:12:28,497 - data_util.log - INFO - Bucket queue size: 1000, Input queue size: 4000
2021-05-01 22:13:28,557 - data_util.log - INFO - Bucket queue size: 1000, Input queue size: 4000
2021-05-01 22:14:28,618 - data_util.log - INFO - Bucket queue size: 1000, Input queue size: 4000
2021-05-01 22:15:28,678 - data_util.log - INFO - Bucket queue size: 1000, Input queue size: 4000
2021-05-01 22:16:28,738 - data_util.log - INFO - Bucket queue size: 1000, Input queue size: 4000
2021-05-01 22:17:28,799 - data_util.log - INFO - Bucket queue size: 1000, Input queue size: 4000
2021-05-01 22:18:28,859 - data_util.log - INFO - Bucket queue size: 1000, Input queue size: 4000
2021-05-01 22:19:28,919 - data_util.log - INFO - Bucket queue size: 1000, Input queue size: 4000
2021-05-01 22:20:28,979 - data_util.log - INFO - Bucket queue size: 1000, Input queue size: 4000
2021-05-01 22:21:29,040 - data_util.log - INFO - Bucket queue size: 1000, Input queue size: 4000
2021-05-01 22:22:29,100 - data_util.log - INFO - Bucket queue size: 1000, Input queue size: 4000
2021-05-01 22:23:29,160 - data_util.log - INFO - Bucket queue size: 1000, Input queue size: 4000
2021-05-01 22:24:29,221 - data_util.log - INFO - Bucket queue size: 1000, Input queue size: 4000
2021-05-01 22:25:29,281 - data_util.log - INFO - Bucket queue size: 1000, Input queue size: 4000
2021-05-01 22:26:29,341 - data_util.log - INFO - Bucket queue size: 1000, Input queue size: 4000
2021-05-01 22:27:29,402 - data_util.log - INFO - Bucket queue size: 1000, Input queue size: 4000
2021-05-01 22:28:29,462 - data_util.log - INFO - Bucket queue size: 1000, Input queue size: 4000
2021-05-01 22:29:29,522 - data_util.log - INFO - Bucket queue size: 1000, Input queue size: 4000
2021-05-01 22:30:29,582 - data_util.log - INFO - Bucket queue size: 1000, Input queue size: 4000
2021-05-01 22:31:29,643 - data_util.log - INFO - Bucket queue size: 1000, Input queue size: 4000
2021-05-01 22:32:29,703 - data_util.log - INFO - Bucket queue size: 1000, Input queue size: 4000
2021-05-01 22:33:29,763 - data_util.log - INFO - Bucket queue size: 1000, Input queue size: 4000
2021-05-01 22:34:29,824 - data_util.log - INFO - Bucket queue size: 1000, Input queue size: 4000
2021-05-01 22:35:29,884 - data_util.log - INFO - Bucket queue size: 1000, Input queue size: 4000
2021-05-01 22:36:29,944 - data_util.log - INFO - Bucket queue size: 1000, Input queue size: 4000
2021-05-01 22:37:30,005 - data_util.log - INFO - Bucket queue size: 1000, Input queue size: 4000
2021-05-01 22:38:30,065 - data_util.log - INFO - Bucket queue size: 1000, Input queue size: 4000
2021-05-01 22:39:30,125 - data_util.log - INFO - Bucket queue size: 1000, Input queue size: 4000
2021-05-01 22:40:30,186 - data_util.log - INFO - Bucket queue size: 1000, Input queue size: 4000
2021-05-01 22:41:30,246 - data_util.log - INFO - Bucket queue size: 1000, Input queue size: 4000
2021-05-01 22:42:30,306 - data_util.log - INFO - Bucket queue size: 1000, Input queue size: 4000
2021-05-01 22:43:30,366 - data_util.log - INFO - Bucket queue size: 1000, Input queue size: 4000
2021-05-01 22:44:30,427 - data_util.log - INFO - Bucket queue size: 1000, Input queue size: 4000
2021-05-01 22:45:30,487 - data_util.log - INFO - Bucket queue size: 1000, Input queue size: 4000
2021-05-01 22:46:30,547 - data_util.log - INFO - Bucket queue size: 1000, Input queue size: 4000
2021-05-01 22:47:30,563 - data_util.log - INFO - Bucket queue size: 1000, Input queue size: 4000
2021-05-01 22:48:30,567 - data_util.log - INFO - Bucket queue size: 1000, Input queue size: 4000
2021-05-01 22:49:30,627 - data_util.log - INFO - Bucket queue size: 1000, Input queue size: 4000
2021-05-01 22:50:30,688 - data_util.log - INFO - Bucket queue size: 1000, Input queue size: 4000
2021-05-01 22:51:30,748 - data_util.log - INFO - Bucket queue size: 1000, Input queue size: 4000
2021-05-01 22:52:30,808 - data_util.log - INFO - Bucket queue size: 1000, Input queue size: 4000
2021-05-01 22:53:30,869 - data_util.log - INFO - Bucket queue size: 1000, Input queue size: 4000
2021-05-01 22:54:30,929 - data_util.log - INFO - Bucket queue size: 1000, Input queue size: 4000
2021-05-01 22:55:30,989 - data_util.log - INFO - Bucket queue size: 1000, Input queue size: 4000
2021-05-01 22:56:31,050 - data_util.log - INFO - Bucket queue size: 1000, Input queue size: 4000
2021-05-01 22:57:31,110 - data_util.log - INFO - Bucket queue size: 1000, Input queue size: 4000
2021-05-01 22:58:31,170 - data_util.log - INFO - Bucket queue size: 1000, Input queue size: 4000
2021-05-01 22:59:31,230 - data_util.log - INFO - Bucket queue size: 1000, Input queue size: 4000
2021-05-01 23:00:31,291 - data_util.log - INFO - Bucket queue size: 1000, Input queue size: 4000
2021-05-01 23:01:31,351 - data_util.log - INFO - Bucket queue size: 1000, Input queue size: 4000
2021-05-01 23:02:31,411 - data_util.log - INFO - Bucket queue size: 1000, Input queue size: 4000
2021-05-01 23:03:31,472 - data_util.log - INFO - Bucket queue size: 1000, Input queue size: 4000
2021-05-01 23:04:31,532 - data_util.log - INFO - Bucket queue size: 1000, Input queue size: 4000
2021-05-01 23:05:31,592 - data_util.log - INFO - Bucket queue size: 1000, Input queue size: 4000
2021-05-01 23:06:31,653 - data_util.log - INFO - Bucket queue size: 1000, Input queue size: 4000
2021-05-01 23:07:31,713 - data_util.log - INFO - Bucket queue size: 1000, Input queue size: 4000
2021-05-01 23:08:31,759 - data_util.log - INFO - Bucket queue size: 1000, Input queue size: 4000
2021-05-01 23:09:31,819 - data_util.log - INFO - Bucket queue size: 1000, Input queue size: 4000
2021-05-01 23:10:31,880 - data_util.log - INFO - Bucket queue size: 1000, Input queue size: 4000
2021-05-01 23:11:31,940 - data_util.log - INFO - Bucket queue size: 1000, Input queue size: 4000
2021-05-01 23:12:32,000 - data_util.log - INFO - Bucket queue size: 1000, Input queue size: 4000
2021-05-01 23:13:32,060 - data_util.log - INFO - Bucket queue size: 1000, Input queue size: 4000
2021-05-01 23:14:32,121 - data_util.log - INFO - Bucket queue size: 1000, Input queue size: 4000
2021-05-01 23:15:32,181 - data_util.log - INFO - Bucket queue size: 1000, Input queue size: 4000
2021-05-01 23:16:32,241 - data_util.log - INFO - Bucket queue size: 1000, Input queue size: 4000
2021-05-01 23:17:32,302 - data_util.log - INFO - Bucket queue size: 1000, Input queue size: 4000
2021-05-01 23:18:32,362 - data_util.log - INFO - Bucket queue size: 1000, Input queue size: 4000
2021-05-01 23:19:32,422 - data_util.log - INFO - Bucket queue size: 1000, Input queue size: 4000
2021-05-01 23:20:32,483 - data_util.log - INFO - Bucket queue size: 1000, Input queue size: 4000
2021-05-01 23:21:32,543 - data_util.log - INFO - Bucket queue size: 1000, Input queue size: 4000
2021-05-01 23:22:32,603 - data_util.log - INFO - Bucket queue size: 1000, Input queue size: 4000
2021-05-01 23:23:32,664 - data_util.log - INFO - Bucket queue size: 1000, Input queue size: 4000
2021-05-01 23:24:32,724 - data_util.log - INFO - Bucket queue size: 1000, Input queue size: 4000
2021-05-01 23:25:32,784 - data_util.log - INFO - Bucket queue size: 1000, Input queue size: 4000
2021-05-01 23:26:32,845 - data_util.log - INFO - Bucket queue size: 1000, Input queue size: 4000
2021-05-01 23:27:32,905 - data_util.log - INFO - Bucket queue size: 1000, Input queue size: 4000
2021-05-01 23:28:32,965 - data_util.log - INFO - Bucket queue size: 1000, Input queue size: 4000
2021-05-01 23:29:33,026 - data_util.log - INFO - Bucket queue size: 1000, Input queue size: 4000
2021-05-01 23:30:33,086 - data_util.log - INFO - Bucket queue size: 1000, Input queue size: 4000
2021-05-01 23:31:33,146 - data_util.log - INFO - Bucket queue size: 1000, Input queue size: 4000
2021-05-01 23:32:33,207 - data_util.log - INFO - Bucket queue size: 1000, Input queue size: 4000
2021-05-01 23:33:33,267 - data_util.log - INFO - Bucket queue size: 1000, Input queue size: 4000
2021-05-01 23:34:33,327 - data_util.log - INFO - Bucket queue size: 1000, Input queue size: 4000
2021-05-01 23:35:33,387 - data_util.log - INFO - Bucket queue size: 1000, Input queue size: 4000
2021-05-01 23:36:33,448 - data_util.log - INFO - Bucket queue size: 1000, Input queue size: 4000
2021-05-01 23:37:33,508 - data_util.log - INFO - Bucket queue size: 1000, Input queue size: 4000
2021-05-01 23:38:33,568 - data_util.log - INFO - Bucket queue size: 1000, Input queue size: 4000
2021-05-01 23:39:33,629 - data_util.log - INFO - Bucket queue size: 1000, Input queue size: 4000
2021-05-01 23:40:33,689 - data_util.log - INFO - Bucket queue size: 1000, Input queue size: 4000
2021-05-01 23:41:33,749 - data_util.log - INFO - Bucket queue size: 1000, Input queue size: 4000
2021-05-01 23:42:33,810 - data_util.log - INFO - Bucket queue size: 1000, Input queue size: 4000
2021-05-01 23:43:33,870 - data_util.log - INFO - Bucket queue size: 1000, Input queue size: 4000
2021-05-01 23:44:33,930 - data_util.log - INFO - Bucket queue size: 1000, Input queue size: 4000
2021-05-01 23:45:33,991 - data_util.log - INFO - Bucket queue size: 1000, Input queue size: 4000
2021-05-01 23:46:34,051 - data_util.log - INFO - Bucket queue size: 1000, Input queue size: 4000
2021-05-01 23:47:34,111 - data_util.log - INFO - Bucket queue size: 1000, Input queue size: 4000
2021-05-01 23:48:34,172 - data_util.log - INFO - Bucket queue size: 1000, Input queue size: 4000
2021-05-01 23:49:34,232 - data_util.log - INFO - Bucket queue size: 1000, Input queue size: 4000
2021-05-01 23:50:34,292 - data_util.log - INFO - Bucket queue size: 1000, Input queue size: 4000
2021-05-01 23:51:34,352 - data_util.log - INFO - Bucket queue size: 1000, Input queue size: 4000
2021-05-01 23:52:34,413 - data_util.log - INFO - Bucket queue size: 1000, Input queue size: 4000
2021-05-01 23:53:34,473 - data_util.log - INFO - Bucket queue size: 1000, Input queue size: 4000
2021-05-01 23:54:34,533 - data_util.log - INFO - Bucket queue size: 1000, Input queue size: 4000
2021-05-01 23:55:34,563 - data_util.log - INFO - Bucket queue size: 1000, Input queue size: 4000
2021-05-01 23:56:34,567 - data_util.log - INFO - Bucket queue size: 1000, Input queue size: 4000
2021-05-01 23:57:34,627 - data_util.log - INFO - Bucket queue size: 1000, Input queue size: 4000
2021-05-01 23:58:34,688 - data_util.log - INFO - Bucket queue size: 1000, Input queue size: 4000
2021-05-01 23:59:34,748 - data_util.log - INFO - Bucket queue size: 1000, Input queue size: 4000
2021-05-02 00:00:34,808 - data_util.log - INFO - Bucket queue size: 1000, Input queue size: 4000
2021-05-02 00:01:34,869 - data_util.log - INFO - Bucket queue size: 1000, Input queue size: 4000
2021-05-02 00:02:34,929 - data_util.log - INFO - Bucket queue size: 1000, Input queue size: 4000
2021-05-02 00:03:34,989 - data_util.log - INFO - Bucket queue size: 1000, Input queue size: 4000
2021-05-02 00:04:35,049 - data_util.log - INFO - Bucket queue size: 1000, Input queue size: 4000
2021-05-02 00:05:35,110 - data_util.log - INFO - Bucket queue size: 1000, Input queue size: 4000
2021-05-02 00:06:35,170 - data_util.log - INFO - Bucket queue size: 1000, Input queue size: 4000
2021-05-02 00:07:35,230 - data_util.log - INFO - Bucket queue size: 1000, Input queue size: 4000
2021-05-02 00:08:35,291 - data_util.log - INFO - Bucket queue size: 1000, Input queue size: 4000
2021-05-02 00:09:35,351 - data_util.log - INFO - Bucket queue size: 1000, Input queue size: 4000
2021-05-02 00:10:35,411 - data_util.log - INFO - Bucket queue size: 1000, Input queue size: 4000
2021-05-02 00:11:35,472 - data_util.log - INFO - Bucket queue size: 1000, Input queue size: 4000
2021-05-02 00:12:35,532 - data_util.log - INFO - Bucket queue size: 1000, Input queue size: 4000
2021-05-02 00:13:35,592 - data_util.log - INFO - Bucket queue size: 1000, Input queue size: 4000
2021-05-02 00:14:35,653 - data_util.log - INFO - Bucket queue size: 1000, Input queue size: 4000
2021-05-02 00:15:35,713 - data_util.log - INFO - Bucket queue size: 1000, Input queue size: 4000
2021-05-02 00:16:35,773 - data_util.log - INFO - Bucket queue size: 1000, Input queue size: 4000
2021-05-02 00:17:35,834 - data_util.log - INFO - Bucket queue size: 1000, Input queue size: 4000
2021-05-02 00:18:35,894 - data_util.log - INFO - Bucket queue size: 1000, Input queue size: 4000
2021-05-02 00:19:35,954 - data_util.log - INFO - Bucket queue size: 1000, Input queue size: 4000
2021-05-02 00:20:36,014 - data_util.log - INFO - Bucket queue size: 1000, Input queue size: 4000
2021-05-02 00:21:36,075 - data_util.log - INFO - Bucket queue size: 1000, Input queue size: 4000
2021-05-02 00:22:36,135 - data_util.log - INFO - Bucket queue size: 1000, Input queue size: 4000
2021-05-02 00:23:36,195 - data_util.log - INFO - Bucket queue size: 1000, Input queue size: 4000
2021-05-02 00:24:36,256 - data_util.log - INFO - Bucket queue size: 1000, Input queue size: 4000
2021-05-02 00:25:36,316 - data_util.log - INFO - Bucket queue size: 1000, Input queue size: 4000
2021-05-02 00:26:36,376 - data_util.log - INFO - Bucket queue size: 1000, Input queue size: 4000
2021-05-02 00:27:36,437 - data_util.log - INFO - Bucket queue size: 1000, Input queue size: 4000
2021-05-02 00:28:36,497 - data_util.log - INFO - Bucket queue size: 1000, Input queue size: 4000
2021-05-02 00:29:36,557 - data_util.log - INFO - Bucket queue size: 1000, Input queue size: 4000
2021-05-02 00:30:36,618 - data_util.log - INFO - Bucket queue size: 1000, Input queue size: 4000
2021-05-02 00:31:36,678 - data_util.log - INFO - Bucket queue size: 1000, Input queue size: 4000
2021-05-02 00:32:36,738 - data_util.log - INFO - Bucket queue size: 1000, Input queue size: 4000
2021-05-02 00:33:36,799 - data_util.log - INFO - Bucket queue size: 1000, Input queue size: 4000
2021-05-02 00:34:36,859 - data_util.log - INFO - Bucket queue size: 1000, Input queue size: 4000
2021-05-02 00:35:36,919 - data_util.log - INFO - Bucket queue size: 1000, Input queue size: 4000
2021-05-02 00:36:36,979 - data_util.log - INFO - Bucket queue size: 1000, Input queue size: 4000
2021-05-02 00:37:37,040 - data_util.log - INFO - Bucket queue size: 1000, Input queue size: 4000
2021-05-02 00:38:37,100 - data_util.log - INFO - Bucket queue size: 1000, Input queue size: 4000
2021-05-02 00:39:37,160 - data_util.log - INFO - Bucket queue size: 1000, Input queue size: 4000
2021-05-02 00:40:37,221 - data_util.log - INFO - Bucket queue size: 1000, Input queue size: 4000
2021-05-02 00:41:37,281 - data_util.log - INFO - Bucket queue size: 1000, Input queue size: 4000
2021-05-02 00:42:37,341 - data_util.log - INFO - Bucket queue size: 1000, Input queue size: 4000
2021-05-02 00:43:37,402 - data_util.log - INFO - Bucket queue size: 1000, Input queue size: 4000
2021-05-02 00:44:37,462 - data_util.log - INFO - Bucket queue size: 1000, Input queue size: 4000
2021-05-02 00:45:37,522 - data_util.log - INFO - Bucket queue size: 1000, Input queue size: 4000
2021-05-02 00:46:37,583 - data_util.log - INFO - Bucket queue size: 1000, Input queue size: 4000
2021-05-02 00:47:37,643 - data_util.log - INFO - Bucket queue size: 1000, Input queue size: 4000
2021-05-02 00:48:37,703 - data_util.log - INFO - Bucket queue size: 1000, Input queue size: 4000
2021-05-02 00:49:37,763 - data_util.log - INFO - Bucket queue size: 1000, Input queue size: 4000
2021-05-02 00:50:37,824 - data_util.log - INFO - Bucket queue size: 1000, Input queue size: 4000
2021-05-02 00:51:37,884 - data_util.log - INFO - Bucket queue size: 1000, Input queue size: 4000
2021-05-02 00:52:37,944 - data_util.log - INFO - Bucket queue size: 1000, Input queue size: 4000
2021-05-02 00:53:38,005 - data_util.log - INFO - Bucket queue size: 1000, Input queue size: 4000
2021-05-02 00:54:38,065 - data_util.log - INFO - Bucket queue size: 1000, Input queue size: 4000
2021-05-02 00:55:38,125 - data_util.log - INFO - Bucket queue size: 1000, Input queue size: 4000
2021-05-02 00:56:38,186 - data_util.log - INFO - Bucket queue size: 1000, Input queue size: 4000
2021-05-02 00:57:38,246 - data_util.log - INFO - Bucket queue size: 1000, Input queue size: 4000
2021-05-02 00:58:38,306 - data_util.log - INFO - Bucket queue size: 1000, Input queue size: 4000
2021-05-02 00:59:38,367 - data_util.log - INFO - Bucket queue size: 1000, Input queue size: 4000
2021-05-02 01:00:38,427 - data_util.log - INFO - Bucket queue size: 1000, Input queue size: 4000
2021-05-02 01:01:38,487 - data_util.log - INFO - Bucket queue size: 1000, Input queue size: 4000
2021-05-02 01:02:38,548 - data_util.log - INFO - Bucket queue size: 1000, Input queue size: 4000
2021-05-02 01:03:38,563 - data_util.log - INFO - Bucket queue size: 1000, Input queue size: 4000
2021-05-02 01:04:38,567 - data_util.log - INFO - Bucket queue size: 1000, Input queue size: 4000
2021-05-02 01:05:38,627 - data_util.log - INFO - Bucket queue size: 1000, Input queue size: 4000
2021-05-02 01:06:38,688 - data_util.log - INFO - Bucket queue size: 1000, Input queue size: 4000
2021-05-02 01:07:38,748 - data_util.log - INFO - Bucket queue size: 1000, Input queue size: 4000
2021-05-02 01:08:38,808 - data_util.log - INFO - Bucket queue size: 1000, Input queue size: 4000
2021-05-02 01:09:38,869 - data_util.log - INFO - Bucket queue size: 1000, Input queue size: 4000
2021-05-02 01:10:38,929 - data_util.log - INFO - Bucket queue size: 1000, Input queue size: 4000
2021-05-02 01:11:38,989 - data_util.log - INFO - Bucket queue size: 1000, Input queue size: 4000
2021-05-02 01:12:39,049 - data_util.log - INFO - Bucket queue size: 1000, Input queue size: 4000
2021-05-02 01:13:39,110 - data_util.log - INFO - Bucket queue size: 1000, Input queue size: 4000
2021-05-02 01:14:39,170 - data_util.log - INFO - Bucket queue size: 1000, Input queue size: 4000
2021-05-02 01:15:39,230 - data_util.log - INFO - Bucket queue size: 1000, Input queue size: 4000
2021-05-02 01:16:39,291 - data_util.log - INFO - Bucket queue size: 1000, Input queue size: 4000
2021-05-02 01:17:39,351 - data_util.log - INFO - Bucket queue size: 1000, Input queue size: 4000
2021-05-02 01:18:39,411 - data_util.log - INFO - Bucket queue size: 1000, Input queue size: 4000
2021-05-02 01:19:39,472 - data_util.log - INFO - Bucket queue size: 1000, Input queue size: 4000
2021-05-02 01:20:39,532 - data_util.log - INFO - Bucket queue size: 1000, Input queue size: 4000
2021-05-02 01:21:39,592 - data_util.log - INFO - Bucket queue size: 1000, Input queue size: 4000
2021-05-02 01:22:39,653 - data_util.log - INFO - Bucket queue size: 1000, Input queue size: 4000
2021-05-02 01:23:39,713 - data_util.log - INFO - Bucket queue size: 1000, Input queue size: 4000
2021-05-02 01:24:39,773 - data_util.log - INFO - Bucket queue size: 1000, Input queue size: 4000
2021-05-02 01:25:39,834 - data_util.log - INFO - Bucket queue size: 1000, Input queue size: 4000
2021-05-02 01:26:39,894 - data_util.log - INFO - Bucket queue size: 1000, Input queue size: 4000
2021-05-02 01:27:39,954 - data_util.log - INFO - Bucket queue size: 1000, Input queue size: 4000
2021-05-02 01:28:40,015 - data_util.log - INFO - Bucket queue size: 1000, Input queue size: 4000
2021-05-02 01:29:40,075 - data_util.log - INFO - Bucket queue size: 1000, Input queue size: 4000
2021-05-02 01:30:40,135 - data_util.log - INFO - Bucket queue size: 1000, Input queue size: 4000
2021-05-02 01:31:40,195 - data_util.log - INFO - Bucket queue size: 1000, Input queue size: 4000
2021-05-02 01:32:40,256 - data_util.log - INFO - Bucket queue size: 1000, Input queue size: 4000
2021-05-02 01:33:40,316 - data_util.log - INFO - Bucket queue size: 1000, Input queue size: 4000
2021-05-02 01:34:40,376 - data_util.log - INFO - Bucket queue size: 1000, Input queue size: 4000
2021-05-02 01:35:40,437 - data_util.log - INFO - Bucket queue size: 1000, Input queue size: 4000
2021-05-02 01:36:40,497 - data_util.log - INFO - Bucket queue size: 1000, Input queue size: 4000
2021-05-02 01:37:40,557 - data_util.log - INFO - Bucket queue size: 1000, Input queue size: 4000
2021-05-02 01:38:40,618 - data_util.log - INFO - Bucket queue size: 1000, Input queue size: 4000
2021-05-02 01:39:40,678 - data_util.log - INFO - Bucket queue size: 1000, Input queue size: 4000
2021-05-02 01:40:40,738 - data_util.log - INFO - Bucket queue size: 1000, Input queue size: 4000
2021-05-02 01:41:40,799 - data_util.log - INFO - Bucket queue size: 1000, Input queue size: 4000
2021-05-02 01:42:40,859 - data_util.log - INFO - Bucket queue size: 1000, Input queue size: 4000
2021-05-02 01:43:40,919 - data_util.log - INFO - Bucket queue size: 1000, Input queue size: 4000
2021-05-02 01:44:40,979 - data_util.log - INFO - Bucket queue size: 1000, Input queue size: 4000
2021-05-02 01:45:41,040 - data_util.log - INFO - Bucket queue size: 1000, Input queue size: 4000
2021-05-02 01:46:41,100 - data_util.log - INFO - Bucket queue size: 1000, Input queue size: 4000
2021-05-02 01:47:41,160 - data_util.log - INFO - Bucket queue size: 1000, Input queue size: 4000
2021-05-02 01:48:41,221 - data_util.log - INFO - Bucket queue size: 1000, Input queue size: 4000
2021-05-02 01:49:41,281 - data_util.log - INFO - Bucket queue size: 1000, Input queue size: 4000
2021-05-02 01:50:41,341 - data_util.log - INFO - Bucket queue size: 1000, Input queue size: 4000
2021-05-02 01:51:41,402 - data_util.log - INFO - Bucket queue size: 1000, Input queue size: 4000
2021-05-02 01:52:41,462 - data_util.log - INFO - Bucket queue size: 1000, Input queue size: 4000
2021-05-02 01:53:41,522 - data_util.log - INFO - Bucket queue size: 1000, Input queue size: 4000
2021-05-02 01:54:41,583 - data_util.log - INFO - Bucket queue size: 1000, Input queue size: 4000
2021-05-02 01:55:41,643 - data_util.log - INFO - Bucket queue size: 1000, Input queue size: 4000
2021-05-02 01:56:41,703 - data_util.log - INFO - Bucket queue size: 1000, Input queue size: 4000
2021-05-02 01:57:41,763 - data_util.log - INFO - Bucket queue size: 1000, Input queue size: 4000
2021-05-02 01:58:41,824 - data_util.log - INFO - Bucket queue size: 1000, Input queue size: 4000
2021-05-02 01:59:41,884 - data_util.log - INFO - Bucket queue size: 1000, Input queue size: 4000
2021-05-02 02:00:41,944 - data_util.log - INFO - Bucket queue size: 1000, Input queue size: 4000
2021-05-02 02:01:42,005 - data_util.log - INFO - Bucket queue size: 1000, Input queue size: 4000
2021-05-02 02:02:42,065 - data_util.log - INFO - Bucket queue size: 1000, Input queue size: 4000
2021-05-02 02:03:42,125 - data_util.log - INFO - Bucket queue size: 1000, Input queue size: 4000
2021-05-02 02:04:42,186 - data_util.log - INFO - Bucket queue size: 1000, Input queue size: 4000
2021-05-02 02:05:42,246 - data_util.log - INFO - Bucket queue size: 1000, Input queue size: 4000
2021-05-02 02:06:42,306 - data_util.log - INFO - Bucket queue size: 1000, Input queue size: 4000
2021-05-02 02:07:42,367 - data_util.log - INFO - Bucket queue size: 1000, Input queue size: 4000
2021-05-02 02:08:42,427 - data_util.log - INFO - Bucket queue size: 1000, Input queue size: 4000
2021-05-02 02:09:42,487 - data_util.log - INFO - Bucket queue size: 1000, Input queue size: 4000
2021-05-02 02:10:42,547 - data_util.log - INFO - Bucket queue size: 1000, Input queue size: 4000
2021-05-02 02:11:42,563 - data_util.log - INFO - Bucket queue size: 1000, Input queue size: 4000
2021-05-02 02:12:42,567 - data_util.log - INFO - Bucket queue size: 1000, Input queue size: 4000
2021-05-02 02:13:42,627 - data_util.log - INFO - Bucket queue size: 1000, Input queue size: 4000
2021-05-02 02:14:42,688 - data_util.log - INFO - Bucket queue size: 1000, Input queue size: 4000
2021-05-02 02:15:42,748 - data_util.log - INFO - Bucket queue size: 1000, Input queue size: 4000
2021-05-02 02:16:42,808 - data_util.log - INFO - Bucket queue size: 1000, Input queue size: 4000
2021-05-02 02:17:42,869 - data_util.log - INFO - Bucket queue size: 1000, Input queue size: 4000
2021-05-02 02:18:42,929 - data_util.log - INFO - Bucket queue size: 1000, Input queue size: 4000
2021-05-02 02:19:42,989 - data_util.log - INFO - Bucket queue size: 1000, Input queue size: 4000
2021-05-02 02:20:43,050 - data_util.log - INFO - Bucket queue size: 1000, Input queue size: 4000
2021-05-02 02:21:43,110 - data_util.log - INFO - Bucket queue size: 1000, Input queue size: 4000
2021-05-02 02:22:43,170 - data_util.log - INFO - Bucket queue size: 1000, Input queue size: 4000
2021-05-02 02:23:43,231 - data_util.log - INFO - Bucket queue size: 1000, Input queue size: 4000
2021-05-02 02:24:43,291 - data_util.log - INFO - Bucket queue size: 1000, Input queue size: 4000
2021-05-02 02:25:43,351 - data_util.log - INFO - Bucket queue size: 1000, Input queue size: 4000
2021-05-02 02:26:43,412 - data_util.log - INFO - Bucket queue size: 1000, Input queue size: 4000
2021-05-02 02:27:43,472 - data_util.log - INFO - Bucket queue size: 1000, Input queue size: 4000
2021-05-02 02:28:43,532 - data_util.log - INFO - Bucket queue size: 1000, Input queue size: 4000
2021-05-02 02:29:43,592 - data_util.log - INFO - Bucket queue size: 1000, Input queue size: 4000
2021-05-02 02:30:43,653 - data_util.log - INFO - Bucket queue size: 1000, Input queue size: 4000
2021-05-02 02:31:43,713 - data_util.log - INFO - Bucket queue size: 1000, Input queue size: 4000
2021-05-02 02:32:43,773 - data_util.log - INFO - Bucket queue size: 1000, Input queue size: 4000
2021-05-02 02:33:43,834 - data_util.log - INFO - Bucket queue size: 1000, Input queue size: 4000
2021-05-02 02:34:43,894 - data_util.log - INFO - Bucket queue size: 1000, Input queue size: 4000
2021-05-02 02:35:43,954 - data_util.log - INFO - Bucket queue size: 1000, Input queue size: 4000
2021-05-02 02:36:44,015 - data_util.log - INFO - Bucket queue size: 1000, Input queue size: 4000
2021-05-02 02:37:44,075 - data_util.log - INFO - Bucket queue size: 1000, Input queue size: 4000
2021-05-02 02:38:44,135 - data_util.log - INFO - Bucket queue size: 1000, Input queue size: 4000
2021-05-02 02:39:44,196 - data_util.log - INFO - Bucket queue size: 1000, Input queue size: 4000
2021-05-02 02:40:44,256 - data_util.log - INFO - Bucket queue size: 1000, Input queue size: 4000
2021-05-02 02:41:44,316 - data_util.log - INFO - Bucket queue size: 1000, Input queue size: 4000
2021-05-02 02:42:44,377 - data_util.log - INFO - Bucket queue size: 1000, Input queue size: 4000
2021-05-02 02:43:44,437 - data_util.log - INFO - Bucket queue size: 1000, Input queue size: 4000
2021-05-02 02:44:44,497 - data_util.log - INFO - Bucket queue size: 1000, Input queue size: 4000
2021-05-02 02:45:44,557 - data_util.log - INFO - Bucket queue size: 1000, Input queue size: 4000
2021-05-02 02:46:44,618 - data_util.log - INFO - Bucket queue size: 1000, Input queue size: 4000
2021-05-02 02:47:44,678 - data_util.log - INFO - Bucket queue size: 1000, Input queue size: 4000
2021-05-02 02:48:44,738 - data_util.log - INFO - Bucket queue size: 1000, Input queue size: 4000
2021-05-02 02:49:44,799 - data_util.log - INFO - Bucket queue size: 1000, Input queue size: 4000
2021-05-02 02:50:44,859 - data_util.log - INFO - Bucket queue size: 1000, Input queue size: 4000
2021-05-02 02:51:44,919 - data_util.log - INFO - Bucket queue size: 1000, Input queue size: 4000
2021-05-02 02:52:44,980 - data_util.log - INFO - Bucket queue size: 1000, Input queue size: 4000
2021-05-02 02:53:45,040 - data_util.log - INFO - Bucket queue size: 1000, Input queue size: 4000
2021-05-02 02:54:45,100 - data_util.log - INFO - Bucket queue size: 1000, Input queue size: 4000
2021-05-02 02:55:45,161 - data_util.log - INFO - Bucket queue size: 1000, Input queue size: 4000
2021-05-02 02:56:45,221 - data_util.log - INFO - Bucket queue size: 1000, Input queue size: 4000
2021-05-02 02:57:45,281 - data_util.log - INFO - Bucket queue size: 1000, Input queue size: 4000
2021-05-02 02:58:45,341 - data_util.log - INFO - Bucket queue size: 1000, Input queue size: 4000
2021-05-02 02:59:45,402 - data_util.log - INFO - Bucket queue size: 1000, Input queue size: 4000
2021-05-02 03:00:45,462 - data_util.log - INFO - Bucket queue size: 1000, Input queue size: 4000
2021-05-02 03:01:45,522 - data_util.log - INFO - Bucket queue size: 1000, Input queue size: 4000
2021-05-02 03:02:45,583 - data_util.log - INFO - Bucket queue size: 1000, Input queue size: 4000
2021-05-02 03:03:45,643 - data_util.log - INFO - Bucket queue size: 1000, Input queue size: 4000
2021-05-02 03:04:45,703 - data_util.log - INFO - Bucket queue size: 1000, Input queue size: 4000
2021-05-02 03:05:45,764 - data_util.log - INFO - Bucket queue size: 1000, Input queue size: 4000
2021-05-02 03:06:45,824 - data_util.log - INFO - Bucket queue size: 1000, Input queue size: 4000
2021-05-02 03:07:45,884 - data_util.log - INFO - Bucket queue size: 1000, Input queue size: 4000
2021-05-02 03:08:45,945 - data_util.log - INFO - Bucket queue size: 1000, Input queue size: 4000
2021-05-02 03:09:46,005 - data_util.log - INFO - Bucket queue size: 1000, Input queue size: 4000
2021-05-02 03:10:46,065 - data_util.log - INFO - Bucket queue size: 1000, Input queue size: 4000
2021-05-02 03:11:46,126 - data_util.log - INFO - Bucket queue size: 1000, Input queue size: 4000
2021-05-02 03:12:46,186 - data_util.log - INFO - Bucket queue size: 1000, Input queue size: 4000
2021-05-02 03:13:46,246 - data_util.log - INFO - Bucket queue size: 1000, Input queue size: 4000
2021-05-02 03:14:46,307 - data_util.log - INFO - Bucket queue size: 1000, Input queue size: 4000
2021-05-02 03:15:46,367 - data_util.log - INFO - Bucket queue size: 1000, Input queue size: 4000
2021-05-02 03:16:46,427 - data_util.log - INFO - Bucket queue size: 1000, Input queue size: 4000
2021-05-02 03:17:46,488 - data_util.log - INFO - Bucket queue size: 1000, Input queue size: 4000
2021-05-02 03:18:46,548 - data_util.log - INFO - Bucket queue size: 1000, Input queue size: 4000
2021-05-02 03:19:46,563 - data_util.log - INFO - Bucket queue size: 1000, Input queue size: 4000
2021-05-02 03:20:46,567 - data_util.log - INFO - Bucket queue size: 1000, Input queue size: 4000
2021-05-02 03:21:46,627 - data_util.log - INFO - Bucket queue size: 1000, Input queue size: 4000
2021-05-02 03:22:46,688 - data_util.log - INFO - Bucket queue size: 1000, Input queue size: 4000
2021-05-02 03:23:46,748 - data_util.log - INFO - Bucket queue size: 1000, Input queue size: 4000
2021-05-02 03:24:46,808 - data_util.log - INFO - Bucket queue size: 1000, Input queue size: 4000
2021-05-02 03:25:46,869 - data_util.log - INFO - Bucket queue size: 1000, Input queue size: 4000
2021-05-02 03:26:46,929 - data_util.log - INFO - Bucket queue size: 1000, Input queue size: 4000
2021-05-02 03:27:46,989 - data_util.log - INFO - Bucket queue size: 1000, Input queue size: 4000
2021-05-02 03:28:47,050 - data_util.log - INFO - Bucket queue size: 1000, Input queue size: 4000
2021-05-02 03:29:47,110 - data_util.log - INFO - Bucket queue size: 1000, Input queue size: 4000
2021-05-02 03:30:47,170 - data_util.log - INFO - Bucket queue size: 1000, Input queue size: 4000
2021-05-02 03:31:47,230 - data_util.log - INFO - Bucket queue size: 1000, Input queue size: 4000
2021-05-02 03:32:47,291 - data_util.log - INFO - Bucket queue size: 1000, Input queue size: 4000
2021-05-02 03:33:47,351 - data_util.log - INFO - Bucket queue size: 1000, Input queue size: 4000
2021-05-02 03:34:47,411 - data_util.log - INFO - Bucket queue size: 1000, Input queue size: 4000
2021-05-02 03:35:47,472 - data_util.log - INFO - Bucket queue size: 1000, Input queue size: 4000
2021-05-02 03:36:47,532 - data_util.log - INFO - Bucket queue size: 1000, Input queue size: 4000
2021-05-02 03:37:47,592 - data_util.log - INFO - Bucket queue size: 1000, Input queue size: 4000
2021-05-02 03:38:47,653 - data_util.log - INFO - Bucket queue size: 1000, Input queue size: 4000
2021-05-02 03:39:47,713 - data_util.log - INFO - Bucket queue size: 1000, Input queue size: 4000
2021-05-02 03:40:47,773 - data_util.log - INFO - Bucket queue size: 1000, Input queue size: 4000
2021-05-02 03:41:47,834 - data_util.log - INFO - Bucket queue size: 1000, Input queue size: 4000
2021-05-02 03:42:47,894 - data_util.log - INFO - Bucket queue size: 1000, Input queue size: 4000
2021-05-02 03:43:47,954 - data_util.log - INFO - Bucket queue size: 1000, Input queue size: 4000
2021-05-02 03:44:48,015 - data_util.log - INFO - Bucket queue size: 1000, Input queue size: 4000
2021-05-02 03:45:48,075 - data_util.log - INFO - Bucket queue size: 1000, Input queue size: 4000
2021-05-02 03:46:48,135 - data_util.log - INFO - Bucket queue size: 1000, Input queue size: 4000
2021-05-02 03:47:48,195 - data_util.log - INFO - Bucket queue size: 1000, Input queue size: 4000
2021-05-02 03:48:48,256 - data_util.log - INFO - Bucket queue size: 1000, Input queue size: 4000
2021-05-02 03:49:48,316 - data_util.log - INFO - Bucket queue size: 1000, Input queue size: 4000
2021-05-02 03:50:48,376 - data_util.log - INFO - Bucket queue size: 1000, Input queue size: 4000
2021-05-02 03:51:48,437 - data_util.log - INFO - Bucket queue size: 1000, Input queue size: 4000
2021-05-02 03:52:48,497 - data_util.log - INFO - Bucket queue size: 1000, Input queue size: 4000
2021-05-02 03:53:48,557 - data_util.log - INFO - Bucket queue size: 1000, Input queue size: 4000
2021-05-02 03:54:48,618 - data_util.log - INFO - Bucket queue size: 1000, Input queue size: 4000
2021-05-02 03:55:48,678 - data_util.log - INFO - Bucket queue size: 1000, Input queue size: 4000
2021-05-02 03:56:48,738 - data_util.log - INFO - Bucket queue size: 1000, Input queue size: 4000
2021-05-02 03:57:48,799 - data_util.log - INFO - Bucket queue size: 1000, Input queue size: 4000
2021-05-02 03:58:48,859 - data_util.log - INFO - Bucket queue size: 1000, Input queue size: 4000
2021-05-02 03:59:48,919 - data_util.log - INFO - Bucket queue size: 1000, Input queue size: 4000
2021-05-02 04:00:48,980 - data_util.log - INFO - Bucket queue size: 1000, Input queue size: 4000
2021-05-02 04:01:49,040 - data_util.log - INFO - Bucket queue size: 1000, Input queue size: 4000
2021-05-02 04:02:49,100 - data_util.log - INFO - Bucket queue size: 1000, Input queue size: 4000
2021-05-02 04:03:49,160 - data_util.log - INFO - Bucket queue size: 1000, Input queue size: 4000
2021-05-02 04:04:49,221 - data_util.log - INFO - Bucket queue size: 1000, Input queue size: 4000
2021-05-02 04:05:49,281 - data_util.log - INFO - Bucket queue size: 1000, Input queue size: 4000
2021-05-02 04:06:49,341 - data_util.log - INFO - Bucket queue size: 1000, Input queue size: 4000
2021-05-02 04:07:49,402 - data_util.log - INFO - Bucket queue size: 1000, Input queue size: 4000
2021-05-02 04:08:49,462 - data_util.log - INFO - Bucket queue size: 1000, Input queue size: 4000
2021-05-02 04:09:49,522 - data_util.log - INFO - Bucket queue size: 1000, Input queue size: 4000
2021-05-02 04:10:49,583 - data_util.log - INFO - Bucket queue size: 1000, Input queue size: 4000
2021-05-02 04:11:49,643 - data_util.log - INFO - Bucket queue size: 1000, Input queue size: 4000
2021-05-02 04:12:49,703 - data_util.log - INFO - Bucket queue size: 1000, Input queue size: 4000
2021-05-02 04:13:49,764 - data_util.log - INFO - Bucket queue size: 1000, Input queue size: 4000
2021-05-02 04:14:49,824 - data_util.log - INFO - Bucket queue size: 1000, Input queue size: 4000
2021-05-02 04:15:49,884 - data_util.log - INFO - Bucket queue size: 1000, Input queue size: 4000
2021-05-02 04:16:49,944 - data_util.log - INFO - Bucket queue size: 1000, Input queue size: 4000
2021-05-02 04:17:50,005 - data_util.log - INFO - Bucket queue size: 1000, Input queue size: 4000
2021-05-02 04:18:50,065 - data_util.log - INFO - Bucket queue size: 1000, Input queue size: 4000
2021-05-02 04:19:50,125 - data_util.log - INFO - Bucket queue size: 1000, Input queue size: 4000
2021-05-02 04:20:50,186 - data_util.log - INFO - Bucket queue size: 1000, Input queue size: 4000
2021-05-02 04:21:50,246 - data_util.log - INFO - Bucket queue size: 1000, Input queue size: 4000
2021-05-02 04:22:50,306 - data_util.log - INFO - Bucket queue size: 1000, Input queue size: 4000
2021-05-02 04:23:50,367 - data_util.log - INFO - Bucket queue size: 1000, Input queue size: 4000
2021-05-02 04:24:50,427 - data_util.log - INFO - Bucket queue size: 1000, Input queue size: 4000
2021-05-02 04:25:50,487 - data_util.log - INFO - Bucket queue size: 1000, Input queue size: 4000
2021-05-02 04:26:50,548 - data_util.log - INFO - Bucket queue size: 1000, Input queue size: 4000
2021-05-02 04:27:50,563 - data_util.log - INFO - Bucket queue size: 1000, Input queue size: 4000
2021-05-02 04:28:50,567 - data_util.log - INFO - Bucket queue size: 1000, Input queue size: 4000
2021-05-02 04:29:50,627 - data_util.log - INFO - Bucket queue size: 1000, Input queue size: 4000
2021-05-02 04:30:50,688 - data_util.log - INFO - Bucket queue size: 1000, Input queue size: 4000
2021-05-02 04:31:50,748 - data_util.log - INFO - Bucket queue size: 1000, Input queue size: 4000
2021-05-02 04:32:50,808 - data_util.log - INFO - Bucket queue size: 1000, Input queue size: 4000
2021-05-02 04:33:50,869 - data_util.log - INFO - Bucket queue size: 1000, Input queue size: 4000
2021-05-02 04:34:50,929 - data_util.log - INFO - Bucket queue size: 1000, Input queue size: 4000
2021-05-02 04:35:50,989 - data_util.log - INFO - Bucket queue size: 1000, Input queue size: 4000
2021-05-02 04:36:51,050 - data_util.log - INFO - Bucket queue size: 1000, Input queue size: 4000
2021-05-02 04:37:51,110 - data_util.log - INFO - Bucket queue size: 1000, Input queue size: 4000
2021-05-02 04:38:51,170 - data_util.log - INFO - Bucket queue size: 1000, Input queue size: 4000
2021-05-02 04:39:51,230 - data_util.log - INFO - Bucket queue size: 1000, Input queue size: 4000
2021-05-02 04:40:51,291 - data_util.log - INFO - Bucket queue size: 1000, Input queue size: 4000
2021-05-02 04:41:51,351 - data_util.log - INFO - Bucket queue size: 1000, Input queue size: 4000
2021-05-02 04:42:51,411 - data_util.log - INFO - Bucket queue size: 1000, Input queue size: 4000
2021-05-02 04:43:51,472 - data_util.log - INFO - Bucket queue size: 1000, Input queue size: 4000
2021-05-02 04:44:51,532 - data_util.log - INFO - Bucket queue size: 1000, Input queue size: 4000
2021-05-02 04:45:51,592 - data_util.log - INFO - Bucket queue size: 1000, Input queue size: 4000
2021-05-02 04:46:51,653 - data_util.log - INFO - Bucket queue size: 1000, Input queue size: 4000
2021-05-02 04:47:51,713 - data_util.log - INFO - Bucket queue size: 1000, Input queue size: 4000
2021-05-02 04:48:51,773 - data_util.log - INFO - Bucket queue size: 1000, Input queue size: 4000
2021-05-02 04:49:51,834 - data_util.log - INFO - Bucket queue size: 1000, Input queue size: 4000
2021-05-02 04:50:51,894 - data_util.log - INFO - Bucket queue size: 1000, Input queue size: 4000
2021-05-02 04:51:51,954 - data_util.log - INFO - Bucket queue size: 1000, Input queue size: 4000
2021-05-02 04:52:52,015 - data_util.log - INFO - Bucket queue size: 1000, Input queue size: 4000
2021-05-02 04:53:52,075 - data_util.log - INFO - Bucket queue size: 1000, Input queue size: 4000
2021-05-02 04:54:52,135 - data_util.log - INFO - Bucket queue size: 1000, Input queue size: 4000
2021-05-02 04:55:52,195 - data_util.log - INFO - Bucket queue size: 1000, Input queue size: 4000
2021-05-02 04:56:52,256 - data_util.log - INFO - Bucket queue size: 1000, Input queue size: 4000
2021-05-02 04:57:52,316 - data_util.log - INFO - Bucket queue size: 1000, Input queue size: 4000
2021-05-02 04:58:52,376 - data_util.log - INFO - Bucket queue size: 1000, Input queue size: 4000
2021-05-02 04:59:52,437 - data_util.log - INFO - Bucket queue size: 1000, Input queue size: 4000
2021-05-02 05:00:52,497 - data_util.log - INFO - Bucket queue size: 1000, Input queue size: 4000
2021-05-02 05:01:52,557 - data_util.log - INFO - Bucket queue size: 1000, Input queue size: 4000
2021-05-02 05:02:52,618 - data_util.log - INFO - Bucket queue size: 1000, Input queue size: 4000
2021-05-02 05:03:52,678 - data_util.log - INFO - Bucket queue size: 1000, Input queue size: 4000
2021-05-02 05:04:52,738 - data_util.log - INFO - Bucket queue size: 1000, Input queue size: 4000
2021-05-02 05:05:52,799 - data_util.log - INFO - Bucket queue size: 1000, Input queue size: 4000
2021-05-02 05:06:52,859 - data_util.log - INFO - Bucket queue size: 1000, Input queue size: 4000
2021-05-02 05:07:52,919 - data_util.log - INFO - Bucket queue size: 1000, Input queue size: 4000
2021-05-02 05:08:52,979 - data_util.log - INFO - Bucket queue size: 1000, Input queue size: 4000
2021-05-02 05:09:53,040 - data_util.log - INFO - Bucket queue size: 1000, Input queue size: 4000
2021-05-02 05:10:53,100 - data_util.log - INFO - Bucket queue size: 1000, Input queue size: 4000
2021-05-02 05:11:53,160 - data_util.log - INFO - Bucket queue size: 1000, Input queue size: 4000
2021-05-02 05:12:53,221 - data_util.log - INFO - Bucket queue size: 1000, Input queue size: 4000
2021-05-02 05:13:53,281 - data_util.log - INFO - Bucket queue size: 1000, Input queue size: 4000
2021-05-02 05:14:53,341 - data_util.log - INFO - Bucket queue size: 1000, Input queue size: 4000
2021-05-02 05:15:53,402 - data_util.log - INFO - Bucket queue size: 1000, Input queue size: 4000
2021-05-02 05:16:53,462 - data_util.log - INFO - Bucket queue size: 1000, Input queue size: 4000
2021-05-02 05:17:53,522 - data_util.log - INFO - Bucket queue size: 1000, Input queue size: 4000
2021-05-02 05:18:53,583 - data_util.log - INFO - Bucket queue size: 1000, Input queue size: 4000
2021-05-02 05:19:53,643 - data_util.log - INFO - Bucket queue size: 1000, Input queue size: 4000
2021-05-02 05:20:53,703 - data_util.log - INFO - Bucket queue size: 1000, Input queue size: 4000
2021-05-02 05:21:53,764 - data_util.log - INFO - Bucket queue size: 1000, Input queue size: 4000
2021-05-02 05:22:53,824 - data_util.log - INFO - Bucket queue size: 1000, Input queue size: 4000
2021-05-02 05:23:53,884 - data_util.log - INFO - Bucket queue size: 1000, Input queue size: 4000
2021-05-02 05:24:53,931 - data_util.log - INFO - Bucket queue size: 1000, Input queue size: 4000
2021-05-02 05:25:53,991 - data_util.log - INFO - Bucket queue size: 1000, Input queue size: 4000
2021-05-02 05:26:54,052 - data_util.log - INFO - Bucket queue size: 1000, Input queue size: 4000
2021-05-02 05:27:54,112 - data_util.log - INFO - Bucket queue size: 1000, Input queue size: 4000
2021-05-02 05:28:54,172 - data_util.log - INFO - Bucket queue size: 1000, Input queue size: 4000
2021-05-02 05:29:54,232 - data_util.log - INFO - Bucket queue size: 1000, Input queue size: 4000
2021-05-02 05:30:54,293 - data_util.log - INFO - Bucket queue size: 1000, Input queue size: 4000
2021-05-02 05:31:54,353 - data_util.log - INFO - Bucket queue size: 1000, Input queue size: 4000
2021-05-02 05:32:54,413 - data_util.log - INFO - Bucket queue size: 1000, Input queue size: 4000
2021-05-02 05:33:54,474 - data_util.log - INFO - Bucket queue size: 1000, Input queue size: 4000
2021-05-02 05:34:54,534 - data_util.log - INFO - Bucket queue size: 1000, Input queue size: 4000
2021-05-02 05:35:54,563 - data_util.log - INFO - Bucket queue size: 1000, Input queue size: 4000
2021-05-02 05:36:54,567 - data_util.log - INFO - Bucket queue size: 1000, Input queue size: 4000
2021-05-02 05:37:54,627 - data_util.log - INFO - Bucket queue size: 1000, Input queue size: 4000
2021-05-02 05:38:54,688 - data_util.log - INFO - Bucket queue size: 1000, Input queue size: 4000
2021-05-02 05:39:54,748 - data_util.log - INFO - Bucket queue size: 1000, Input queue size: 4000
2021-05-02 05:40:54,808 - data_util.log - INFO - Bucket queue size: 1000, Input queue size: 4000
2021-05-02 05:41:54,869 - data_util.log - INFO - Bucket queue size: 1000, Input queue size: 4000
2021-05-02 05:42:54,929 - data_util.log - INFO - Bucket queue size: 1000, Input queue size: 4000
2021-05-02 05:43:54,989 - data_util.log - INFO - Bucket queue size: 1000, Input queue size: 4000
2021-05-02 05:44:55,049 - data_util.log - INFO - Bucket queue size: 1000, Input queue size: 4000
2021-05-02 05:45:55,110 - data_util.log - INFO - Bucket queue size: 1000, Input queue size: 4000
2021-05-02 05:46:55,170 - data_util.log - INFO - Bucket queue size: 1000, Input queue size: 4000
2021-05-02 05:47:55,230 - data_util.log - INFO - Bucket queue size: 1000, Input queue size: 4000
2021-05-02 05:48:55,291 - data_util.log - INFO - Bucket queue size: 1000, Input queue size: 4000
2021-05-02 05:49:55,351 - data_util.log - INFO - Bucket queue size: 1000, Input queue size: 4000
2021-05-02 05:50:55,411 - data_util.log - INFO - Bucket queue size: 1000, Input queue size: 4000
2021-05-02 05:51:55,472 - data_util.log - INFO - Bucket queue size: 1000, Input queue size: 4000
2021-05-02 05:52:55,532 - data_util.log - INFO - Bucket queue size: 1000, Input queue size: 4000
2021-05-02 05:53:55,592 - data_util.log - INFO - Bucket queue size: 1000, Input queue size: 4000
2021-05-02 05:54:55,653 - data_util.log - INFO - Bucket queue size: 1000, Input queue size: 4000
2021-05-02 05:55:55,713 - data_util.log - INFO - Bucket queue size: 1000, Input queue size: 4000
2021-05-02 05:56:55,773 - data_util.log - INFO - Bucket queue size: 1000, Input queue size: 4000
2021-05-02 05:57:55,834 - data_util.log - INFO - Bucket queue size: 1000, Input queue size: 4000
2021-05-02 05:58:55,894 - data_util.log - INFO - Bucket queue size: 1000, Input queue size: 4000
2021-05-02 05:59:55,954 - data_util.log - INFO - Bucket queue size: 1000, Input queue size: 4000
2021-05-02 06:00:56,014 - data_util.log - INFO - Bucket queue size: 1000, Input queue size: 4000
2021-05-02 06:01:56,075 - data_util.log - INFO - Bucket queue size: 1000, Input queue size: 4000
2021-05-02 06:02:56,135 - data_util.log - INFO - Bucket queue size: 1000, Input queue size: 4000
2021-05-02 06:03:56,195 - data_util.log - INFO - Bucket queue size: 1000, Input queue size: 4000
2021-05-02 06:04:56,256 - data_util.log - INFO - Bucket queue size: 1000, Input queue size: 4000
2021-05-02 06:05:56,316 - data_util.log - INFO - Bucket queue size: 1000, Input queue size: 4000
2021-05-02 06:06:56,376 - data_util.log - INFO - Bucket queue size: 1000, Input queue size: 4000
2021-05-02 06:07:56,437 - data_util.log - INFO - Bucket queue size: 1000, Input queue size: 4000
2021-05-02 06:08:56,497 - data_util.log - INFO - Bucket queue size: 1000, Input queue size: 4000
2021-05-02 06:09:56,557 - data_util.log - INFO - Bucket queue size: 1000, Input queue size: 4000
2021-05-02 06:10:56,618 - data_util.log - INFO - Bucket queue size: 1000, Input queue size: 4000
2021-05-02 06:11:56,678 - data_util.log - INFO - Bucket queue size: 1000, Input queue size: 4000
2021-05-02 06:12:56,683 - data_util.log - INFO - Bucket queue size: 1000, Input queue size: 4000
2021-05-02 06:13:56,743 - data_util.log - INFO - Bucket queue size: 1000, Input queue size: 4000
2021-05-02 06:14:56,804 - data_util.log - INFO - Bucket queue size: 1000, Input queue size: 4000
2021-05-02 06:15:56,864 - data_util.log - INFO - Bucket queue size: 1000, Input queue size: 4000
2021-05-02 06:16:56,924 - data_util.log - INFO - Bucket queue size: 1000, Input queue size: 4000
2021-05-02 06:17:56,984 - data_util.log - INFO - Bucket queue size: 1000, Input queue size: 4000
2021-05-02 06:18:57,045 - data_util.log - INFO - Bucket queue size: 1000, Input queue size: 4000
2021-05-02 06:19:57,105 - data_util.log - INFO - Bucket queue size: 1000, Input queue size: 4000
2021-05-02 06:20:57,165 - data_util.log - INFO - Bucket queue size: 1000, Input queue size: 4000
2021-05-02 06:21:57,226 - data_util.log - INFO - Bucket queue size: 1000, Input queue size: 4000
2021-05-02 06:22:57,286 - data_util.log - INFO - Bucket queue size: 1000, Input queue size: 4000
2021-05-02 06:23:57,346 - data_util.log - INFO - Bucket queue size: 1000, Input queue size: 4000
2021-05-02 06:24:57,407 - data_util.log - INFO - Bucket queue size: 1000, Input queue size: 4000
2021-05-02 06:25:57,467 - data_util.log - INFO - Bucket queue size: 1000, Input queue size: 4000
2021-05-02 06:26:57,527 - data_util.log - INFO - Bucket queue size: 1000, Input queue size: 4000
2021-05-02 06:27:57,588 - data_util.log - INFO - Bucket queue size: 1000, Input queue size: 4000
2021-05-02 06:28:57,648 - data_util.log - INFO - Bucket queue size: 1000, Input queue size: 4000
2021-05-02 06:29:57,708 - data_util.log - INFO - Bucket queue size: 1000, Input queue size: 4000
2021-05-02 06:30:57,769 - data_util.log - INFO - Bucket queue size: 1000, Input queue size: 4000
2021-05-02 06:31:57,829 - data_util.log - INFO - Bucket queue size: 1000, Input queue size: 4000
2021-05-02 06:32:57,889 - data_util.log - INFO - Bucket queue size: 1000, Input queue size: 4000
2021-05-02 06:33:57,931 - data_util.log - INFO - Bucket queue size: 1000, Input queue size: 4000
2021-05-02 06:34:57,991 - data_util.log - INFO - Bucket queue size: 1000, Input queue size: 4000
2021-05-02 06:35:58,052 - data_util.log - INFO - Bucket queue size: 1000, Input queue size: 4000
2021-05-02 06:36:58,112 - data_util.log - INFO - Bucket queue size: 1000, Input queue size: 4000
2021-05-02 06:37:58,172 - data_util.log - INFO - Bucket queue size: 1000, Input queue size: 4000
2021-05-02 06:38:58,232 - data_util.log - INFO - Bucket queue size: 1000, Input queue size: 4000
2021-05-02 06:39:58,293 - data_util.log - INFO - Bucket queue size: 1000, Input queue size: 4000
2021-05-02 06:40:58,353 - data_util.log - INFO - Bucket queue size: 1000, Input queue size: 4000
